<?xml version="1.0" encoding="UTF-8"?>
<testsuite xmlns:xsi="http://www.w3.org/2001/XMLSchema-instance" xsi:noNamespaceSchemaLocation="https://maven.apache.org/surefire/maven-surefire-plugin/xsd/surefire-test-report-3.0.xsd" version="3.0" name="org.mio.progettoingsoft.advCards.sealed.SldSlaversTest" time="0.008" tests="3" errors="0" skipped="0" failures="0">
  <properties>
[...]
</properties>
  <testcase name="should_do_first_iteration" classname="org.mio.progettoingsoft.advCards.sealed.SldSlaversTest" time="0.003">
    <system-out><![CDATA[&amp#27;[90m[2025-06-27 13:02:50] [main] [DEBUG] [GameController] Chiamato registerListener&amp#27;[0m
&amp#27;[34m[2025-06-27 13:02:50] [main] [INFO] [Game] Game 1 started&amp#27;[0m
&amp#27;[90m[2025-06-27 13:02:50] [main] [DEBUG] [Hourglass] Hourglass started : 0&amp#27;[0m
&amp#27;[90m[2025-06-27 13:02:50] [main] [DEBUG] [Hourglass] Hourglass started. Timer 1 is running&amp#27;[0m
&amp#27;[90m[2025-06-27 13:02:50] [main] [DEBUG] [ServerController] andrea assigned to ship BLUE&amp#27;[0m
&amp#27;[90m[2025-06-27 13:02:50] [main] [DEBUG] [ServerController] antonio assigned to ship YELLOW&amp#27;[0m
&amp#27;[90m[2025-06-27 13:02:50] [main] [DEBUG] [ServerController] lollo assigned to ship RED&amp#27;[0m
&amp#27;[90m[2025-06-27 13:02:50] [main] [DEBUG] [ServerController] antonio draws card Slavers&amp#27;[0m
&amp#27;[35m╔&amp#27;[0m&amp#27;[35m═&amp#27;[0m&amp#27;[35m═&amp#27;[0m&amp#27;[35m═&amp#27;[0m&amp#27;[35m═&amp#27;[0m&amp#27;[35m═&amp#27;[0m&amp#27;[35m═&amp#27;[0m&amp#27;[35m═&amp#27;[0m&amp#27;[35m═&amp#27;[0m&amp#27;[35m═&amp#27;[0m&amp#27;[35m═&amp#27;[0m&amp#27;[35m═&amp#27;[0m&amp#27;[35m═&amp#27;[0m&amp#27;[35m═&amp#27;[0m&amp#27;[35m═&amp#27;[0m&amp#27;[35m═&amp#27;[0m&amp#27;[35m═&amp#27;[0m&amp#27;[35m═&amp#27;[0m&amp#27;[35m═&amp#27;[0m&amp#27;[35m═&amp#27;[0m&amp#27;[35m═&amp#27;[0m&amp#27;[35m═&amp#27;[0m&amp#27;[35m═&amp#27;[0m&amp#27;[35m═&amp#27;[0m&amp#27;[35m═&amp#27;[0m&amp#27;[35m═&amp#27;[0m&amp#27;[35m═&amp#27;[0m&amp#27;[35m═&amp#27;[0m&amp#27;[35m═&amp#27;[0m&amp#27;[35m╗&amp#27;[0m
&amp#27;[35m║&amp#27;[0m&amp#27;[35m &amp#27;[0m&amp#27;[35m &amp#27;[0m&amp#27;[35m &amp#27;[0m&amp#27;[35m &amp#27;[0m&amp#27;[35m &amp#27;[0m&amp#27;[35m &amp#27;[0m&amp#27;[35m &amp#27;[0m&amp#27;[35m &amp#27;[0m&amp#27;[35m &amp#27;[0m&amp#27;[35m &amp#27;[0m&amp#27;[35mS&amp#27;[0m&amp#27;[35ml&amp#27;[0m&amp#27;[35ma&amp#27;[0m&amp#27;[35mv&amp#27;[0m&amp#27;[35me&amp#27;[0m&amp#27;[35mr&amp#27;[0m&amp#27;[35ms&amp#27;[0m&amp#27;[35m &amp#27;[0m&amp#27;[35m &amp#27;[0m&amp#27;[35m &amp#27;[0m&amp#27;[35m &amp#27;[0m&amp#27;[35m &amp#27;[0m&amp#27;[35m &amp#27;[0m&amp#27;[35m &amp#27;[0m&amp#27;[35m &amp#27;[0m&amp#27;[35m &amp#27;[0m&amp#27;[35m &amp#27;[0m&amp#27;[35m &amp#27;[0m&amp#27;[35m║&amp#27;[0m
&amp#27;[35m║&amp#27;[0m&amp#27;[35m═&amp#27;[0m&amp#27;[35m═&amp#27;[0m&amp#27;[35m═&amp#27;[0m&amp#27;[35m═&amp#27;[0m&amp#27;[35m═&amp#27;[0m&amp#27;[35m═&amp#27;[0m&amp#27;[35m═&amp#27;[0m&amp#27;[35m═&amp#27;[0m&amp#27;[35m═&amp#27;[0m&amp#27;[35m═&amp#27;[0m&amp#27;[35m═&amp#27;[0m&amp#27;[35m═&amp#27;[0m&amp#27;[35m═&amp#27;[0m&amp#27;[35m═&amp#27;[0m&amp#27;[35m═&amp#27;[0m&amp#27;[35m═&amp#27;[0m&amp#27;[35m═&amp#27;[0m&amp#27;[35m═&amp#27;[0m&amp#27;[35m═&amp#27;[0m&amp#27;[35m═&amp#27;[0m&amp#27;[35m═&amp#27;[0m&amp#27;[35m═&amp#27;[0m&amp#27;[35m═&amp#27;[0m&amp#27;[35m═&amp#27;[0m&amp#27;[35m═&amp#27;[0m&amp#27;[35m═&amp#27;[0m&amp#27;[35m═&amp#27;[0m&amp#27;[35m═&amp#27;[0m&amp#27;[35m║&amp#27;[0m
&amp#27;[35m║&amp#27;[0m&amp#27;[35m &amp#27;[0m&amp#27;[35m &amp#27;[0m&amp#27;[35m &amp#27;[0m&amp#27;[35m &amp#27;[0m&amp#27;[35m &amp#27;[0m&amp#27;[35m &amp#27;[0m&amp#27;[35m &amp#27;[0m&amp#27;[35m &amp#27;[0m&amp#27;[35m &amp#27;[0m&amp#27;[35m &amp#27;[0m&amp#27;[35m &amp#27;[0m&amp#27;[35m &amp#27;[0m&amp#27;[35m &amp#27;[0m&amp#27;[35m &amp#27;[0m&amp#27;[35m &amp#27;[0m&amp#27;[35m &amp#27;[0m&amp#27;[35m &amp#27;[0m&amp#27;[35m &amp#27;[0m&amp#27;[35m &amp#27;[0m&amp#27;[35m &amp#27;[0m&amp#27;[35m &amp#27;[0m&amp#27;[35m &amp#27;[0m&amp#27;[35m &amp#27;[0m&amp#27;[35m &amp#27;[0m&amp#27;[35m &amp#27;[0m&amp#27;[35m &amp#27;[0m&amp#27;[35m &amp#27;[0m&amp#27;[35m &amp#27;[0m&amp#27;[35m║&amp#27;[0m
&amp#27;[35m║&amp#27;[0m&amp#27;[35m &amp#27;[0m&amp#27;[35mf&amp#27;[0m&amp#27;[35mi&amp#27;[0m&amp#27;[35mr&amp#27;[0m&amp#27;[35me&amp#27;[0m&amp#27;[35m &amp#27;[0m&amp#27;[35mp&amp#27;[0m&amp#27;[35mo&amp#27;[0m&amp#27;[35mw&amp#27;[0m&amp#27;[35me&amp#27;[0m&amp#27;[35mr&amp#27;[0m&amp#27;[35m:&amp#27;[0m&amp#27;[35m &amp#27;[0m&amp#27;[35m7&amp#27;[0m&amp#27;[35m &amp#27;[0m&amp#27;[35m &amp#27;[0m&amp#27;[35m &amp#27;[0m&amp#27;[35m &amp#27;[0m&amp#27;[35m &amp#27;[0m&amp#27;[35m &amp#27;[0m&amp#27;[35m &amp#27;[0m&amp#27;[35m &amp#27;[0m&amp#27;[35m &amp#27;[0m&amp#27;[35m &amp#27;[0m&amp#27;[35m &amp#27;[0m&amp#27;[35m &amp#27;[0m&amp#27;[35m &amp#27;[0m&amp#27;[35m &amp#27;[0m&amp#27;[35m║&amp#27;[0m
&amp#27;[35m║&amp#27;[0m&amp#27;[35m &amp#27;[0m&amp#27;[35m &amp#27;[0m&amp#27;[35m &amp#27;[0m&amp#27;[35m &amp#27;[0m&amp#27;[35m &amp#27;[0m&amp#27;[35m &amp#27;[0m&amp#27;[35m &amp#27;[0m&amp#27;[35m &amp#27;[0m&amp#27;[35m &amp#27;[0m&amp#27;[35m &amp#27;[0m&amp#27;[35m &amp#27;[0m&amp#27;[35m &amp#27;[0m&amp#27;[35m &amp#27;[0m&amp#27;[35m &amp#27;[0m&amp#27;[35m &amp#27;[0m&amp#27;[35m &amp#27;[0m&amp#27;[35m &amp#27;[0m&amp#27;[35m &amp#27;[0m&amp#27;[35m &amp#27;[0m&amp#27;[35m &amp#27;[0m&amp#27;[35m &amp#27;[0m&amp#27;[35m &amp#27;[0m&amp#27;[35m &amp#27;[0m&amp#27;[35m &amp#27;[0m&amp#27;[35m &amp#27;[0m&amp#27;[35m &amp#27;[0m&amp#27;[35m &amp#27;[0m&amp#27;[35m &amp#27;[0m&amp#27;[35m║&amp#27;[0m
&amp#27;[35m║&amp#27;[0m&amp#27;[35m &amp#27;[0m&amp#27;[35ml&amp#27;[0m&amp#27;[35mo&amp#27;[0m&amp#27;[35ms&amp#27;[0m&amp#27;[35me&amp#27;[0m&amp#27;[35m &amp#27;[0m&amp#27;[35mc&amp#27;[0m&amp#27;[35mr&amp#27;[0m&amp#27;[35me&amp#27;[0m&amp#27;[35mw&amp#27;[0m&amp#27;[35m &amp#27;[0m&amp#27;[35mm&amp#27;[0m&amp#27;[35me&amp#27;[0m&amp#27;[35mm&amp#27;[0m&amp#27;[35mb&amp#27;[0m&amp#27;[35me&amp#27;[0m&amp#27;[35mr&amp#27;[0m&amp#27;[35ms&amp#27;[0m&amp#27;[35m:&amp#27;[0m&amp#27;[35m &amp#27;[0m&amp#27;[35m4&amp#27;[0m&amp#27;[35m &amp#27;[0m&amp#27;[35m &amp#27;[0m&amp#27;[35m &amp#27;[0m&amp#27;[35m &amp#27;[0m&amp#27;[35m &amp#27;[0m&amp#27;[35m &amp#27;[0m&amp#27;[35m &amp#27;[0m&amp#27;[35m║&amp#27;[0m
&amp#27;[35m║&amp#27;[0m&amp#27;[35m &amp#27;[0m&amp#27;[35m &amp#27;[0m&amp#27;[35m &amp#27;[0m&amp#27;[35m &amp#27;[0m&amp#27;[35m &amp#27;[0m&amp#27;[35m &amp#27;[0m&amp#27;[35m &amp#27;[0m&amp#27;[35m &amp#27;[0m&amp#27;[35m &amp#27;[0m&amp#27;[35m &amp#27;[0m&amp#27;[35m &amp#27;[0m&amp#27;[35m &amp#27;[0m&amp#27;[35m &amp#27;[0m&amp#27;[35m &amp#27;[0m&amp#27;[35m &amp#27;[0m&amp#27;[35m &amp#27;[0m&amp#27;[35m &amp#27;[0m&amp#27;[35m &amp#27;[0m&amp#27;[35m &amp#27;[0m&amp#27;[35m &amp#27;[0m&amp#27;[35m &amp#27;[0m&amp#27;[35m &amp#27;[0m&amp#27;[35m &amp#27;[0m&amp#27;[35m &amp#27;[0m&amp#27;[35m &amp#27;[0m&amp#27;[35m &amp#27;[0m&amp#27;[35m &amp#27;[0m&amp#27;[35m &amp#27;[0m&amp#27;[35m║&amp#27;[0m
&amp#27;[35m║&amp#27;[0m&amp#27;[35m &amp#27;[0m&amp#27;[35m &amp#27;[0m&amp#27;[35m &amp#27;[0m&amp#27;[35m &amp#27;[0m&amp#27;[35m &amp#27;[0m&amp#27;[35m &amp#27;[0m&amp#27;[35m &amp#27;[0m&amp#27;[35m &amp#27;[0m&amp#27;[35m &amp#27;[0m&amp#27;[35m &amp#27;[0m&amp#27;[35m &amp#27;[0m&amp#27;[35m &amp#27;[0m&amp#27;[35m &amp#27;[0m&amp#27;[35m &amp#27;[0m&amp#27;[35m &amp#27;[0m&amp#27;[35m &amp#27;[0m&amp#27;[35m &amp#27;[0m&amp#27;[35m &amp#27;[0m&amp#27;[35m &amp#27;[0m&amp#27;[35m &amp#27;[0m&amp#27;[35m &amp#27;[0m&amp#27;[35m &amp#27;[0m&amp#27;[35m &amp#27;[0m&amp#27;[35m &amp#27;[0m&amp#27;[35m &amp#27;[0m&amp#27;[35m &amp#27;[0m&amp#27;[35m &amp#27;[0m&amp#27;[35m &amp#27;[0m&amp#27;[35m║&amp#27;[0m
&amp#27;[35m║&amp#27;[0m&amp#27;[35m &amp#27;[0m&amp#27;[35m &amp#27;[0m&amp#27;[35m &amp#27;[0m&amp#27;[35m &amp#27;[0m&amp#27;[35m &amp#27;[0m&amp#27;[35m &amp#27;[0m&amp#27;[35m &amp#27;[0m&amp#27;[35m &amp#27;[0m&amp#27;[35m &amp#27;[0m&amp#27;[35m &amp#27;[0m&amp#27;[35m &amp#27;[0m&amp#27;[35m &amp#27;[0m&amp#27;[35m &amp#27;[0m&amp#27;[35m &amp#27;[0m&amp#27;[35m &amp#27;[0m&amp#27;[35m &amp#27;[0m&amp#27;[35m &amp#27;[0m&amp#27;[35m &amp#27;[0m&amp#27;[35m &amp#27;[0m&amp#27;[35m &amp#27;[0m&amp#27;[35m &amp#27;[0m&amp#27;[35m &amp#27;[0m&amp#27;[35m &amp#27;[0m&amp#27;[35m &amp#27;[0m&amp#27;[35m &amp#27;[0m&amp#27;[35m &amp#27;[0m&amp#27;[35m &amp#27;[0m&amp#27;[35m &amp#27;[0m&amp#27;[35m║&amp#27;[0m
&amp#27;[35m║&amp#27;[0m&amp#27;[35m &amp#27;[0m&amp#27;[35mg&amp#27;[0m&amp#27;[35ma&amp#27;[0m&amp#27;[35mi&amp#27;[0m&amp#27;[35mn&amp#27;[0m&amp#27;[35m &amp#27;[0m&amp#27;[35mc&amp#27;[0m&amp#27;[35mr&amp#27;[0m&amp#27;[35me&amp#27;[0m&amp#27;[35md&amp#27;[0m&amp#27;[35mi&amp#27;[0m&amp#27;[35mt&amp#27;[0m&amp#27;[35ms&amp#27;[0m&amp#27;[35m:&amp#27;[0m&amp#27;[35m &amp#27;[0m&amp#27;[35m8&amp#27;[0m&amp#27;[35m &amp#27;[0m&amp#27;[35m &amp#27;[0m&amp#27;[35m &amp#27;[0m&amp#27;[35m &amp#27;[0m&amp#27;[35m &amp#27;[0m&amp#27;[35m &amp#27;[0m&amp#27;[35m &amp#27;[0m&amp#27;[35m &amp#27;[0m&amp#27;[35m &amp#27;[0m&amp#27;[35m &amp#27;[0m&amp#27;[35m &amp#27;[0m&amp#27;[35m &amp#27;[0m&amp#27;[35m║&amp#27;[0m
&amp#27;[35m║&amp#27;[0m&amp#27;[35m &amp#27;[0m&amp#27;[35m &amp#27;[0m&amp#27;[35m &amp#27;[0m&amp#27;[35m &amp#27;[0m&amp#27;[35m &amp#27;[0m&amp#27;[35m &amp#27;[0m&amp#27;[35m &amp#27;[0m&amp#27;[35m &amp#27;[0m&amp#27;[35m &amp#27;[0m&amp#27;[35m &amp#27;[0m&amp#27;[35m &amp#27;[0m&amp#27;[35m &amp#27;[0m&amp#27;[35m &amp#27;[0m&amp#27;[35m &amp#27;[0m&amp#27;[35m &amp#27;[0m&amp#27;[35m &amp#27;[0m&amp#27;[35m &amp#27;[0m&amp#27;[35m &amp#27;[0m&amp#27;[35m &amp#27;[0m&amp#27;[35m &amp#27;[0m&amp#27;[35m &amp#27;[0m&amp#27;[35m &amp#27;[0m&amp#27;[35m &amp#27;[0m&amp#27;[35m &amp#27;[0m&amp#27;[35m &amp#27;[0m&amp#27;[35m &amp#27;[0m&amp#27;[35m &amp#27;[0m&amp#27;[35m &amp#27;[0m&amp#27;[35m║&amp#27;[0m
&amp#27;[35m║&amp#27;[0m&amp#27;[35m &amp#27;[0m&amp#27;[35md&amp#27;[0m&amp#27;[35ma&amp#27;[0m&amp#27;[35my&amp#27;[0m&amp#27;[35ms&amp#27;[0m&amp#27;[35m &amp#27;[0m&amp#27;[35ml&amp#27;[0m&amp#27;[35mo&amp#27;[0m&amp#27;[35ms&amp#27;[0m&amp#27;[35mt&amp#27;[0m&amp#27;[35m &amp#27;[0m&amp#27;[35m:&amp#27;[0m&amp#27;[35m &amp#27;[0m&amp#27;[35m2&amp#27;[0m&amp#27;[35m &amp#27;[0m&amp#27;[35m &amp#27;[0m&amp#27;[35m &amp#27;[0m&amp#27;[35m &amp#27;[0m&amp#27;[35m &amp#27;[0m&amp#27;[35m &amp#27;[0m&amp#27;[35m &amp#27;[0m&amp#27;[35m &amp#27;[0m&amp#27;[35m &amp#27;[0m&amp#27;[35m &amp#27;[0m&amp#27;[35m &amp#27;[0m&amp#27;[35m &amp#27;[0m&amp#27;[35m &amp#27;[0m&amp#27;[35m &amp#27;[0m&amp#27;[35m║&amp#27;[0m
&amp#27;[35m║&amp#27;[0m&amp#27;[35m &amp#27;[0m&amp#27;[35m &amp#27;[0m&amp#27;[35m &amp#27;[0m&amp#27;[35m &amp#27;[0m&amp#27;[35m &amp#27;[0m&amp#27;[35m &amp#27;[0m&amp#27;[35m &amp#27;[0m&amp#27;[35m &amp#27;[0m&amp#27;[35m &amp#27;[0m&amp#27;[35m &amp#27;[0m&amp#27;[35m &amp#27;[0m&amp#27;[35m &amp#27;[0m&amp#27;[35m &amp#27;[0m&amp#27;[35m &amp#27;[0m&amp#27;[35m &amp#27;[0m&amp#27;[35m &amp#27;[0m&amp#27;[35m &amp#27;[0m&amp#27;[35m &amp#27;[0m&amp#27;[35m &amp#27;[0m&amp#27;[35m &amp#27;[0m&amp#27;[35m &amp#27;[0m&amp#27;[35m &amp#27;[0m&amp#27;[35m &amp#27;[0m&amp#27;[35m &amp#27;[0m&amp#27;[35m &amp#27;[0m&amp#27;[35m &amp#27;[0m&amp#27;[35m &amp#27;[0m&amp#27;[35m &amp#27;[0m&amp#27;[35m║&amp#27;[0m
&amp#27;[35m╚&amp#27;[0m&amp#27;[35m═&amp#27;[0m&amp#27;[35m═&amp#27;[0m&amp#27;[35m═&amp#27;[0m&amp#27;[35m═&amp#27;[0m&amp#27;[35m═&amp#27;[0m&amp#27;[35m═&amp#27;[0m&amp#27;[35m═&amp#27;[0m&amp#27;[35m═&amp#27;[0m&amp#27;[35m═&amp#27;[0m&amp#27;[35m═&amp#27;[0m&amp#27;[35m═&amp#27;[0m&amp#27;[35m═&amp#27;[0m&amp#27;[35m═&amp#27;[0m&amp#27;[35m2&amp#27;[0m&amp#27;[35m═&amp#27;[0m&amp#27;[35m═&amp#27;[0m&amp#27;[35m═&amp#27;[0m&amp#27;[35m═&amp#27;[0m&amp#27;[35m═&amp#27;[0m&amp#27;[35m═&amp#27;[0m&amp#27;[35m═&amp#27;[0m&amp#27;[35m═&amp#27;[0m&amp#27;[35m═&amp#27;[0m&amp#27;[35m═&amp#27;[0m&amp#27;[35m═&amp#27;[0m&amp#27;[35m═&amp#27;[0m&amp#27;[35m═&amp#27;[0m&amp#27;[35m═&amp#27;[0m&amp#27;[35m╝&amp#27;[0m
&amp#27;[90m[2025-06-27 13:02:50] [main] [DEBUG] [GameController] setto lo stato : DRILL_CHOICE a antonio&amp#27;[0m
&amp#27;[90m[2025-06-27 13:02:50] [main] [DEBUG] [SldSlavers] antonio 5.5&amp#27;[0m
&amp#27;[90m[2025-06-27 13:02:50] [main] [DEBUG] [GameController] setto lo stato : DRILL_CHOICE a andrea&amp#27;[0m
&amp#27;[90m[2025-06-27 13:02:50] [main] [DEBUG] [SldSlavers] andrea 5.0&amp#27;[0m
&amp#27;[90m[2025-06-27 13:02:50] [main] [DEBUG] [GameController] setto lo stato : DRILL_CHOICE a lollo&amp#27;[0m
&amp#27;[90m[2025-06-27 13:02:50] [main] [DEBUG] [SldSlavers] lollo 5.5&amp#27;[0m
&amp#27;[90m[2025-06-27 13:02:50] [main] [DEBUG] [GameController] setto lo stato : CREW_REMOVE_CHOICE a antonio&amp#27;[0m
&amp#27;[90m[2025-06-27 13:02:50] [main] [DEBUG] [RemoveGuestEvent] Removed crew memeber from 61&amp#27;[0m
&amp#27;[90m[2025-06-27 13:02:50] [main] [DEBUG] [RemoveGuestEvent] Removed crew memeber from 61&amp#27;[0m
&amp#27;[90m[2025-06-27 13:02:50] [main] [DEBUG] [RemoveGuestEvent] Removed crew memeber from 50&amp#27;[0m
&amp#27;[90m[2025-06-27 13:02:50] [main] [DEBUG] [RemoveGuestEvent] Removed crew memeber from 50&amp#27;[0m
&amp#27;[90m[2025-06-27 13:02:50] [main] [DEBUG] [GameController] setto lo stato : CREW_REMOVE_CHOICE a andrea&amp#27;[0m
&amp#27;[90m[2025-06-27 13:02:50] [main] [DEBUG] [RemoveGuestEvent] Removed crew memeber from 33&amp#27;[0m
&amp#27;[90m[2025-06-27 13:02:50] [main] [DEBUG] [RemoveGuestEvent] Removed crew memeber from 33&amp#27;[0m
&amp#27;[90m[2025-06-27 13:02:50] [main] [DEBUG] [RemoveGuestEvent] Removed crew memeber from 37&amp#27;[0m
&amp#27;[90m[2025-06-27 13:02:50] [main] [DEBUG] [RemoveGuestEvent] Removed crew memeber from 37&amp#27;[0m
&amp#27;[90m[2025-06-27 13:02:50] [main] [DEBUG] [GameController] setto lo stato : CREW_REMOVE_CHOICE a lollo&amp#27;[0m
&amp#27;[90m[2025-06-27 13:02:50] [main] [DEBUG] [RemoveGuestEvent] Removed crew memeber from 52&amp#27;[0m
&amp#27;[90m[2025-06-27 13:02:50] [main] [DEBUG] [RemoveGuestEvent] Removed crew memeber from 52&amp#27;[0m
&amp#27;[90m[2025-06-27 13:02:50] [main] [DEBUG] [RemoveGuestEvent] Removed crew memeber from 51&amp#27;[0m
&amp#27;[90m[2025-06-27 13:02:50] [main] [DEBUG] [RemoveGuestEvent] Removed crew memeber from 51&amp#27;[0m
&amp#27;[90m[2025-06-27 13:02:50] [main] [DEBUG] [GameController] setto lo stato : FINALIZED a lollo&amp#27;[0m
]]></system-out>
  </testcase>
  <testcase name="should_rejet_advantage" classname="org.mio.progettoingsoft.advCards.sealed.SldSlaversTest" time="0.002">
    <system-out><![CDATA[&amp#27;[90m[2025-06-27 13:02:50] [main] [DEBUG] [GameController] Chiamato registerListener&amp#27;[0m
&amp#27;[34m[2025-06-27 13:02:50] [main] [INFO] [Game] Game 1 started&amp#27;[0m
&amp#27;[90m[2025-06-27 13:02:50] [main] [DEBUG] [Hourglass] Hourglass started : 0&amp#27;[0m
&amp#27;[90m[2025-06-27 13:02:50] [main] [DEBUG] [Hourglass] Hourglass started. Timer 1 is running&amp#27;[0m
&amp#27;[90m[2025-06-27 13:02:50] [main] [DEBUG] [ServerController] andrea assigned to ship BLUE&amp#27;[0m
&amp#27;[90m[2025-06-27 13:02:50] [main] [DEBUG] [ServerController] antonio assigned to ship YELLOW&amp#27;[0m
&amp#27;[90m[2025-06-27 13:02:50] [main] [DEBUG] [ServerController] lollo assigned to ship RED&amp#27;[0m
&amp#27;[90m[2025-06-27 13:02:50] [main] [DEBUG] [ServerController] antonio draws card Slavers&amp#27;[0m
&amp#27;[90m[2025-06-27 13:02:50] [main] [DEBUG] [GameController] setto lo stato : DRILL_CHOICE a antonio&amp#27;[0m
&amp#27;[90m[2025-06-27 13:02:50] [main] [DEBUG] [RemoveEnergyEvent] removed energy from 6&amp#27;[0m
&amp#27;[90m[2025-06-27 13:02:50] [main] [DEBUG] [SldSlavers] antonio 5.5&amp#27;[0m
&amp#27;[90m[2025-06-27 13:02:50] [main] [DEBUG] [GameController] setto lo stato : ACCEPTATION_CHOICE a antonio&amp#27;[0m
&amp#27;[90m[2025-06-27 13:02:50] [main] [DEBUG] [ServerController] Salto effetto carta 21&amp#27;[0m
&amp#27;[90m[2025-06-27 13:02:50] [main] [DEBUG] [GameController] setto lo stato : FINALIZED a antonio&amp#27;[0m
]]></system-out>
  </testcase>
  <testcase name="should_take_advantage" classname="org.mio.progettoingsoft.advCards.sealed.SldSlaversTest" time="0.002">
    <system-out><![CDATA[&amp#27;[90m[2025-06-27 13:02:50] [main] [DEBUG] [GameController] Chiamato registerListener&amp#27;[0m
&amp#27;[34m[2025-06-27 13:02:50] [main] [INFO] [Game] Game 1 started&amp#27;[0m
&amp#27;[90m[2025-06-27 13:02:50] [main] [DEBUG] [Hourglass] Hourglass started : 0&amp#27;[0m
&amp#27;[90m[2025-06-27 13:02:50] [main] [DEBUG] [Hourglass] Hourglass started. Timer 1 is running&amp#27;[0m
&amp#27;[90m[2025-06-27 13:02:50] [main] [DEBUG] [ServerController] andrea assigned to ship BLUE&amp#27;[0m
&amp#27;[90m[2025-06-27 13:02:50] [main] [DEBUG] [ServerController] antonio assigned to ship YELLOW&amp#27;[0m
&amp#27;[90m[2025-06-27 13:02:50] [main] [DEBUG] [ServerController] lollo assigned to ship RED&amp#27;[0m
&amp#27;[90m[2025-06-27 13:02:50] [main] [DEBUG] [ServerController] antonio draws card Slavers&amp#27;[0m
&amp#27;[90m[2025-06-27 13:02:50] [main] [DEBUG] [GameController] setto lo stato : DRILL_CHOICE a antonio&amp#27;[0m
&amp#27;[90m[2025-06-27 13:02:50] [main] [DEBUG] [RemoveEnergyEvent] removed energy from 6&amp#27;[0m
&amp#27;[90m[2025-06-27 13:02:50] [main] [DEBUG] [SldSlavers] antonio 5.5&amp#27;[0m
&amp#27;[90m[2025-06-27 13:02:50] [main] [DEBUG] [GameController] setto lo stato : ACCEPTATION_CHOICE a antonio&amp#27;[0m
&amp#27;[90m[2025-06-27 13:02:50] [main] [DEBUG] [FlyBoard] Moving -2 days from antonio&amp#27;[0m
&amp#27;[90m[2025-06-27 13:02:50] [main] [DEBUG] [GameController$1] event movePlayer gestito&amp#27;[0m
&amp#27;[90m[2025-06-27 13:02:50] [main] [DEBUG] [FlyBoard] evento movePlayer lanciato&amp#27;[0m
&amp#27;[90m[2025-06-27 13:02:50] [main] [DEBUG] [AddCreditsEvent] antonio earned 8value&amp#27;[0m
&amp#27;[90m[2025-06-27 13:02:50] [main] [DEBUG] [Player] evento addCresits lanciato&amp#27;[0m
&amp#27;[90m[2025-06-27 13:02:50] [main] [DEBUG] [GameController] setto lo stato : FINALIZED a antonio&amp#27;[0m
]]></system-out>
  </testcase>
</testsuite>