<?xml version="1.0" encoding="UTF-8"?>
<testsuite xmlns:xsi="http://www.w3.org/2001/XMLSchema-instance" xsi:noNamespaceSchemaLocation="https://maven.apache.org/surefire/maven-surefire-plugin/xsd/surefire-test-report-3.0.xsd" version="3.0" name="org.mio.progettoingsoft.ShipBoardTest" time="0.03" tests="25" errors="0" skipped="0" failures="0">
  <properties>
[...]
</properties>
  <testcase name="should_swap_bookedComponents" classname="org.mio.progettoingsoft.ShipBoardTest" time="0.001"/>
  <testcase name="should_test_stored_quantity" classname="org.mio.progettoingsoft.ShipBoardTest" time="0.002"/>
  <testcase name="should_find_adjacent_components" classname="org.mio.progettoingsoft.ShipBoardTest" time="0.001"/>
  <testcase name="should_find_incorrect_connected_components" classname="org.mio.progettoingsoft.ShipBoardTest" time="0.001">
    <system-out><![CDATA[&amp#27;[90m[2025-06-27 13:02:51] [main] [DEBUG] [ShipBoard] Incorrect connected: (6, 7) id 2&amp#27;[0m
&amp#27;[90m[2025-06-27 13:02:51] [main] [DEBUG] [ShipBoard] Incorrect connected: (6, 8) id 3&amp#27;[0m
&amp#27;[90m[2025-06-27 13:02:51] [main] [DEBUG] [ShipBoard] Incorrect connected: (7, 7) id 52&amp#27;[0m
&amp#27;[90m[2025-06-27 13:02:51] [main] [DEBUG] [ShipBoard] Incorrect connected: (7, 8) id 4&amp#27;[0m
&amp#27;[90m[2025-06-27 13:02:51] [main] [DEBUG] [ShipBoard] Incorrect connected: (8, 8) id 12&amp#27;[0m
]]></system-out>
  </testcase>
  <testcase name="should_find_rotated_engines" classname="org.mio.progettoingsoft.ShipBoardTest" time="0.001"/>
  <testcase name="should_count_exposed_connector" classname="org.mio.progettoingsoft.ShipBoardTest" time="0.001"/>
  <testcase name="should_find_incorrect_drills" classname="org.mio.progettoingsoft.ShipBoardTest" time="0.001"/>
  <testcase name="should_test_shipboard_dimensions" classname="org.mio.progettoingsoft.ShipBoardTest" time="0.001"/>
  <testcase name="should_remove_component" classname="org.mio.progettoingsoft.ShipBoardTest" time="0.0"/>
  <testcase name="should_add_human" classname="org.mio.progettoingsoft.ShipBoardTest" time="0.004">
    <system-out><![CDATA[&amp#27;[90m[2025-06-27 13:02:51] [main] [DEBUG] [GameController] Chiamato registerListener&amp#27;[0m
&amp#27;[34m[2025-06-27 13:02:51] [main] [INFO] [Game] Game 1 started&amp#27;[0m
&amp#27;[90m[2025-06-27 13:02:51] [main] [DEBUG] [Hourglass] Hourglass started : 0&amp#27;[0m
&amp#27;[90m[2025-06-27 13:02:51] [main] [DEBUG] [Hourglass] Hourglass started. Timer 1 is running&amp#27;[0m
&amp#27;[90m[2025-06-27 13:02:51] [main] [DEBUG] [ServerController] antonio added component 40 (7, 6) 0&amp#27;[0m
&amp#27;[90m[2025-06-27 13:02:51] [main] [DEBUG] [ServerController] antonio added component 41 (6, 7) 0&amp#27;[0m
&amp#27;[90m[2025-06-27 13:02:51] [main] [DEBUG] [ServerController] antonio added component 138 (7, 5) 0&amp#27;[0m
&amp#27;[90m[2025-06-27 13:02:51] [main] [DEBUG] [ServerController] andrea added component 43 (6, 7) 0&amp#27;[0m
        4        5        6        7        8        9       10    
                                                                   
                                                                   
5                                                                  
                                                                   
                                                                   
                               &amp#27;[37m┌&amp#27;[0m&amp#27;[37m─&amp#27;[0m&amp#27;[37m─&amp#27;[0m&amp#27;[37m─&amp#27;[0m&amp#27;[37m─&amp#27;[0m&amp#27;[37m─&amp#27;[0m&amp#27;[37m─&amp#27;[0m&amp#27;[37m─&amp#27;[0m&amp#27;[37m┐&amp#27;[0m                           
                               &amp#27;[37m╢&amp#27;[0m&amp#27;[37mh&amp#27;[0m&amp#27;[37mo&amp#27;[0m&amp#27;[37mu&amp#27;[0m&amp#27;[37ms&amp#27;[0m&amp#27;[37mi&amp#27;[0m&amp#27;[37mn&amp#27;[0m&amp#27;[37mg&amp#27;[0m&amp#27;[37m│&amp#27;[0m                           
6                              &amp#27;[37m│&amp#27;[0m&amp#27;[37m &amp#27;[0m&amp#27;[37m &amp#27;[0m&amp#27;[37m &amp#27;[0m&amp#27;[37m &amp#27;[0m&amp#27;[37m &amp#27;[0m&amp#27;[37m &amp#27;[0m&amp#27;[37m &amp#27;[0m&amp#27;[37m╟&amp#27;[0m                           
                               &amp#27;[37m╢&amp#27;[0m&amp#27;[37m &amp#27;[0m&amp#27;[37m &amp#27;[0m&amp#27;[37m &amp#27;[0m&amp#27;[37m &amp#27;[0m&amp#27;[37m &amp#27;[0m&amp#27;[37m &amp#27;[0m&amp#27;[37m &amp#27;[0m&amp#27;[37m│&amp#27;[0m                           
                               &amp#27;[37m└&amp#27;[0m&amp#27;[37m─&amp#27;[0m&amp#27;[37m─&amp#27;[0m&amp#27;[37m╦&amp#27;[0m&amp#27;[37m╦&amp#27;[0m&amp#27;[37m╦&amp#27;[0m&amp#27;[37m─&amp#27;[0m&amp#27;[37m─&amp#27;[0m&amp#27;[37m┘&amp#27;[0m                           
             &amp#27;[33m┌&amp#27;[0m&amp#27;[33m─&amp#27;[0m&amp#27;[33m─&amp#27;[0m&amp#27;[33m╩&amp#27;[0m&amp#27;[33m─&amp#27;[0m&amp#27;[33m╩&amp#27;[0m&amp#27;[33m─&amp#27;[0m&amp#27;[33m─&amp#27;[0m&amp#27;[33m┐&amp#27;[0m&amp#27;[37m┌&amp#27;[0m&amp#27;[37m─&amp#27;[0m&amp#27;[37m─&amp#27;[0m&amp#27;[37m╩&amp#27;[0m&amp#27;[37m─&amp#27;[0m&amp#27;[37m╩&amp#27;[0m&amp#27;[37m─&amp#27;[0m&amp#27;[37m─&amp#27;[0m&amp#27;[37m┐&amp#27;[0m&amp#27;[33m┌&amp#27;[0m&amp#27;[33m─&amp#27;[0m&amp#27;[33m─&amp#27;[0m&amp#27;[33m╩&amp#27;[0m&amp#27;[33m╩&amp#27;[0m&amp#27;[33m╩&amp#27;[0m&amp#27;[33m─&amp#27;[0m&amp#27;[33m─&amp#27;[0m&amp#27;[33m┐&amp#27;[0m                           
             &amp#27;[33m│&amp#27;[0m&amp#27;[33ma&amp#27;[0m&amp#27;[33ml&amp#27;[0m&amp#27;[33mi&amp#27;[0m&amp#27;[33me&amp#27;[0m&amp#27;[33mn&amp#27;[0m&amp#27;[33m &amp#27;[0m&amp#27;[33m &amp#27;[0m&amp#27;[33m│&amp#27;[0m&amp#27;[37m│&amp#27;[0m&amp#27;[37mh&amp#27;[0m&amp#27;[37mo&amp#27;[0m&amp#27;[37mu&amp#27;[0m&amp#27;[37ms&amp#27;[0m&amp#27;[37mi&amp#27;[0m&amp#27;[37mn&amp#27;[0m&amp#27;[37mg&amp#27;[0m&amp#27;[37m│&amp#27;[0m&amp#27;[33m╢&amp#27;[0m&amp#27;[33ms&amp#27;[0m&amp#27;[33mt&amp#27;[0m&amp#27;[33ma&amp#27;[0m&amp#27;[33mr&amp#27;[0m&amp#27;[33mt&amp#27;[0m&amp#27;[33me&amp#27;[0m&amp#27;[33mr&amp#27;[0m&amp#27;[33m╟&amp#27;[0m                           
7            &amp#27;[33m╢&amp#27;[0m&amp#27;[33mm&amp#27;[0m&amp#27;[33mo&amp#27;[0m&amp#27;[33md&amp#27;[0m&amp#27;[33mu&amp#27;[0m&amp#27;[33ml&amp#27;[0m&amp#27;[33me&amp#27;[0m&amp#27;[33m &amp#27;[0m&amp#27;[33m╟&amp#27;[0m&amp#27;[37m╢&amp#27;[0m&amp#27;[37m &amp#27;[0m&amp#27;[37m &amp#27;[0m&amp#27;[37m &amp#27;[0m&amp#27;[37m &amp#27;[0m&amp#27;[37m &amp#27;[0m&amp#27;[37m &amp#27;[0m&amp#27;[37m &amp#27;[0m&amp#27;[37m╟&amp#27;[0m&amp#27;[33m╢&amp#27;[0m&amp#27;[33mc&amp#27;[0m&amp#27;[33ma&amp#27;[0m&amp#27;[33mb&amp#27;[0m&amp#27;[33mi&amp#27;[0m&amp#27;[33mn&amp#27;[0m&amp#27;[33m &amp#27;[0m&amp#27;[33m &amp#27;[0m&amp#27;[33m╟&amp#27;[0m                           
             &amp#27;[33m│&amp#27;[0m&amp#27;[33m &amp#27;[0m&amp#27;[33m &amp#27;[0m&amp#27;[33m &amp#27;[0m&amp#27;[33m &amp#27;[0m&amp#27;[33m &amp#27;[0m&amp#27;[33m &amp#27;[0m&amp#27;[33m &amp#27;[0m&amp#27;[33m│&amp#27;[0m&amp#27;[37m│&amp#27;[0m&amp#27;[37m &amp#27;[0m&amp#27;[37m &amp#27;[0m&amp#27;[37m &amp#27;[0m&amp#27;[37m &amp#27;[0m&amp#27;[37m &amp#27;[0m&amp#27;[37m &amp#27;[0m&amp#27;[37m &amp#27;[0m&amp#27;[37m│&amp#27;[0m&amp#27;[33m╢&amp#27;[0m&amp#27;[33m &amp#27;[0m&amp#27;[33m &amp#27;[0m&amp#27;[33m &amp#27;[0m&amp#27;[33m &amp#27;[0m&amp#27;[33m &amp#27;[0m&amp#27;[33m &amp#27;[0m&amp#27;[33m &amp#27;[0m&amp#27;[33m╟&amp#27;[0m                           
             &amp#27;[33m└&amp#27;[0m&amp#27;[33m─&amp#27;[0m&amp#27;[33m─&amp#27;[0m&amp#27;[33m─&amp#27;[0m&amp#27;[33m─&amp#27;[0m&amp#27;[33m─&amp#27;[0m&amp#27;[33m─&amp#27;[0m&amp#27;[33m─&amp#27;[0m&amp#27;[33m┘&amp#27;[0m&amp#27;[37m└&amp#27;[0m&amp#27;[37m─&amp#27;[0m&amp#27;[37m─&amp#27;[0m&amp#27;[37m╦&amp#27;[0m&amp#27;[37m─&amp#27;[0m&amp#27;[37m╦&amp#27;[0m&amp#27;[37m─&amp#27;[0m&amp#27;[37m─&amp#27;[0m&amp#27;[37m┘&amp#27;[0m&amp#27;[33m└&amp#27;[0m&amp#27;[33m─&amp#27;[0m&amp#27;[33m─&amp#27;[0m&amp#27;[33m╦&amp#27;[0m&amp#27;[33m╦&amp#27;[0m&amp#27;[33m╦&amp#27;[0m&amp#27;[33m─&amp#27;[0m&amp#27;[33m─&amp#27;[0m&amp#27;[33m┘&amp#27;[0m                           
                                                                   
                                                                   
8                                                                  
                                                                   
                                                                   
                                                                   
                                                                   
9                                                                  
                                                                   
                                                                   
        4        5        6        7        8        9       10    
                                                                   
                                                                   
5                                                                  
                                                                   
                                                                   
                               &amp#27;[37m┌&amp#27;[0m&amp#27;[37m─&amp#27;[0m&amp#27;[37m─&amp#27;[0m&amp#27;[37m╩&amp#27;[0m&amp#27;[37m─&amp#27;[0m&amp#27;[37m╩&amp#27;[0m&amp#27;[37m─&amp#27;[0m&amp#27;[37m─&amp#27;[0m&amp#27;[37m┐&amp#27;[0m                           
                               &amp#27;[37m╢&amp#27;[0m&amp#27;[37mh&amp#27;[0m&amp#27;[37mo&amp#27;[0m&amp#27;[37mu&amp#27;[0m&amp#27;[37ms&amp#27;[0m&amp#27;[37mi&amp#27;[0m&amp#27;[37mn&amp#27;[0m&amp#27;[37mg&amp#27;[0m&amp#27;[37m│&amp#27;[0m                           
6                              &amp#27;[37m│&amp#27;[0m&amp#27;[37m &amp#27;[0m&amp#27;[37m &amp#27;[0m&amp#27;[37m &amp#27;[0m&amp#27;[37m &amp#27;[0m&amp#27;[37m &amp#27;[0m&amp#27;[37m &amp#27;[0m&amp#27;[37m &amp#27;[0m&amp#27;[37m╟&amp#27;[0m                           
                               &amp#27;[37m╢&amp#27;[0m&amp#27;[37m &amp#27;[0m&amp#27;[37m &amp#27;[0m&amp#27;[37m &amp#27;[0m&amp#27;[37m &amp#27;[0m&amp#27;[37m &amp#27;[0m&amp#27;[37m &amp#27;[0m&amp#27;[37m &amp#27;[0m&amp#27;[37m│&amp#27;[0m                           
                               &amp#27;[37m└&amp#27;[0m&amp#27;[37m─&amp#27;[0m&amp#27;[37m─&amp#27;[0m&amp#27;[37m╦&amp#27;[0m&amp#27;[37m─&amp#27;[0m&amp#27;[37m╦&amp#27;[0m&amp#27;[37m─&amp#27;[0m&amp#27;[37m─&amp#27;[0m&amp#27;[37m┘&amp#27;[0m                           
                               &amp#27;[34m┌&amp#27;[0m&amp#27;[34m─&amp#27;[0m&amp#27;[34m─&amp#27;[0m&amp#27;[34m╩&amp#27;[0m&amp#27;[34m╩&amp#27;[0m&amp#27;[34m╩&amp#27;[0m&amp#27;[34m─&amp#27;[0m&amp#27;[34m─&amp#27;[0m&amp#27;[34m┐&amp#27;[0m                           
                               &amp#27;[34m╢&amp#27;[0m&amp#27;[34ms&amp#27;[0m&amp#27;[34mt&amp#27;[0m&amp#27;[34ma&amp#27;[0m&amp#27;[34mr&amp#27;[0m&amp#27;[34mt&amp#27;[0m&amp#27;[34me&amp#27;[0m&amp#27;[34mr&amp#27;[0m&amp#27;[34m╟&amp#27;[0m                           
7                              &amp#27;[34m╢&amp#27;[0m&amp#27;[34mc&amp#27;[0m&amp#27;[34ma&amp#27;[0m&amp#27;[34mb&amp#27;[0m&amp#27;[34mi&amp#27;[0m&amp#27;[34mn&amp#27;[0m&amp#27;[34m &amp#27;[0m&amp#27;[34m &amp#27;[0m&amp#27;[34m╟&amp#27;[0m                           
                               &amp#27;[34m╢&amp#27;[0m&amp#27;[34m &amp#27;[0m&amp#27;[34m &amp#27;[0m&amp#27;[34m &amp#27;[0m&amp#27;[34m &amp#27;[0m&amp#27;[34m &amp#27;[0m&amp#27;[34m &amp#27;[0m&amp#27;[34m &amp#27;[0m&amp#27;[34m╟&amp#27;[0m                           
                               &amp#27;[34m└&amp#27;[0m&amp#27;[34m─&amp#27;[0m&amp#27;[34m─&amp#27;[0m&amp#27;[34m╦&amp#27;[0m&amp#27;[34m╦&amp#27;[0m&amp#27;[34m╦&amp#27;[0m&amp#27;[34m─&amp#27;[0m&amp#27;[34m─&amp#27;[0m&amp#27;[34m┘&amp#27;[0m                           
                                                                   
                                                                   
8                                                                  
                                                                   
                                                                   
                                                                   
                                                                   
9                                                                  
                                                                   
                                                                   
&amp#27;[34m[2025-06-27 13:02:51] [main] [INFO] [ServerController] antonio ended ship building, has removed incorrect components and now needs to validate his ship.&amp#27;[0m
&amp#27;[34m[2025-06-27 13:02:51] [main] [INFO] [ServerController] Ship antonio is valid.&amp#27;[0m
&amp#27;[34m[2025-06-27 13:02:51] [main] [INFO] [ServerController] andrea ended ship building, has removed incorrect components and now needs to validate his ship.&amp#27;[0m
&amp#27;[34m[2025-06-27 13:02:51] [main] [INFO] [ServerController] Ship andrea is valid.&amp#27;[0m
antonio {(7, 6)=[BROWN], (7, 7)=[HUMAN, HUMAN]}
andrea {(7, 7)=[HUMAN, HUMAN], (6, 7)=[HUMAN]}
&amp#27;[90m[2025-06-27 13:02:51] [main] [DEBUG] [Hourglass] Hourglass started : 1&amp#27;[0m
&amp#27;[90m[2025-06-27 13:02:51] [main] [DEBUG] [Hourglass] Hourglass started. Timer 2 is running&amp#27;[0m
        4        5        6        7        8        9       10    
                                                                   
                                                                   
5                                                                  
                                                                   
                                                                   
                               &amp#27;[37m┌&amp#27;[0m&amp#27;[37m─&amp#27;[0m&amp#27;[37m─&amp#27;[0m&amp#27;[37m─&amp#27;[0m&amp#27;[37m─&amp#27;[0m&amp#27;[37m─&amp#27;[0m&amp#27;[37m─&amp#27;[0m&amp#27;[37m─&amp#27;[0m&amp#27;[37m┐&amp#27;[0m                           
                               &amp#27;[37m╢&amp#27;[0m&amp#27;[37mh&amp#27;[0m&amp#27;[37mo&amp#27;[0m&amp#27;[37mu&amp#27;[0m&amp#27;[37ms&amp#27;[0m&amp#27;[37mi&amp#27;[0m&amp#27;[37mn&amp#27;[0m&amp#27;[37mg&amp#27;[0m&amp#27;[37m│&amp#27;[0m                           
6                              &amp#27;[37m│&amp#27;[0m&amp#27;[37m &amp#27;[0m&amp#27;[37m &amp#27;[0m&amp#27;[37m &amp#27;[0m&amp#27;[37m &amp#27;[0m&amp#27;[37m &amp#27;[0m&amp#27;[37m &amp#27;[0m&amp#27;[37m &amp#27;[0m&amp#27;[37m╟&amp#27;[0m                           
                               &amp#27;[37m╢&amp#27;[0m&amp#27;[37m &amp#27;[0m&amp#27;[37m &amp#27;[0m&amp#27;[37m &amp#27;[0m&amp#27;[37m &amp#27;[0m&amp#27;[37m &amp#27;[0m&amp#27;[37m &amp#27;[0m&amp#27;[37m &amp#27;[0m&amp#27;[37m│&amp#27;[0m                           
                               &amp#27;[37m└&amp#27;[0m&amp#27;[37m─&amp#27;[0m&amp#27;[37m─&amp#27;[0m&amp#27;[37m╦&amp#27;[0m&amp#27;[37m╦&amp#27;[0m&amp#27;[37m╦&amp#27;[0m&amp#27;[37m─&amp#27;[0m&amp#27;[37m─&amp#27;[0m&amp#27;[37m┘&amp#27;[0m                           
             &amp#27;[33m┌&amp#27;[0m&amp#27;[33m─&amp#27;[0m&amp#27;[33m─&amp#27;[0m&amp#27;[33m╩&amp#27;[0m&amp#27;[33m─&amp#27;[0m&amp#27;[33m╩&amp#27;[0m&amp#27;[33m─&amp#27;[0m&amp#27;[33m─&amp#27;[0m&amp#27;[33m┐&amp#27;[0m&amp#27;[37m┌&amp#27;[0m&amp#27;[37m─&amp#27;[0m&amp#27;[37m─&amp#27;[0m&amp#27;[37m╩&amp#27;[0m&amp#27;[37m─&amp#27;[0m&amp#27;[37m╩&amp#27;[0m&amp#27;[37m─&amp#27;[0m&amp#27;[37m─&amp#27;[0m&amp#27;[37m┐&amp#27;[0m&amp#27;[33m┌&amp#27;[0m&amp#27;[33m─&amp#27;[0m&amp#27;[33m─&amp#27;[0m&amp#27;[33m╩&amp#27;[0m&amp#27;[33m╩&amp#27;[0m&amp#27;[33m╩&amp#27;[0m&amp#27;[33m─&amp#27;[0m&amp#27;[33m─&amp#27;[0m&amp#27;[33m┐&amp#27;[0m                           
             &amp#27;[33m│&amp#27;[0m&amp#27;[33ma&amp#27;[0m&amp#27;[33ml&amp#27;[0m&amp#27;[33mi&amp#27;[0m&amp#27;[33me&amp#27;[0m&amp#27;[33mn&amp#27;[0m&amp#27;[33m &amp#27;[0m&amp#27;[33m &amp#27;[0m&amp#27;[33m│&amp#27;[0m&amp#27;[37m│&amp#27;[0m&amp#27;[37mh&amp#27;[0m&amp#27;[37mo&amp#27;[0m&amp#27;[37mu&amp#27;[0m&amp#27;[37ms&amp#27;[0m&amp#27;[37mi&amp#27;[0m&amp#27;[37mn&amp#27;[0m&amp#27;[37mg&amp#27;[0m&amp#27;[37m│&amp#27;[0m&amp#27;[33m╢&amp#27;[0m&amp#27;[33ms&amp#27;[0m&amp#27;[33mt&amp#27;[0m&amp#27;[33ma&amp#27;[0m&amp#27;[33mr&amp#27;[0m&amp#27;[33mt&amp#27;[0m&amp#27;[33me&amp#27;[0m&amp#27;[33mr&amp#27;[0m&amp#27;[33m╟&amp#27;[0m                           
7            &amp#27;[33m╢&amp#27;[0m&amp#27;[33mm&amp#27;[0m&amp#27;[33mo&amp#27;[0m&amp#27;[33md&amp#27;[0m&amp#27;[33mu&amp#27;[0m&amp#27;[33ml&amp#27;[0m&amp#27;[33me&amp#27;[0m&amp#27;[33m &amp#27;[0m&amp#27;[33m╟&amp#27;[0m&amp#27;[37m╢&amp#27;[0m&amp#27;[37m &amp#27;[0m&amp#27;[37m &amp#27;[0m&amp#27;[37m &amp#27;[0m&amp#27;[37m &amp#27;[0m&amp#27;[37m &amp#27;[0m&amp#27;[37m &amp#27;[0m&amp#27;[37m &amp#27;[0m&amp#27;[37m╟&amp#27;[0m&amp#27;[33m╢&amp#27;[0m&amp#27;[33mc&amp#27;[0m&amp#27;[33ma&amp#27;[0m&amp#27;[33mb&amp#27;[0m&amp#27;[33mi&amp#27;[0m&amp#27;[33mn&amp#27;[0m&amp#27;[33m &amp#27;[0m&amp#27;[33m &amp#27;[0m&amp#27;[33m╟&amp#27;[0m                           
             &amp#27;[33m│&amp#27;[0m&amp#27;[33m &amp#27;[0m&amp#27;[33m &amp#27;[0m&amp#27;[33m &amp#27;[0m&amp#27;[33m &amp#27;[0m&amp#27;[33m &amp#27;[0m&amp#27;[33m &amp#27;[0m&amp#27;[33m &amp#27;[0m&amp#27;[33m│&amp#27;[0m&amp#27;[37m│&amp#27;[0m&amp#27;[37m &amp#27;[0m&amp#27;[37m &amp#27;[0m&amp#27;[37m &amp#27;[0m&amp#27;[33m●&amp#27;[0m&amp#27;[37m &amp#27;[0m&amp#27;[37m &amp#27;[0m&amp#27;[37m &amp#27;[0m&amp#27;[37m│&amp#27;[0m&amp#27;[33m╢&amp#27;[0m&amp#27;[33m &amp#27;[0m&amp#27;[33m &amp#27;[0m&amp#27;[33mo&amp#27;[0m&amp#27;[33m &amp#27;[0m&amp#27;[33mo&amp#27;[0m&amp#27;[33m &amp#27;[0m&amp#27;[33m &amp#27;[0m&amp#27;[33m╟&amp#27;[0m                           
             &amp#27;[33m└&amp#27;[0m&amp#27;[33m─&amp#27;[0m&amp#27;[33m─&amp#27;[0m&amp#27;[33m─&amp#27;[0m&amp#27;[33m─&amp#27;[0m&amp#27;[33m─&amp#27;[0m&amp#27;[33m─&amp#27;[0m&amp#27;[33m─&amp#27;[0m&amp#27;[33m┘&amp#27;[0m&amp#27;[37m└&amp#27;[0m&amp#27;[37m─&amp#27;[0m&amp#27;[37m─&amp#27;[0m&amp#27;[37m╦&amp#27;[0m&amp#27;[37m─&amp#27;[0m&amp#27;[37m╦&amp#27;[0m&amp#27;[37m─&amp#27;[0m&amp#27;[37m─&amp#27;[0m&amp#27;[37m┘&amp#27;[0m&amp#27;[33m└&amp#27;[0m&amp#27;[33m─&amp#27;[0m&amp#27;[33m─&amp#27;[0m&amp#27;[33m╦&amp#27;[0m&amp#27;[33m╦&amp#27;[0m&amp#27;[33m╦&amp#27;[0m&amp#27;[33m─&amp#27;[0m&amp#27;[33m─&amp#27;[0m&amp#27;[33m┘&amp#27;[0m                           
                                                                   
                                                                   
8                                                                  
                                                                   
                                                                   
                                                                   
                                                                   
9                                                                  
                                                                   
                                                                   
        4        5        6        7        8        9       10    
                                                                   
                                                                   
5                                                                  
                                                                   
                                                                   
                               &amp#27;[37m┌&amp#27;[0m&amp#27;[37m─&amp#27;[0m&amp#27;[37m─&amp#27;[0m&amp#27;[37m╩&amp#27;[0m&amp#27;[37m─&amp#27;[0m&amp#27;[37m╩&amp#27;[0m&amp#27;[37m─&amp#27;[0m&amp#27;[37m─&amp#27;[0m&amp#27;[37m┐&amp#27;[0m                           
                               &amp#27;[37m╢&amp#27;[0m&amp#27;[37mh&amp#27;[0m&amp#27;[37mo&amp#27;[0m&amp#27;[37mu&amp#27;[0m&amp#27;[37ms&amp#27;[0m&amp#27;[37mi&amp#27;[0m&amp#27;[37mn&amp#27;[0m&amp#27;[37mg&amp#27;[0m&amp#27;[37m│&amp#27;[0m                           
6                              &amp#27;[37m│&amp#27;[0m&amp#27;[37m &amp#27;[0m&amp#27;[37m &amp#27;[0m&amp#27;[37m &amp#27;[0m&amp#27;[37m &amp#27;[0m&amp#27;[37m &amp#27;[0m&amp#27;[37m &amp#27;[0m&amp#27;[37m &amp#27;[0m&amp#27;[37m╟&amp#27;[0m                           
                               &amp#27;[37m╢&amp#27;[0m&amp#27;[37m &amp#27;[0m&amp#27;[37m &amp#27;[0m&amp#27;[37m &amp#27;[0m&amp#27;[37mo&amp#27;[0m&amp#27;[37m &amp#27;[0m&amp#27;[37m &amp#27;[0m&amp#27;[37m &amp#27;[0m&amp#27;[37m│&amp#27;[0m                           
                               &amp#27;[37m└&amp#27;[0m&amp#27;[37m─&amp#27;[0m&amp#27;[37m─&amp#27;[0m&amp#27;[37m╦&amp#27;[0m&amp#27;[37m─&amp#27;[0m&amp#27;[37m╦&amp#27;[0m&amp#27;[37m─&amp#27;[0m&amp#27;[37m─&amp#27;[0m&amp#27;[37m┘&amp#27;[0m                           
                               &amp#27;[34m┌&amp#27;[0m&amp#27;[34m─&amp#27;[0m&amp#27;[34m─&amp#27;[0m&amp#27;[34m╩&amp#27;[0m&amp#27;[34m╩&amp#27;[0m&amp#27;[34m╩&amp#27;[0m&amp#27;[34m─&amp#27;[0m&amp#27;[34m─&amp#27;[0m&amp#27;[34m┐&amp#27;[0m                           
                               &amp#27;[34m╢&amp#27;[0m&amp#27;[34ms&amp#27;[0m&amp#27;[34mt&amp#27;[0m&amp#27;[34ma&amp#27;[0m&amp#27;[34mr&amp#27;[0m&amp#27;[34mt&amp#27;[0m&amp#27;[34me&amp#27;[0m&amp#27;[34mr&amp#27;[0m&amp#27;[34m╟&amp#27;[0m                           
7                              &amp#27;[34m╢&amp#27;[0m&amp#27;[34mc&amp#27;[0m&amp#27;[34ma&amp#27;[0m&amp#27;[34mb&amp#27;[0m&amp#27;[34mi&amp#27;[0m&amp#27;[34mn&amp#27;[0m&amp#27;[34m &amp#27;[0m&amp#27;[34m &amp#27;[0m&amp#27;[34m╟&amp#27;[0m                           
                               &amp#27;[34m╢&amp#27;[0m&amp#27;[34m &amp#27;[0m&amp#27;[34m &amp#27;[0m&amp#27;[34mo&amp#27;[0m&amp#27;[34m &amp#27;[0m&amp#27;[34mo&amp#27;[0m&amp#27;[34m &amp#27;[0m&amp#27;[34m &amp#27;[0m&amp#27;[34m╟&amp#27;[0m                           
                               &amp#27;[34m└&amp#27;[0m&amp#27;[34m─&amp#27;[0m&amp#27;[34m─&amp#27;[0m&amp#27;[34m╦&amp#27;[0m&amp#27;[34m╦&amp#27;[0m&amp#27;[34m╦&amp#27;[0m&amp#27;[34m─&amp#27;[0m&amp#27;[34m─&amp#27;[0m&amp#27;[34m┘&amp#27;[0m                           
                                                                   
                                                                   
8                                                                  
                                                                   
                                                                   
                                                                   
                                                                   
9                                                                  
                                                                   
                                                                   
&amp#27;[37m╔&amp#27;[0m&amp#27;[37m═&amp#27;[0m&amp#27;[37m═&amp#27;[0m&amp#27;[37m═&amp#27;[0m&amp#27;[37m╗&amp#27;[0m&amp#27;[37m╔&amp#27;[0m&amp#27;[37m═&amp#27;[0m&amp#27;[37m═&amp#27;[0m&amp#27;[37m═&amp#27;[0m&amp#27;[37m╗&amp#27;[0m&amp#27;[37m╔&amp#27;[0m&amp#27;[37m═&amp#27;[0m&amp#27;[37m═&amp#27;[0m&amp#27;[37m═&amp#27;[0m&amp#27;[37m╗&amp#27;[0m&amp#27;[34m╔&amp#27;[0m&amp#27;[34m═&amp#27;[0m&amp#27;[34m═&amp#27;[0m&amp#27;[34m═&amp#27;[0m&amp#27;[34m╗&amp#27;[0m&amp#27;[37m╔&amp#27;[0m&amp#27;[37m═&amp#27;[0m&amp#27;[37m═&amp#27;[0m&amp#27;[37m═&amp#27;[0m&amp#27;[37m╗&amp#27;[0m&amp#27;[37m╔&amp#27;[0m&amp#27;[37m═&amp#27;[0m&amp#27;[37m═&amp#27;[0m&amp#27;[37m═&amp#27;[0m&amp#27;[37m╗&amp#27;[0m&amp#27;[33m╔&amp#27;[0m&amp#27;[33m═&amp#27;[0m&amp#27;[33m═&amp#27;[0m&amp#27;[33m═&amp#27;[0m&amp#27;[33m╗&amp#27;[0m&amp#27;[37m╔&amp#27;[0m&amp#27;[37m═&amp#27;[0m&amp#27;[37m═&amp#27;[0m&amp#27;[37m═&amp#27;[0m&amp#27;[37m╗&amp#27;[0m&amp#27;[37m╔&amp#27;[0m&amp#27;[37m═&amp#27;[0m&amp#27;[37m═&amp#27;[0m&amp#27;[37m═&amp#27;[0m&amp#27;[37m╗&amp#27;[0m&amp#27;[37m╔&amp#27;[0m&amp#27;[37m═&amp#27;[0m&amp#27;[37m═&amp#27;[0m&amp#27;[37m═&amp#27;[0m&amp#27;[37m╗&amp#27;[0m
&amp#27;[37m║&amp#27;[0m&amp#27;[37m &amp#27;[0m&amp#27;[37m &amp#27;[0m&amp#27;[37m &amp#27;[0m&amp#27;[37m║&amp#27;[0m&amp#27;[37m║&amp#27;[0m&amp#27;[37m &amp#27;[0m&amp#27;[37m &amp#27;[0m&amp#27;[37m &amp#27;[0m&amp#27;[37m║&amp#27;[0m&amp#27;[37m║&amp#27;[0m&amp#27;[37m &amp#27;[0m&amp#27;[37m &amp#27;[0m&amp#27;[37m &amp#27;[0m&amp#27;[37m║&amp#27;[0m&amp#27;[34m║&amp#27;[0m&amp#27;[34m &amp#27;[0m&amp#27;[34m▷&amp#27;[0m&amp#27;[34m &amp#27;[0m&amp#27;[34m║&amp#27;[0m&amp#27;[37m║&amp#27;[0m&amp#27;[37m &amp#27;[0m&amp#27;[37m &amp#27;[0m&amp#27;[37m &amp#27;[0m&amp#27;[37m║&amp#27;[0m&amp#27;[37m║&amp#27;[0m&amp#27;[37m &amp#27;[0m&amp#27;[37m &amp#27;[0m&amp#27;[37m &amp#27;[0m&amp#27;[37m║&amp#27;[0m&amp#27;[33m║&amp#27;[0m&amp#27;[33m &amp#27;[0m&amp#27;[33m▷&amp#27;[0m&amp#27;[33m &amp#27;[0m&amp#27;[33m║&amp#27;[0m&amp#27;[37m║&amp#27;[0m&amp#27;[37m &amp#27;[0m&amp#27;[37m &amp#27;[0m&amp#27;[37m &amp#27;[0m&amp#27;[37m║&amp#27;[0m&amp#27;[37m║&amp#27;[0m&amp#27;[37m &amp#27;[0m&amp#27;[37m &amp#27;[0m&amp#27;[37m &amp#27;[0m&amp#27;[37m║&amp#27;[0m&amp#27;[37m║&amp#27;[0m&amp#27;[37m &amp#27;[0m&amp#27;[37m &amp#27;[0m&amp#27;[37m &amp#27;[0m&amp#27;[37m║&amp#27;[0m
&amp#27;[37m╚&amp#27;[0m&amp#27;[37m═&amp#27;[0m&amp#27;[37m4&amp#27;[0m&amp#27;[37m═&amp#27;[0m&amp#27;[37m╝&amp#27;[0m&amp#27;[37m╚&amp#27;[0m&amp#27;[37m═&amp#27;[0m&amp#27;[37m3&amp#27;[0m&amp#27;[37m═&amp#27;[0m&amp#27;[37m╝&amp#27;[0m&amp#27;[37m╚&amp#27;[0m&amp#27;[37m═&amp#27;[0m&amp#27;[37m═&amp#27;[0m&amp#27;[37m═&amp#27;[0m&amp#27;[37m╝&amp#27;[0m&amp#27;[34m╚&amp#27;[0m&amp#27;[34m═&amp#27;[0m&amp#27;[34m2&amp#27;[0m&amp#27;[34m═&amp#27;[0m&amp#27;[34m╝&amp#27;[0m&amp#27;[37m╚&amp#27;[0m&amp#27;[37m═&amp#27;[0m&amp#27;[37m═&amp#27;[0m&amp#27;[37m═&amp#27;[0m&amp#27;[37m╝&amp#27;[0m&amp#27;[37m╚&amp#27;[0m&amp#27;[37m═&amp#27;[0m&amp#27;[37m═&amp#27;[0m&amp#27;[37m═&amp#27;[0m&amp#27;[37m╝&amp#27;[0m&amp#27;[33m╚&amp#27;[0m&amp#27;[33m═&amp#27;[0m&amp#27;[33m1&amp#27;[0m&amp#27;[33m═&amp#27;[0m&amp#27;[33m╝&amp#27;[0m&amp#27;[37m╚&amp#27;[0m&amp#27;[37m═&amp#27;[0m&amp#27;[37m═&amp#27;[0m&amp#27;[37m═&amp#27;[0m&amp#27;[37m╝&amp#27;[0m&amp#27;[37m╚&amp#27;[0m&amp#27;[37m═&amp#27;[0m&amp#27;[37m═&amp#27;[0m&amp#27;[37m═&amp#27;[0m&amp#27;[37m╝&amp#27;[0m&amp#27;[37m╚&amp#27;[0m&amp#27;[37m═&amp#27;[0m&amp#27;[37m═&amp#27;[0m&amp#27;[37m═&amp#27;[0m&amp#27;[37m╝&amp#27;[0m
&amp#27;[37m╔&amp#27;[0m&amp#27;[37m═&amp#27;[0m&amp#27;[37m═&amp#27;[0m&amp#27;[37m═&amp#27;[0m&amp#27;[37m╗&amp#27;[0m                                        &amp#27;[37m╔&amp#27;[0m&amp#27;[37m═&amp#27;[0m&amp#27;[37m═&amp#27;[0m&amp#27;[37m═&amp#27;[0m&amp#27;[37m╗&amp#27;[0m
&amp#27;[37m║&amp#27;[0m&amp#27;[37m &amp#27;[0m&amp#27;[37m &amp#27;[0m&amp#27;[37m &amp#27;[0m&amp#27;[37m║&amp#27;[0m                                        &amp#27;[37m║&amp#27;[0m&amp#27;[37m &amp#27;[0m&amp#27;[37m &amp#27;[0m&amp#27;[37m &amp#27;[0m&amp#27;[37m║&amp#27;[0m
&amp#27;[37m╚&amp#27;[0m&amp#27;[37m═&amp#27;[0m&amp#27;[37m═&amp#27;[0m&amp#27;[37m═&amp#27;[0m&amp#27;[37m╝&amp#27;[0m                                        &amp#27;[37m╚&amp#27;[0m&amp#27;[37m═&amp#27;[0m&amp#27;[37m═&amp#27;[0m&amp#27;[37m═&amp#27;[0m&amp#27;[37m╝&amp#27;[0m
&amp#27;[37m╔&amp#27;[0m&amp#27;[37m═&amp#27;[0m&amp#27;[37m═&amp#27;[0m&amp#27;[37m═&amp#27;[0m&amp#27;[37m╗&amp#27;[0m                                        &amp#27;[37m╔&amp#27;[0m&amp#27;[37m═&amp#27;[0m&amp#27;[37m═&amp#27;[0m&amp#27;[37m═&amp#27;[0m&amp#27;[37m╗&amp#27;[0m
&amp#27;[37m║&amp#27;[0m&amp#27;[37m &amp#27;[0m&amp#27;[37m &amp#27;[0m&amp#27;[37m &amp#27;[0m&amp#27;[37m║&amp#27;[0m                                        &amp#27;[37m║&amp#27;[0m&amp#27;[37m &amp#27;[0m&amp#27;[37m &amp#27;[0m&amp#27;[37m &amp#27;[0m&amp#27;[37m║&amp#27;[0m
&amp#27;[37m╚&amp#27;[0m&amp#27;[37m═&amp#27;[0m&amp#27;[37m═&amp#27;[0m&amp#27;[37m═&amp#27;[0m&amp#27;[37m╝&amp#27;[0m                                        &amp#27;[37m╚&amp#27;[0m&amp#27;[37m═&amp#27;[0m&amp#27;[37m═&amp#27;[0m&amp#27;[37m═&amp#27;[0m&amp#27;[37m╝&amp#27;[0m
&amp#27;[37m╔&amp#27;[0m&amp#27;[37m═&amp#27;[0m&amp#27;[37m═&amp#27;[0m&amp#27;[37m═&amp#27;[0m&amp#27;[37m╗&amp#27;[0m&amp#27;[37m╔&amp#27;[0m&amp#27;[37m═&amp#27;[0m&amp#27;[37m═&amp#27;[0m&amp#27;[37m═&amp#27;[0m&amp#27;[37m╗&amp#27;[0m&amp#27;[37m╔&amp#27;[0m&amp#27;[37m═&amp#27;[0m&amp#27;[37m═&amp#27;[0m&amp#27;[37m═&amp#27;[0m&amp#27;[37m╗&amp#27;[0m&amp#27;[37m╔&amp#27;[0m&amp#27;[37m═&amp#27;[0m&amp#27;[37m═&amp#27;[0m&amp#27;[37m═&amp#27;[0m&amp#27;[37m╗&amp#27;[0m&amp#27;[37m╔&amp#27;[0m&amp#27;[37m═&amp#27;[0m&amp#27;[37m═&amp#27;[0m&amp#27;[37m═&amp#27;[0m&amp#27;[37m╗&amp#27;[0m&amp#27;[37m╔&amp#27;[0m&amp#27;[37m═&amp#27;[0m&amp#27;[37m═&amp#27;[0m&amp#27;[37m═&amp#27;[0m&amp#27;[37m╗&amp#27;[0m&amp#27;[37m╔&amp#27;[0m&amp#27;[37m═&amp#27;[0m&amp#27;[37m═&amp#27;[0m&amp#27;[37m═&amp#27;[0m&amp#27;[37m╗&amp#27;[0m&amp#27;[37m╔&amp#27;[0m&amp#27;[37m═&amp#27;[0m&amp#27;[37m═&amp#27;[0m&amp#27;[37m═&amp#27;[0m&amp#27;[37m╗&amp#27;[0m&amp#27;[37m╔&amp#27;[0m&amp#27;[37m═&amp#27;[0m&amp#27;[37m═&amp#27;[0m&amp#27;[37m═&amp#27;[0m&amp#27;[37m╗&amp#27;[0m&amp#27;[37m╔&amp#27;[0m&amp#27;[37m═&amp#27;[0m&amp#27;[37m═&amp#27;[0m&amp#27;[37m═&amp#27;[0m&amp#27;[37m╗&amp#27;[0m
&amp#27;[37m║&amp#27;[0m&amp#27;[37m &amp#27;[0m&amp#27;[37m &amp#27;[0m&amp#27;[37m &amp#27;[0m&amp#27;[37m║&amp#27;[0m&amp#27;[37m║&amp#27;[0m&amp#27;[37m &amp#27;[0m&amp#27;[37m &amp#27;[0m&amp#27;[37m &amp#27;[0m&amp#27;[37m║&amp#27;[0m&amp#27;[37m║&amp#27;[0m&amp#27;[37m &amp#27;[0m&amp#27;[37m &amp#27;[0m&amp#27;[37m &amp#27;[0m&amp#27;[37m║&amp#27;[0m&amp#27;[37m║&amp#27;[0m&amp#27;[37m &amp#27;[0m&amp#27;[37m &amp#27;[0m&amp#27;[37m &amp#27;[0m&amp#27;[37m║&amp#27;[0m&amp#27;[37m║&amp#27;[0m&amp#27;[37m &amp#27;[0m&amp#27;[37m &amp#27;[0m&amp#27;[37m &amp#27;[0m&amp#27;[37m║&amp#27;[0m&amp#27;[37m║&amp#27;[0m&amp#27;[37m &amp#27;[0m&amp#27;[37m &amp#27;[0m&amp#27;[37m &amp#27;[0m&amp#27;[37m║&amp#27;[0m&amp#27;[37m║&amp#27;[0m&amp#27;[37m &amp#27;[0m&amp#27;[37m &amp#27;[0m&amp#27;[37m &amp#27;[0m&amp#27;[37m║&amp#27;[0m&amp#27;[37m║&amp#27;[0m&amp#27;[37m &amp#27;[0m&amp#27;[37m &amp#27;[0m&amp#27;[37m &amp#27;[0m&amp#27;[37m║&amp#27;[0m&amp#27;[37m║&amp#27;[0m&amp#27;[37m &amp#27;[0m&amp#27;[37m &amp#27;[0m&amp#27;[37m &amp#27;[0m&amp#27;[37m║&amp#27;[0m&amp#27;[37m║&amp#27;[0m&amp#27;[37m &amp#27;[0m&amp#27;[37m &amp#27;[0m&amp#27;[37m &amp#27;[0m&amp#27;[37m║&amp#27;[0m
&amp#27;[37m╚&amp#27;[0m&amp#27;[37m═&amp#27;[0m&amp#27;[37m═&amp#27;[0m&amp#27;[37m═&amp#27;[0m&amp#27;[37m╝&amp#27;[0m&amp#27;[37m╚&amp#27;[0m&amp#27;[37m═&amp#27;[0m&amp#27;[37m═&amp#27;[0m&amp#27;[37m═&amp#27;[0m&amp#27;[37m╝&amp#27;[0m&amp#27;[37m╚&amp#27;[0m&amp#27;[37m═&amp#27;[0m&amp#27;[37m═&amp#27;[0m&amp#27;[37m═&amp#27;[0m&amp#27;[37m╝&amp#27;[0m&amp#27;[37m╚&amp#27;[0m&amp#27;[37m═&amp#27;[0m&amp#27;[37m═&amp#27;[0m&amp#27;[37m═&amp#27;[0m&amp#27;[37m╝&amp#27;[0m&amp#27;[37m╚&amp#27;[0m&amp#27;[37m═&amp#27;[0m&amp#27;[37m═&amp#27;[0m&amp#27;[37m═&amp#27;[0m&amp#27;[37m╝&amp#27;[0m&amp#27;[37m╚&amp#27;[0m&amp#27;[37m═&amp#27;[0m&amp#27;[37m═&amp#27;[0m&amp#27;[37m═&amp#27;[0m&amp#27;[37m╝&amp#27;[0m&amp#27;[37m╚&amp#27;[0m&amp#27;[37m═&amp#27;[0m&amp#27;[37m═&amp#27;[0m&amp#27;[37m═&amp#27;[0m&amp#27;[37m╝&amp#27;[0m&amp#27;[37m╚&amp#27;[0m&amp#27;[37m═&amp#27;[0m&amp#27;[37m═&amp#27;[0m&amp#27;[37m═&amp#27;[0m&amp#27;[37m╝&amp#27;[0m&amp#27;[37m╚&amp#27;[0m&amp#27;[37m═&amp#27;[0m&amp#27;[37m═&amp#27;[0m&amp#27;[37m═&amp#27;[0m&amp#27;[37m╝&amp#27;[0m&amp#27;[37m╚&amp#27;[0m&amp#27;[37m═&amp#27;[0m&amp#27;[37m═&amp#27;[0m&amp#27;[37m═&amp#27;[0m&amp#27;[37m╝&amp#27;[0m
]]></system-out>
  </testcase>
  <testcase name="should_find_engines_with_components_behind" classname="org.mio.progettoingsoft.ShipBoardTest" time="0.001"/>
  <testcase name="should_test_matrix_id_creation" classname="org.mio.progettoingsoft.ShipBoardTest" time="0.001"/>
  <testcase name="should_remove_energy" classname="org.mio.progettoingsoft.ShipBoardTest" time="0.001">
    <system-out><![CDATA[&amp#27;[90m[2025-06-27 13:02:51] [main] [DEBUG] [RemoveEnergyEvent] removed energy from 6&amp#27;[0m
&amp#27;[90m[2025-06-27 13:02:51] [main] [DEBUG] [RemoveEnergyEvent] removed energy from 6&amp#27;[0m
]]></system-out>
  </testcase>
  <testcase name="should_find_pieces_not_connected" classname="org.mio.progettoingsoft.ShipBoardTest" time="0.001"/>
  <testcase name="should_get_base_engine_power" classname="org.mio.progettoingsoft.ShipBoardTest" time="0.001"/>
  <testcase name="should_get_drills" classname="org.mio.progettoingsoft.ShipBoardTest" time="0.001">
    <system-out><![CDATA[        4        5        6        7        8        9       10    
                                        &amp#27;[37m┌&amp#27;[0m&amp#27;[37m─&amp#27;[0m&amp#27;[37m─&amp#27;[0m&amp#27;[37m─&amp#27;[0m&amp#27;[37m─&amp#27;[0m&amp#27;[37m─&amp#27;[0m&amp#27;[37m─&amp#27;[0m&amp#27;[37m─&amp#27;[0m&amp#27;[37m┐&amp#27;[0m                  
                                        &amp#27;[37m│&amp#27;[0m&amp#27;[37md&amp#27;[0m&amp#27;[37mo&amp#27;[0m&amp#27;[37mu&amp#27;[0m&amp#27;[37mb&amp#27;[0m&amp#27;[37ml&amp#27;[0m&amp#27;[37me&amp#27;[0m&amp#27;[37m &amp#27;[0m&amp#27;[37m│&amp#27;[0m                  
5                                       &amp#27;[37m│&amp#27;[0m&amp#27;[37m &amp#27;[0m&amp#27;[37md&amp#27;[0m&amp#27;[37mr&amp#27;[0m&amp#27;[37mi&amp#27;[0m&amp#27;[37ml&amp#27;[0m&amp#27;[37ml&amp#27;[0m&amp#27;[37m &amp#27;[0m&amp#27;[37m│&amp#27;[0m                  
                                        &amp#27;[37m│&amp#27;[0m&amp#27;[37m &amp#27;[0m&amp#27;[37m &amp#27;[0m&amp#27;[37m &amp#27;[0m&amp#27;[37m↑&amp#27;[0m&amp#27;[37m &amp#27;[0m&amp#27;[37m &amp#27;[0m&amp#27;[37m &amp#27;[0m&amp#27;[37m│&amp#27;[0m                  
                                        &amp#27;[37m└&amp#27;[0m&amp#27;[37m─&amp#27;[0m&amp#27;[37m─&amp#27;[0m&amp#27;[37m─&amp#27;[0m&amp#27;[37m╦&amp#27;[0m&amp#27;[37m─&amp#27;[0m&amp#27;[37m─&amp#27;[0m&amp#27;[37m─&amp#27;[0m&amp#27;[37m┘&amp#27;[0m                  
             &amp#27;[37m┌&amp#27;[0m&amp#27;[37m─&amp#27;[0m&amp#27;[37m─&amp#27;[0m&amp#27;[37m─&amp#27;[0m&amp#27;[37m─&amp#27;[0m&amp#27;[37m─&amp#27;[0m&amp#27;[37m─&amp#27;[0m&amp#27;[37m─&amp#27;[0m&amp#27;[37m┐&amp#27;[0m&amp#27;[34m┌&amp#27;[0m&amp#27;[34m─&amp#27;[0m&amp#27;[34m─&amp#27;[0m&amp#27;[34m─&amp#27;[0m&amp#27;[34m─&amp#27;[0m&amp#27;[34m─&amp#27;[0m&amp#27;[34m─&amp#27;[0m&amp#27;[34m─&amp#27;[0m&amp#27;[34m┐&amp#27;[0m&amp#27;[37m┌&amp#27;[0m&amp#27;[37m─&amp#27;[0m&amp#27;[37m─&amp#27;[0m&amp#27;[37m─&amp#27;[0m&amp#27;[37m─&amp#27;[0m&amp#27;[37m─&amp#27;[0m&amp#27;[37m─&amp#27;[0m&amp#27;[37m─&amp#27;[0m&amp#27;[37m┐&amp#27;[0m&amp#27;[37m┌&amp#27;[0m&amp#27;[37m─&amp#27;[0m&amp#27;[37m─&amp#27;[0m&amp#27;[37m╩&amp#27;[0m&amp#27;[37m╩&amp#27;[0m&amp#27;[37m╩&amp#27;[0m&amp#27;[37m─&amp#27;[0m&amp#27;[37m─&amp#27;[0m&amp#27;[37m┐&amp#27;[0m&amp#27;[37m┌&amp#27;[0m&amp#27;[37m─&amp#27;[0m&amp#27;[37m─&amp#27;[0m&amp#27;[37m─&amp#27;[0m&amp#27;[37m─&amp#27;[0m&amp#27;[37m─&amp#27;[0m&amp#27;[37m─&amp#27;[0m&amp#27;[37m─&amp#27;[0m&amp#27;[37m┐&amp#27;[0m         
             &amp#27;[37m│&amp#27;[0m&amp#27;[37md&amp#27;[0m&amp#27;[37mo&amp#27;[0m&amp#27;[37mu&amp#27;[0m&amp#27;[37mb&amp#27;[0m&amp#27;[37ml&amp#27;[0m&amp#27;[37me&amp#27;[0m&amp#27;[37m &amp#27;[0m&amp#27;[37m╟&amp#27;[0m&amp#27;[34m╢&amp#27;[0m&amp#27;[34md&amp#27;[0m&amp#27;[34mo&amp#27;[0m&amp#27;[34mu&amp#27;[0m&amp#27;[34mb&amp#27;[0m&amp#27;[34ml&amp#27;[0m&amp#27;[34me&amp#27;[0m&amp#27;[34m &amp#27;[0m&amp#27;[34m╟&amp#27;[0m&amp#27;[37m╢&amp#27;[0m&amp#27;[37m &amp#27;[0m&amp#27;[37md&amp#27;[0m&amp#27;[37mr&amp#27;[0m&amp#27;[37mi&amp#27;[0m&amp#27;[37ml&amp#27;[0m&amp#27;[37ml&amp#27;[0m&amp#27;[37m &amp#27;[0m&amp#27;[37m│&amp#27;[0m&amp#27;[37m│&amp#27;[0m&amp#27;[37m &amp#27;[0m&amp#27;[37mp&amp#27;[0m&amp#27;[37mi&amp#27;[0m&amp#27;[37mp&amp#27;[0m&amp#27;[37me&amp#27;[0m&amp#27;[37m &amp#27;[0m&amp#27;[37m &amp#27;[0m&amp#27;[37m│&amp#27;[0m&amp#27;[37m│&amp#27;[0m&amp#27;[37m &amp#27;[0m&amp#27;[37md&amp#27;[0m&amp#27;[37mr&amp#27;[0m&amp#27;[37mi&amp#27;[0m&amp#27;[37ml&amp#27;[0m&amp#27;[37ml&amp#27;[0m&amp#27;[37m &amp#27;[0m&amp#27;[37m│&amp#27;[0m         
6            &amp#27;[37m│&amp#27;[0m&amp#27;[37m &amp#27;[0m&amp#27;[37md&amp#27;[0m&amp#27;[37mr&amp#27;[0m&amp#27;[37mi&amp#27;[0m&amp#27;[37ml&amp#27;[0m&amp#27;[37ml&amp#27;[0m&amp#27;[37m &amp#27;[0m&amp#27;[37m╟&amp#27;[0m&amp#27;[34m╢&amp#27;[0m&amp#27;[34m &amp#27;[0m&amp#27;[34md&amp#27;[0m&amp#27;[34me&amp#27;[0m&amp#27;[34mp&amp#27;[0m&amp#27;[34mo&amp#27;[0m&amp#27;[34mt&amp#27;[0m&amp#27;[34m &amp#27;[0m&amp#27;[34m│&amp#27;[0m&amp#27;[37m│&amp#27;[0m&amp#27;[37m &amp#27;[0m&amp#27;[37m &amp#27;[0m&amp#27;[37m &amp#27;[0m&amp#27;[37m &amp#27;[0m&amp#27;[37m &amp#27;[0m&amp#27;[37m &amp#27;[0m&amp#27;[37m &amp#27;[0m&amp#27;[37m╟&amp#27;[0m&amp#27;[37m╢&amp#27;[0m&amp#27;[37m &amp#27;[0m&amp#27;[37m &amp#27;[0m&amp#27;[37m &amp#27;[0m&amp#27;[37m &amp#27;[0m&amp#27;[37m &amp#27;[0m&amp#27;[37m &amp#27;[0m&amp#27;[37m &amp#27;[0m&amp#27;[37m│&amp#27;[0m&amp#27;[37m│&amp#27;[0m&amp#27;[37m &amp#27;[0m&amp#27;[37m &amp#27;[0m&amp#27;[37m &amp#27;[0m&amp#27;[37m &amp#27;[0m&amp#27;[37m &amp#27;[0m&amp#27;[37m &amp#27;[0m&amp#27;[37m &amp#27;[0m&amp#27;[37m│&amp#27;[0m         
             &amp#27;[37m│&amp#27;[0m&amp#27;[37m &amp#27;[0m&amp#27;[37m &amp#27;[0m&amp#27;[37m &amp#27;[0m&amp#27;[37m↑&amp#27;[0m&amp#27;[37m &amp#27;[0m&amp#27;[37m &amp#27;[0m&amp#27;[37m &amp#27;[0m&amp#27;[37m╟&amp#27;[0m&amp#27;[34m╢&amp#27;[0m&amp#27;[34m &amp#27;[0m&amp#27;[34m &amp#27;[0m&amp#27;[34m□&amp#27;[0m&amp#27;[33m□&amp#27;[0m&amp#27;[34m &amp#27;[0m&amp#27;[34m &amp#27;[0m&amp#27;[34m &amp#27;[0m&amp#27;[34m╟&amp#27;[0m&amp#27;[37m╢&amp#27;[0m&amp#27;[37m &amp#27;[0m&amp#27;[37m &amp#27;[0m&amp#27;[37m &amp#27;[0m&amp#27;[37m↑&amp#27;[0m&amp#27;[37m &amp#27;[0m&amp#27;[37m &amp#27;[0m&amp#27;[37m &amp#27;[0m&amp#27;[37m│&amp#27;[0m&amp#27;[37m│&amp#27;[0m&amp#27;[37m &amp#27;[0m&amp#27;[37m &amp#27;[0m&amp#27;[37m &amp#27;[0m&amp#27;[37m &amp#27;[0m&amp#27;[37m &amp#27;[0m&amp#27;[37m &amp#27;[0m&amp#27;[37m &amp#27;[0m&amp#27;[37m│&amp#27;[0m&amp#27;[37m│&amp#27;[0m&amp#27;[37m &amp#27;[0m&amp#27;[37m &amp#27;[0m&amp#27;[37m &amp#27;[0m&amp#27;[37m→&amp#27;[0m&amp#27;[37m &amp#27;[0m&amp#27;[37m &amp#27;[0m&amp#27;[37m &amp#27;[0m&amp#27;[37m│&amp#27;[0m         
             &amp#27;[37m└&amp#27;[0m&amp#27;[37m─&amp#27;[0m&amp#27;[37m─&amp#27;[0m&amp#27;[37m╦&amp#27;[0m&amp#27;[37m─&amp#27;[0m&amp#27;[37m╦&amp#27;[0m&amp#27;[37m─&amp#27;[0m&amp#27;[37m─&amp#27;[0m&amp#27;[37m┘&amp#27;[0m&amp#27;[34m└&amp#27;[0m&amp#27;[34m─&amp#27;[0m&amp#27;[34m─&amp#27;[0m&amp#27;[34m─&amp#27;[0m&amp#27;[34m╦&amp#27;[0m&amp#27;[34m─&amp#27;[0m&amp#27;[34m─&amp#27;[0m&amp#27;[34m─&amp#27;[0m&amp#27;[34m┘&amp#27;[0m&amp#27;[37m└&amp#27;[0m&amp#27;[37m─&amp#27;[0m&amp#27;[37m─&amp#27;[0m&amp#27;[37m╦&amp#27;[0m&amp#27;[37m╦&amp#27;[0m&amp#27;[37m╦&amp#27;[0m&amp#27;[37m─&amp#27;[0m&amp#27;[37m─&amp#27;[0m&amp#27;[37m┘&amp#27;[0m&amp#27;[37m└&amp#27;[0m&amp#27;[37m─&amp#27;[0m&amp#27;[37m─&amp#27;[0m&amp#27;[37m╦&amp#27;[0m&amp#27;[37m╦&amp#27;[0m&amp#27;[37m╦&amp#27;[0m&amp#27;[37m─&amp#27;[0m&amp#27;[37m─&amp#27;[0m&amp#27;[37m┘&amp#27;[0m&amp#27;[37m└&amp#27;[0m&amp#27;[37m─&amp#27;[0m&amp#27;[37m─&amp#27;[0m&amp#27;[37m╦&amp#27;[0m&amp#27;[37m─&amp#27;[0m&amp#27;[37m╦&amp#27;[0m&amp#27;[37m─&amp#27;[0m&amp#27;[37m─&amp#27;[0m&amp#27;[37m┘&amp#27;[0m         
    &amp#27;[37m┌&amp#27;[0m&amp#27;[37m─&amp#27;[0m&amp#27;[37m─&amp#27;[0m&amp#27;[37m─&amp#27;[0m&amp#27;[37m─&amp#27;[0m&amp#27;[37m─&amp#27;[0m&amp#27;[37m─&amp#27;[0m&amp#27;[37m─&amp#27;[0m&amp#27;[37m┐&amp#27;[0m&amp#27;[37m┌&amp#27;[0m&amp#27;[37m─&amp#27;[0m&amp#27;[37m─&amp#27;[0m&amp#27;[37m╩&amp#27;[0m&amp#27;[37m╩&amp#27;[0m&amp#27;[37m╩&amp#27;[0m&amp#27;[37m─&amp#27;[0m&amp#27;[37m─&amp#27;[0m&amp#27;[37m┐&amp#27;[0m&amp#27;[37m┌&amp#27;[0m&amp#27;[37m─&amp#27;[0m&amp#27;[37m─&amp#27;[0m&amp#27;[37m─&amp#27;[0m&amp#27;[37m╩&amp#27;[0m&amp#27;[37m─&amp#27;[0m&amp#27;[37m─&amp#27;[0m&amp#27;[37m─&amp#27;[0m&amp#27;[37m┐&amp#27;[0m&amp#27;[33m┌&amp#27;[0m&amp#27;[33m─&amp#27;[0m&amp#27;[33m─&amp#27;[0m&amp#27;[33m╩&amp#27;[0m&amp#27;[33m╩&amp#27;[0m&amp#27;[33m╩&amp#27;[0m&amp#27;[33m─&amp#27;[0m&amp#27;[33m─&amp#27;[0m&amp#27;[33m┐&amp#27;[0m&amp#27;[34m┌&amp#27;[0m&amp#27;[34m─&amp#27;[0m&amp#27;[34m─&amp#27;[0m&amp#27;[34m╩&amp#27;[0m&amp#27;[34m─&amp#27;[0m&amp#27;[34m╩&amp#27;[0m&amp#27;[34m─&amp#27;[0m&amp#27;[34m─&amp#27;[0m&amp#27;[34m┐&amp#27;[0m&amp#27;[37m┌&amp#27;[0m&amp#27;[37m─&amp#27;[0m&amp#27;[37m─&amp#27;[0m&amp#27;[37m╩&amp#27;[0m&amp#27;[37m╩&amp#27;[0m&amp#27;[37m╩&amp#27;[0m&amp#27;[37m─&amp#27;[0m&amp#27;[37m─&amp#27;[0m&amp#27;[37m┐&amp#27;[0m&amp#27;[37m┌&amp#27;[0m&amp#27;[37m─&amp#27;[0m&amp#27;[37m─&amp#27;[0m&amp#27;[37m─&amp#27;[0m&amp#27;[37m─&amp#27;[0m&amp#27;[37m─&amp#27;[0m&amp#27;[37m─&amp#27;[0m&amp#27;[37m─&amp#27;[0m&amp#27;[37m┐&amp#27;[0m
    &amp#27;[37m│&amp#27;[0m&amp#27;[37m &amp#27;[0m&amp#27;[37md&amp#27;[0m&amp#27;[37mr&amp#27;[0m&amp#27;[37mi&amp#27;[0m&amp#27;[37ml&amp#27;[0m&amp#27;[37ml&amp#27;[0m&amp#27;[37m &amp#27;[0m&amp#27;[37m│&amp#27;[0m&amp#27;[37m│&amp#27;[0m&amp#27;[37m &amp#27;[0m&amp#27;[37mp&amp#27;[0m&amp#27;[37mi&amp#27;[0m&amp#27;[37mp&amp#27;[0m&amp#27;[37me&amp#27;[0m&amp#27;[37m &amp#27;[0m&amp#27;[37m &amp#27;[0m&amp#27;[37m╟&amp#27;[0m&amp#27;[37m╢&amp#27;[0m&amp#27;[37ms&amp#27;[0m&amp#27;[37mh&amp#27;[0m&amp#27;[37mi&amp#27;[0m&amp#27;[37me&amp#27;[0m&amp#27;[37ml&amp#27;[0m&amp#27;[37md&amp#27;[0m&amp#27;[37m &amp#27;[0m&amp#27;[37m╟&amp#27;[0m&amp#27;[33m╢&amp#27;[0m&amp#27;[33ms&amp#27;[0m&amp#27;[33mt&amp#27;[0m&amp#27;[33ma&amp#27;[0m&amp#27;[33mr&amp#27;[0m&amp#27;[33mt&amp#27;[0m&amp#27;[33me&amp#27;[0m&amp#27;[33mr&amp#27;[0m&amp#27;[33m╟&amp#27;[0m&amp#27;[34m│&amp#27;[0m&amp#27;[34md&amp#27;[0m&amp#27;[34mo&amp#27;[0m&amp#27;[34mu&amp#27;[0m&amp#27;[34mb&amp#27;[0m&amp#27;[34ml&amp#27;[0m&amp#27;[34me&amp#27;[0m&amp#27;[34m &amp#27;[0m&amp#27;[34m│&amp#27;[0m&amp#27;[37m│&amp#27;[0m&amp#27;[37me&amp#27;[0m&amp#27;[37mn&amp#27;[0m&amp#27;[37me&amp#27;[0m&amp#27;[37mr&amp#27;[0m&amp#27;[37mg&amp#27;[0m&amp#27;[37my&amp#27;[0m&amp#27;[37m &amp#27;[0m&amp#27;[37m│&amp#27;[0m&amp#27;[37m│&amp#27;[0m&amp#27;[37m &amp#27;[0m&amp#27;[37md&amp#27;[0m&amp#27;[37mr&amp#27;[0m&amp#27;[37mi&amp#27;[0m&amp#27;[37ml&amp#27;[0m&amp#27;[37ml&amp#27;[0m&amp#27;[37m &amp#27;[0m&amp#27;[37m│&amp#27;[0m
7   &amp#27;[37m│&amp#27;[0m&amp#27;[37m &amp#27;[0m&amp#27;[37m &amp#27;[0m&amp#27;[37m &amp#27;[0m&amp#27;[37m &amp#27;[0m&amp#27;[37m &amp#27;[0m&amp#27;[37m &amp#27;[0m&amp#27;[37m &amp#27;[0m&amp#27;[37m│&amp#27;[0m&amp#27;[37m│&amp#27;[0m&amp#27;[37m &amp#27;[0m&amp#27;[37m &amp#27;[0m&amp#27;[37m &amp#27;[0m&amp#27;[37m &amp#27;[0m&amp#27;[37m &amp#27;[0m&amp#27;[37m &amp#27;[0m&amp#27;[37m &amp#27;[0m&amp#27;[37m╟&amp#27;[0m&amp#27;[37m│&amp#27;[0m&amp#27;[37m &amp#27;[0m&amp#27;[37m &amp#27;[0m&amp#27;[37m &amp#27;[0m&amp#27;[37m &amp#27;[0m&amp#27;[37m &amp#27;[0m&amp#27;[37m &amp#27;[0m&amp#27;[37m &amp#27;[0m&amp#27;[37m│&amp#27;[0m&amp#27;[33m╢&amp#27;[0m&amp#27;[33mc&amp#27;[0m&amp#27;[33ma&amp#27;[0m&amp#27;[33mb&amp#27;[0m&amp#27;[33mi&amp#27;[0m&amp#27;[33mn&amp#27;[0m&amp#27;[33m &amp#27;[0m&amp#27;[33m &amp#27;[0m&amp#27;[33m╟&amp#27;[0m&amp#27;[34m╢&amp#27;[0m&amp#27;[34m &amp#27;[0m&amp#27;[34md&amp#27;[0m&amp#27;[34me&amp#27;[0m&amp#27;[34mp&amp#27;[0m&amp#27;[34mo&amp#27;[0m&amp#27;[34mt&amp#27;[0m&amp#27;[34m &amp#27;[0m&amp#27;[34m╟&amp#27;[0m&amp#27;[37m╢&amp#27;[0m&amp#27;[37md&amp#27;[0m&amp#27;[37me&amp#27;[0m&amp#27;[37mp&amp#27;[0m&amp#27;[37mo&amp#27;[0m&amp#27;[37mt&amp#27;[0m&amp#27;[37m2&amp#27;[0m&amp#27;[37m &amp#27;[0m&amp#27;[37m╟&amp#27;[0m&amp#27;[37m╢&amp#27;[0m&amp#27;[37m &amp#27;[0m&amp#27;[37m &amp#27;[0m&amp#27;[37m &amp#27;[0m&amp#27;[37m &amp#27;[0m&amp#27;[37m &amp#27;[0m&amp#27;[37m &amp#27;[0m&amp#27;[37m &amp#27;[0m&amp#27;[37m│&amp#27;[0m
    &amp#27;[37m│&amp#27;[0m&amp#27;[37m &amp#27;[0m&amp#27;[37m &amp#27;[0m&amp#27;[37m &amp#27;[0m&amp#27;[37m←&amp#27;[0m&amp#27;[37m &amp#27;[0m&amp#27;[37m &amp#27;[0m&amp#27;[37m &amp#27;[0m&amp#27;[37m│&amp#27;[0m&amp#27;[37m│&amp#27;[0m&amp#27;[37m &amp#27;[0m&amp#27;[37m &amp#27;[0m&amp#27;[37m &amp#27;[0m&amp#27;[37m &amp#27;[0m&amp#27;[37m &amp#27;[0m&amp#27;[37m &amp#27;[0m&amp#27;[37m &amp#27;[0m&amp#27;[37m╟&amp#27;[0m&amp#27;[37m╢&amp#27;[0m&amp#27;[37m &amp#27;[0m&amp#27;[37m &amp#27;[0m&amp#27;[37m→&amp#27;[0m&amp#27;[37m &amp#27;[0m&amp#27;[37m↓&amp#27;[0m&amp#27;[37m &amp#27;[0m&amp#27;[37m &amp#27;[0m&amp#27;[37m╟&amp#27;[0m&amp#27;[33m╢&amp#27;[0m&amp#27;[33m &amp#27;[0m&amp#27;[33m &amp#27;[0m&amp#27;[33mo&amp#27;[0m&amp#27;[33m &amp#27;[0m&amp#27;[33mo&amp#27;[0m&amp#27;[33m &amp#27;[0m&amp#27;[33m &amp#27;[0m&amp#27;[33m╟&amp#27;[0m&amp#27;[34m│&amp#27;[0m&amp#27;[34m &amp#27;[0m&amp#27;[34m &amp#27;[0m&amp#27;[33m□&amp#27;[0m&amp#27;[32m□&amp#27;[0m&amp#27;[34m &amp#27;[0m&amp#27;[34m &amp#27;[0m&amp#27;[34m &amp#27;[0m&amp#27;[34m│&amp#27;[0m&amp#27;[37m│&amp#27;[0m&amp#27;[37m &amp#27;[0m&amp#27;[37m &amp#27;[0m&amp#27;[37m▓&amp#27;[0m&amp#27;[37m▓&amp#27;[0m&amp#27;[37m &amp#27;[0m&amp#27;[37m &amp#27;[0m&amp#27;[37m &amp#27;[0m&amp#27;[37m│&amp#27;[0m&amp#27;[37m│&amp#27;[0m&amp#27;[37m &amp#27;[0m&amp#27;[37m &amp#27;[0m&amp#27;[37m &amp#27;[0m&amp#27;[37m↑&amp#27;[0m&amp#27;[37m &amp#27;[0m&amp#27;[37m &amp#27;[0m&amp#27;[37m &amp#27;[0m&amp#27;[37m│&amp#27;[0m
    &amp#27;[37m└&amp#27;[0m&amp#27;[37m─&amp#27;[0m&amp#27;[37m─&amp#27;[0m&amp#27;[37m╦&amp#27;[0m&amp#27;[37m─&amp#27;[0m&amp#27;[37m╦&amp#27;[0m&amp#27;[37m─&amp#27;[0m&amp#27;[37m─&amp#27;[0m&amp#27;[37m┘&amp#27;[0m&amp#27;[37m└&amp#27;[0m&amp#27;[37m─&amp#27;[0m&amp#27;[37m─&amp#27;[0m&amp#27;[37m╦&amp#27;[0m&amp#27;[37m─&amp#27;[0m&amp#27;[37m╦&amp#27;[0m&amp#27;[37m─&amp#27;[0m&amp#27;[37m─&amp#27;[0m&amp#27;[37m┘&amp#27;[0m&amp#27;[37m└&amp#27;[0m&amp#27;[37m─&amp#27;[0m&amp#27;[37m─&amp#27;[0m&amp#27;[37m─&amp#27;[0m&amp#27;[37m╦&amp#27;[0m&amp#27;[37m─&amp#27;[0m&amp#27;[37m─&amp#27;[0m&amp#27;[37m─&amp#27;[0m&amp#27;[37m┘&amp#27;[0m&amp#27;[33m└&amp#27;[0m&amp#27;[33m─&amp#27;[0m&amp#27;[33m─&amp#27;[0m&amp#27;[33m╦&amp#27;[0m&amp#27;[33m╦&amp#27;[0m&amp#27;[33m╦&amp#27;[0m&amp#27;[33m─&amp#27;[0m&amp#27;[33m─&amp#27;[0m&amp#27;[33m┘&amp#27;[0m&amp#27;[34m└&amp#27;[0m&amp#27;[34m─&amp#27;[0m&amp#27;[34m─&amp#27;[0m&amp#27;[34m╦&amp#27;[0m&amp#27;[34m╦&amp#27;[0m&amp#27;[34m╦&amp#27;[0m&amp#27;[34m─&amp#27;[0m&amp#27;[34m─&amp#27;[0m&amp#27;[34m┘&amp#27;[0m&amp#27;[37m└&amp#27;[0m&amp#27;[37m─&amp#27;[0m&amp#27;[37m─&amp#27;[0m&amp#27;[37m─&amp#27;[0m&amp#27;[37m╦&amp#27;[0m&amp#27;[37m─&amp#27;[0m&amp#27;[37m─&amp#27;[0m&amp#27;[37m─&amp#27;[0m&amp#27;[37m┘&amp#27;[0m&amp#27;[37m└&amp#27;[0m&amp#27;[37m─&amp#27;[0m&amp#27;[37m─&amp#27;[0m&amp#27;[37m╦&amp#27;[0m&amp#27;[37m╦&amp#27;[0m&amp#27;[37m╦&amp#27;[0m&amp#27;[37m─&amp#27;[0m&amp#27;[37m─&amp#27;[0m&amp#27;[37m┘&amp#27;[0m
    &amp#27;[37m┌&amp#27;[0m&amp#27;[37m─&amp#27;[0m&amp#27;[37m─&amp#27;[0m&amp#27;[37m╩&amp#27;[0m&amp#27;[37m─&amp#27;[0m&amp#27;[37m╩&amp#27;[0m&amp#27;[37m─&amp#27;[0m&amp#27;[37m─&amp#27;[0m&amp#27;[37m┐&amp#27;[0m&amp#27;[37m┌&amp#27;[0m&amp#27;[37m─&amp#27;[0m&amp#27;[37m─&amp#27;[0m&amp#27;[37m╩&amp#27;[0m&amp#27;[37m─&amp#27;[0m&amp#27;[37m╩&amp#27;[0m&amp#27;[37m─&amp#27;[0m&amp#27;[37m─&amp#27;[0m&amp#27;[37m┐&amp#27;[0m&amp#27;[37m┌&amp#27;[0m&amp#27;[37m─&amp#27;[0m&amp#27;[37m─&amp#27;[0m&amp#27;[37m─&amp#27;[0m&amp#27;[37m╩&amp#27;[0m&amp#27;[37m─&amp#27;[0m&amp#27;[37m─&amp#27;[0m&amp#27;[37m─&amp#27;[0m&amp#27;[37m┐&amp#27;[0m&amp#27;[37m┌&amp#27;[0m&amp#27;[37m─&amp#27;[0m&amp#27;[37m─&amp#27;[0m&amp#27;[37m─&amp#27;[0m&amp#27;[37m╩&amp#27;[0m&amp#27;[37m─&amp#27;[0m&amp#27;[37m─&amp#27;[0m&amp#27;[37m─&amp#27;[0m&amp#27;[37m┐&amp#27;[0m&amp#27;[35m┌&amp#27;[0m&amp#27;[35m─&amp#27;[0m&amp#27;[35m─&amp#27;[0m&amp#27;[35m─&amp#27;[0m&amp#27;[35m╩&amp#27;[0m&amp#27;[35m─&amp#27;[0m&amp#27;[35m─&amp#27;[0m&amp#27;[35m─&amp#27;[0m&amp#27;[35m┐&amp#27;[0m&amp#27;[34m┌&amp#27;[0m&amp#27;[34m─&amp#27;[0m&amp#27;[34m─&amp#27;[0m&amp#27;[34m╩&amp#27;[0m&amp#27;[34m╩&amp#27;[0m&amp#27;[34m╩&amp#27;[0m&amp#27;[34m─&amp#27;[0m&amp#27;[34m─&amp#27;[0m&amp#27;[34m┐&amp#27;[0m&amp#27;[31m┌&amp#27;[0m&amp#27;[31m─&amp#27;[0m&amp#27;[31m─&amp#27;[0m&amp#27;[31m╩&amp#27;[0m&amp#27;[31m─&amp#27;[0m&amp#27;[31m╩&amp#27;[0m&amp#27;[31m─&amp#27;[0m&amp#27;[31m─&amp#27;[0m&amp#27;[31m┐&amp#27;[0m
    &amp#27;[37m│&amp#27;[0m&amp#27;[37mh&amp#27;[0m&amp#27;[37mo&amp#27;[0m&amp#27;[37mu&amp#27;[0m&amp#27;[37ms&amp#27;[0m&amp#27;[37mi&amp#27;[0m&amp#27;[37mn&amp#27;[0m&amp#27;[37mg&amp#27;[0m&amp#27;[37m╟&amp#27;[0m&amp#27;[37m╢&amp#27;[0m&amp#27;[37me&amp#27;[0m&amp#27;[37mn&amp#27;[0m&amp#27;[37me&amp#27;[0m&amp#27;[37mr&amp#27;[0m&amp#27;[37mg&amp#27;[0m&amp#27;[37my&amp#27;[0m&amp#27;[37m &amp#27;[0m&amp#27;[37m│&amp#27;[0m&amp#27;[37m╢&amp#27;[0m&amp#27;[37m &amp#27;[0m&amp#27;[37mp&amp#27;[0m&amp#27;[37mi&amp#27;[0m&amp#27;[37mp&amp#27;[0m&amp#27;[37me&amp#27;[0m&amp#27;[37m &amp#27;[0m&amp#27;[37m &amp#27;[0m&amp#27;[37m╟&amp#27;[0m&amp#27;[37m╢&amp#27;[0m&amp#27;[37mh&amp#27;[0m&amp#27;[37mo&amp#27;[0m&amp#27;[37mu&amp#27;[0m&amp#27;[37ms&amp#27;[0m&amp#27;[37mi&amp#27;[0m&amp#27;[37mn&amp#27;[0m&amp#27;[37mg&amp#27;[0m&amp#27;[37m╟&amp#27;[0m&amp#27;[35m╢&amp#27;[0m&amp#27;[35ma&amp#27;[0m&amp#27;[35ml&amp#27;[0m&amp#27;[35mi&amp#27;[0m&amp#27;[35me&amp#27;[0m&amp#27;[35mn&amp#27;[0m&amp#27;[35m &amp#27;[0m&amp#27;[35m &amp#27;[0m&amp#27;[35m╟&amp#27;[0m&amp#27;[34m╢&amp#27;[0m&amp#27;[34md&amp#27;[0m&amp#27;[34mo&amp#27;[0m&amp#27;[34mu&amp#27;[0m&amp#27;[34mb&amp#27;[0m&amp#27;[34ml&amp#27;[0m&amp#27;[34me&amp#27;[0m&amp#27;[34m &amp#27;[0m&amp#27;[34m╟&amp#27;[0m&amp#27;[31m╢&amp#27;[0m&amp#27;[31ms&amp#27;[0m&amp#27;[31mi&amp#27;[0m&amp#27;[31mn&amp#27;[0m&amp#27;[31mg&amp#27;[0m&amp#27;[31ml&amp#27;[0m&amp#27;[31me&amp#27;[0m&amp#27;[31m &amp#27;[0m&amp#27;[31m│&amp#27;[0m
8   &amp#27;[37m│&amp#27;[0m&amp#27;[37m &amp#27;[0m&amp#27;[37m &amp#27;[0m&amp#27;[37m &amp#27;[0m&amp#27;[37m &amp#27;[0m&amp#27;[37m &amp#27;[0m&amp#27;[37m &amp#27;[0m&amp#27;[37m &amp#27;[0m&amp#27;[37m╟&amp#27;[0m&amp#27;[37m│&amp#27;[0m&amp#27;[37md&amp#27;[0m&amp#27;[37me&amp#27;[0m&amp#27;[37mp&amp#27;[0m&amp#27;[37mo&amp#27;[0m&amp#27;[37mt&amp#27;[0m&amp#27;[37m3&amp#27;[0m&amp#27;[37m &amp#27;[0m&amp#27;[37m╟&amp#27;[0m&amp#27;[37m╢&amp#27;[0m&amp#27;[37m &amp#27;[0m&amp#27;[37m &amp#27;[0m&amp#27;[37m &amp#27;[0m&amp#27;[37m &amp#27;[0m&amp#27;[37m &amp#27;[0m&amp#27;[37m &amp#27;[0m&amp#27;[37m &amp#27;[0m&amp#27;[37m│&amp#27;[0m&amp#27;[37m│&amp#27;[0m&amp#27;[37m &amp#27;[0m&amp#27;[37m &amp#27;[0m&amp#27;[37m &amp#27;[0m&amp#27;[37m &amp#27;[0m&amp#27;[37m &amp#27;[0m&amp#27;[37m &amp#27;[0m&amp#27;[37m &amp#27;[0m&amp#27;[37m│&amp#27;[0m&amp#27;[35m│&amp#27;[0m&amp#27;[35mm&amp#27;[0m&amp#27;[35mo&amp#27;[0m&amp#27;[35md&amp#27;[0m&amp#27;[35mu&amp#27;[0m&amp#27;[35ml&amp#27;[0m&amp#27;[35me&amp#27;[0m&amp#27;[35m &amp#27;[0m&amp#27;[35m│&amp#27;[0m&amp#27;[34m│&amp#27;[0m&amp#27;[34m &amp#27;[0m&amp#27;[34md&amp#27;[0m&amp#27;[34me&amp#27;[0m&amp#27;[34mp&amp#27;[0m&amp#27;[34mo&amp#27;[0m&amp#27;[34mt&amp#27;[0m&amp#27;[34m &amp#27;[0m&amp#27;[34m│&amp#27;[0m&amp#27;[31m╢&amp#27;[0m&amp#27;[31m &amp#27;[0m&amp#27;[31md&amp#27;[0m&amp#27;[31me&amp#27;[0m&amp#27;[31mp&amp#27;[0m&amp#27;[31mo&amp#27;[0m&amp#27;[31mt&amp#27;[0m&amp#27;[31m &amp#27;[0m&amp#27;[31m╟&amp#27;[0m
    &amp#27;[37m│&amp#27;[0m&amp#27;[37m &amp#27;[0m&amp#27;[37m &amp#27;[0m&amp#27;[37mo&amp#27;[0m&amp#27;[37m &amp#27;[0m&amp#27;[37mo&amp#27;[0m&amp#27;[37m &amp#27;[0m&amp#27;[37m &amp#27;[0m&amp#27;[37m╟&amp#27;[0m&amp#27;[37m╢&amp#27;[0m&amp#27;[37m &amp#27;[0m&amp#27;[37m &amp#27;[0m&amp#27;[37m▓&amp#27;[0m&amp#27;[37m▓&amp#27;[0m&amp#27;[37m▓&amp#27;[0m&amp#27;[37m &amp#27;[0m&amp#27;[37m &amp#27;[0m&amp#27;[37m│&amp#27;[0m&amp#27;[37m╢&amp#27;[0m&amp#27;[37m &amp#27;[0m&amp#27;[37m &amp#27;[0m&amp#27;[37m &amp#27;[0m&amp#27;[37m &amp#27;[0m&amp#27;[37m &amp#27;[0m&amp#27;[37m &amp#27;[0m&amp#27;[37m &amp#27;[0m&amp#27;[37m╟&amp#27;[0m&amp#27;[37m╢&amp#27;[0m&amp#27;[37m &amp#27;[0m&amp#27;[37m &amp#27;[0m&amp#27;[37m &amp#27;[0m&amp#27;[35m●&amp#27;[0m&amp#27;[37m &amp#27;[0m&amp#27;[37m &amp#27;[0m&amp#27;[37m &amp#27;[0m&amp#27;[37m╟&amp#27;[0m&amp#27;[35m╢&amp#27;[0m&amp#27;[35m &amp#27;[0m&amp#27;[35m &amp#27;[0m&amp#27;[35m &amp#27;[0m&amp#27;[35m &amp#27;[0m&amp#27;[35m &amp#27;[0m&amp#27;[35m &amp#27;[0m&amp#27;[35m &amp#27;[0m&amp#27;[35m╟&amp#27;[0m&amp#27;[34m╢&amp#27;[0m&amp#27;[34m &amp#27;[0m&amp#27;[34m &amp#27;[0m&amp#27;[33m□&amp#27;[0m&amp#27;[34m□&amp#27;[0m&amp#27;[34m &amp#27;[0m&amp#27;[34m &amp#27;[0m&amp#27;[34m &amp#27;[0m&amp#27;[34m╟&amp#27;[0m&amp#27;[31m╢&amp#27;[0m&amp#27;[31m &amp#27;[0m&amp#27;[31m &amp#27;[0m&amp#27;[31m□&amp#27;[0m&amp#27;[31m &amp#27;[0m&amp#27;[31m &amp#27;[0m&amp#27;[31m &amp#27;[0m&amp#27;[31m &amp#27;[0m&amp#27;[31m│&amp#27;[0m
    &amp#27;[37m└&amp#27;[0m&amp#27;[37m─&amp#27;[0m&amp#27;[37m─&amp#27;[0m&amp#27;[37m╦&amp#27;[0m&amp#27;[37m─&amp#27;[0m&amp#27;[37m╦&amp#27;[0m&amp#27;[37m─&amp#27;[0m&amp#27;[37m─&amp#27;[0m&amp#27;[37m┘&amp#27;[0m&amp#27;[37m└&amp#27;[0m&amp#27;[37m─&amp#27;[0m&amp#27;[37m─&amp#27;[0m&amp#27;[37m─&amp#27;[0m&amp#27;[37m─&amp#27;[0m&amp#27;[37m─&amp#27;[0m&amp#27;[37m─&amp#27;[0m&amp#27;[37m─&amp#27;[0m&amp#27;[37m┘&amp#27;[0m&amp#27;[37m└&amp#27;[0m&amp#27;[37m─&amp#27;[0m&amp#27;[37m─&amp#27;[0m&amp#27;[37m╦&amp#27;[0m&amp#27;[37m╦&amp#27;[0m&amp#27;[37m╦&amp#27;[0m&amp#27;[37m─&amp#27;[0m&amp#27;[37m─&amp#27;[0m&amp#27;[37m┘&amp#27;[0m&amp#27;[37m└&amp#27;[0m&amp#27;[37m─&amp#27;[0m&amp#27;[37m─&amp#27;[0m&amp#27;[37m─&amp#27;[0m&amp#27;[37m╦&amp#27;[0m&amp#27;[37m─&amp#27;[0m&amp#27;[37m─&amp#27;[0m&amp#27;[37m─&amp#27;[0m&amp#27;[37m┘&amp#27;[0m&amp#27;[35m└&amp#27;[0m&amp#27;[35m─&amp#27;[0m&amp#27;[35m─&amp#27;[0m&amp#27;[35m─&amp#27;[0m&amp#27;[35m─&amp#27;[0m&amp#27;[35m─&amp#27;[0m&amp#27;[35m─&amp#27;[0m&amp#27;[35m─&amp#27;[0m&amp#27;[35m┘&amp#27;[0m&amp#27;[34m└&amp#27;[0m&amp#27;[34m─&amp#27;[0m&amp#27;[34m─&amp#27;[0m&amp#27;[34m─&amp#27;[0m&amp#27;[34m╦&amp#27;[0m&amp#27;[34m─&amp#27;[0m&amp#27;[34m─&amp#27;[0m&amp#27;[34m─&amp#27;[0m&amp#27;[34m┘&amp#27;[0m&amp#27;[31m└&amp#27;[0m&amp#27;[31m─&amp#27;[0m&amp#27;[31m─&amp#27;[0m&amp#27;[31m─&amp#27;[0m&amp#27;[31m─&amp#27;[0m&amp#27;[31m─&amp#27;[0m&amp#27;[31m─&amp#27;[0m&amp#27;[31m─&amp#27;[0m&amp#27;[31m┘&amp#27;[0m
    &amp#27;[37m┌&amp#27;[0m&amp#27;[37m─&amp#27;[0m&amp#27;[37m─&amp#27;[0m&amp#27;[37m╩&amp#27;[0m&amp#27;[37m─&amp#27;[0m&amp#27;[37m╩&amp#27;[0m&amp#27;[37m─&amp#27;[0m&amp#27;[37m─&amp#27;[0m&amp#27;[37m┐&amp#27;[0m&amp#27;[37m┌&amp#27;[0m&amp#27;[37m─&amp#27;[0m&amp#27;[37m─&amp#27;[0m&amp#27;[37m─&amp#27;[0m&amp#27;[37m─&amp#27;[0m&amp#27;[37m─&amp#27;[0m&amp#27;[37m─&amp#27;[0m&amp#27;[37m─&amp#27;[0m&amp#27;[37m┐&amp#27;[0m&amp#27;[37m┌&amp#27;[0m&amp#27;[37m─&amp#27;[0m&amp#27;[37m─&amp#27;[0m&amp#27;[37m╩&amp#27;[0m&amp#27;[37m╩&amp#27;[0m&amp#27;[37m╩&amp#27;[0m&amp#27;[37m─&amp#27;[0m&amp#27;[37m─&amp#27;[0m&amp#27;[37m┐&amp#27;[0m         &amp#27;[37m┌&amp#27;[0m&amp#27;[37m─&amp#27;[0m&amp#27;[37m─&amp#27;[0m&amp#27;[37m─&amp#27;[0m&amp#27;[37m─&amp#27;[0m&amp#27;[37m─&amp#27;[0m&amp#27;[37m─&amp#27;[0m&amp#27;[37m─&amp#27;[0m&amp#27;[37m┐&amp#27;[0m&amp#27;[37m┌&amp#27;[0m&amp#27;[37m─&amp#27;[0m&amp#27;[37m─&amp#27;[0m&amp#27;[37m─&amp#27;[0m&amp#27;[37m╩&amp#27;[0m&amp#27;[37m─&amp#27;[0m&amp#27;[37m─&amp#27;[0m&amp#27;[37m─&amp#27;[0m&amp#27;[37m┐&amp#27;[0m&amp#27;[37m┌&amp#27;[0m&amp#27;[37m─&amp#27;[0m&amp#27;[37m─&amp#27;[0m&amp#27;[37m─&amp#27;[0m&amp#27;[37m─&amp#27;[0m&amp#27;[37m─&amp#27;[0m&amp#27;[37m─&amp#27;[0m&amp#27;[37m─&amp#27;[0m&amp#27;[37m┐&amp#27;[0m
    &amp#27;[37m│&amp#27;[0m&amp#27;[37me&amp#27;[0m&amp#27;[37mn&amp#27;[0m&amp#27;[37mg&amp#27;[0m&amp#27;[37mi&amp#27;[0m&amp#27;[37mn&amp#27;[0m&amp#27;[37me&amp#27;[0m&amp#27;[37m &amp#27;[0m&amp#27;[37m╟&amp#27;[0m&amp#27;[37m╢&amp#27;[0m&amp#27;[37me&amp#27;[0m&amp#27;[37mn&amp#27;[0m&amp#27;[37mg&amp#27;[0m&amp#27;[37mi&amp#27;[0m&amp#27;[37mn&amp#27;[0m&amp#27;[37me&amp#27;[0m&amp#27;[37m &amp#27;[0m&amp#27;[37m╟&amp#27;[0m&amp#27;[37m╢&amp#27;[0m&amp#27;[37md&amp#27;[0m&amp#27;[37mo&amp#27;[0m&amp#27;[37mu&amp#27;[0m&amp#27;[37mb&amp#27;[0m&amp#27;[37ml&amp#27;[0m&amp#27;[37me&amp#27;[0m&amp#27;[37m &amp#27;[0m&amp#27;[37m│&amp#27;[0m         &amp#27;[37m╢&amp#27;[0m&amp#27;[37me&amp#27;[0m&amp#27;[37mn&amp#27;[0m&amp#27;[37mg&amp#27;[0m&amp#27;[37mi&amp#27;[0m&amp#27;[37mn&amp#27;[0m&amp#27;[37me&amp#27;[0m&amp#27;[37m &amp#27;[0m&amp#27;[37m│&amp#27;[0m&amp#27;[37m│&amp#27;[0m&amp#27;[37mh&amp#27;[0m&amp#27;[37mo&amp#27;[0m&amp#27;[37mu&amp#27;[0m&amp#27;[37ms&amp#27;[0m&amp#27;[37mi&amp#27;[0m&amp#27;[37mn&amp#27;[0m&amp#27;[37mg&amp#27;[0m&amp#27;[37m│&amp#27;[0m&amp#27;[37m│&amp#27;[0m&amp#27;[37m &amp#27;[0m&amp#27;[37md&amp#27;[0m&amp#27;[37mr&amp#27;[0m&amp#27;[37mi&amp#27;[0m&amp#27;[37ml&amp#27;[0m&amp#27;[37ml&amp#27;[0m&amp#27;[37m &amp#27;[0m&amp#27;[37m│&amp#27;[0m
9   &amp#27;[37m│&amp#27;[0m&amp#27;[37m &amp#27;[0m&amp#27;[37m &amp#27;[0m&amp#27;[37m &amp#27;[0m&amp#27;[37m &amp#27;[0m&amp#27;[37m &amp#27;[0m&amp#27;[37m &amp#27;[0m&amp#27;[37m &amp#27;[0m&amp#27;[37m╟&amp#27;[0m&amp#27;[37m╢&amp#27;[0m&amp#27;[37m &amp#27;[0m&amp#27;[37m &amp#27;[0m&amp#27;[37m &amp#27;[0m&amp#27;[37m &amp#27;[0m&amp#27;[37m &amp#27;[0m&amp#27;[37m &amp#27;[0m&amp#27;[37m &amp#27;[0m&amp#27;[37m│&amp#27;[0m&amp#27;[37m│&amp#27;[0m&amp#27;[37me&amp#27;[0m&amp#27;[37mn&amp#27;[0m&amp#27;[37mg&amp#27;[0m&amp#27;[37mi&amp#27;[0m&amp#27;[37mn&amp#27;[0m&amp#27;[37me&amp#27;[0m&amp#27;[37m &amp#27;[0m&amp#27;[37m│&amp#27;[0m         &amp#27;[37m│&amp#27;[0m&amp#27;[37m &amp#27;[0m&amp#27;[37m &amp#27;[0m&amp#27;[37m &amp#27;[0m&amp#27;[37m &amp#27;[0m&amp#27;[37m &amp#27;[0m&amp#27;[37m &amp#27;[0m&amp#27;[37m &amp#27;[0m&amp#27;[37m╟&amp#27;[0m&amp#27;[37m╢&amp#27;[0m&amp#27;[37m &amp#27;[0m&amp#27;[37m &amp#27;[0m&amp#27;[37m &amp#27;[0m&amp#27;[37m &amp#27;[0m&amp#27;[37m &amp#27;[0m&amp#27;[37m &amp#27;[0m&amp#27;[37m &amp#27;[0m&amp#27;[37m╟&amp#27;[0m&amp#27;[37m╢&amp#27;[0m&amp#27;[37m &amp#27;[0m&amp#27;[37m &amp#27;[0m&amp#27;[37m &amp#27;[0m&amp#27;[37m &amp#27;[0m&amp#27;[37m &amp#27;[0m&amp#27;[37m &amp#27;[0m&amp#27;[37m &amp#27;[0m&amp#27;[37m│&amp#27;[0m
    &amp#27;[37m│&amp#27;[0m&amp#27;[37m &amp#27;[0m&amp#27;[37m &amp#27;[0m&amp#27;[37m &amp#27;[0m&amp#27;[37m↓&amp#27;[0m&amp#27;[37m &amp#27;[0m&amp#27;[37m &amp#27;[0m&amp#27;[37m &amp#27;[0m&amp#27;[37m╟&amp#27;[0m&amp#27;[37m╢&amp#27;[0m&amp#27;[37m &amp#27;[0m&amp#27;[37m &amp#27;[0m&amp#27;[37m &amp#27;[0m&amp#27;[37m↓&amp#27;[0m&amp#27;[37m &amp#27;[0m&amp#27;[37m &amp#27;[0m&amp#27;[37m &amp#27;[0m&amp#27;[37m╟&amp#27;[0m&amp#27;[37m╢&amp#27;[0m&amp#27;[37m &amp#27;[0m&amp#27;[37m &amp#27;[0m&amp#27;[37m &amp#27;[0m&amp#27;[37m↓&amp#27;[0m&amp#27;[37m &amp#27;[0m&amp#27;[37m &amp#27;[0m&amp#27;[37m &amp#27;[0m&amp#27;[37m│&amp#27;[0m         &amp#27;[37m╢&amp#27;[0m&amp#27;[37m &amp#27;[0m&amp#27;[37m &amp#27;[0m&amp#27;[37m &amp#27;[0m&amp#27;[37m↓&amp#27;[0m&amp#27;[37m &amp#27;[0m&amp#27;[37m &amp#27;[0m&amp#27;[37m &amp#27;[0m&amp#27;[37m│&amp#27;[0m&amp#27;[37m│&amp#27;[0m&amp#27;[37m &amp#27;[0m&amp#27;[37m &amp#27;[0m&amp#27;[37mo&amp#27;[0m&amp#27;[37m &amp#27;[0m&amp#27;[37mo&amp#27;[0m&amp#27;[37m &amp#27;[0m&amp#27;[37m &amp#27;[0m&amp#27;[37m│&amp#27;[0m&amp#27;[37m│&amp#27;[0m&amp#27;[37m &amp#27;[0m&amp#27;[37m &amp#27;[0m&amp#27;[37m &amp#27;[0m&amp#27;[37m→&amp#27;[0m&amp#27;[37m &amp#27;[0m&amp#27;[37m &amp#27;[0m&amp#27;[37m &amp#27;[0m&amp#27;[37m│&amp#27;[0m
    &amp#27;[37m└&amp#27;[0m&amp#27;[37m─&amp#27;[0m&amp#27;[37m─&amp#27;[0m&amp#27;[37m─&amp#27;[0m&amp#27;[37m─&amp#27;[0m&amp#27;[37m─&amp#27;[0m&amp#27;[37m─&amp#27;[0m&amp#27;[37m─&amp#27;[0m&amp#27;[37m┘&amp#27;[0m&amp#27;[37m└&amp#27;[0m&amp#27;[37m─&amp#27;[0m&amp#27;[37m─&amp#27;[0m&amp#27;[37m─&amp#27;[0m&amp#27;[37m─&amp#27;[0m&amp#27;[37m─&amp#27;[0m&amp#27;[37m─&amp#27;[0m&amp#27;[37m─&amp#27;[0m&amp#27;[37m┘&amp#27;[0m&amp#27;[37m└&amp#27;[0m&amp#27;[37m─&amp#27;[0m&amp#27;[37m─&amp#27;[0m&amp#27;[37m─&amp#27;[0m&amp#27;[37m─&amp#27;[0m&amp#27;[37m─&amp#27;[0m&amp#27;[37m─&amp#27;[0m&amp#27;[37m─&amp#27;[0m&amp#27;[37m┘&amp#27;[0m         &amp#27;[37m└&amp#27;[0m&amp#27;[37m─&amp#27;[0m&amp#27;[37m─&amp#27;[0m&amp#27;[37m─&amp#27;[0m&amp#27;[37m─&amp#27;[0m&amp#27;[37m─&amp#27;[0m&amp#27;[37m─&amp#27;[0m&amp#27;[37m─&amp#27;[0m&amp#27;[37m┘&amp#27;[0m&amp#27;[37m└&amp#27;[0m&amp#27;[37m─&amp#27;[0m&amp#27;[37m─&amp#27;[0m&amp#27;[37m╦&amp#27;[0m&amp#27;[37m─&amp#27;[0m&amp#27;[37m╦&amp#27;[0m&amp#27;[37m─&amp#27;[0m&amp#27;[37m─&amp#27;[0m&amp#27;[37m┘&amp#27;[0m&amp#27;[37m└&amp#27;[0m&amp#27;[37m─&amp#27;[0m&amp#27;[37m─&amp#27;[0m&amp#27;[37m─&amp#27;[0m&amp#27;[37m─&amp#27;[0m&amp#27;[37m─&amp#27;[0m&amp#27;[37m─&amp#27;[0m&amp#27;[37m─&amp#27;[0m&amp#27;[37m┘&amp#27;[0m
]]></system-out>
  </testcase>
  <testcase name="shoud_get_base_fire_power" classname="org.mio.progettoingsoft.ShipBoardTest" time="0.001"/>
  <testcase name="should_count_guests" classname="org.mio.progettoingsoft.ShipBoardTest" time="0.0"/>
  <testcase name="should_remove_booked_component" classname="org.mio.progettoingsoft.ShipBoardTest" time="0.0"/>
  <testcase name="should_find_incorrect_engines" classname="org.mio.progettoingsoft.ShipBoardTest" time="0.001"/>
  <testcase name="should_book_a_component" classname="org.mio.progettoingsoft.ShipBoardTest" time="0.001"/>
  <testcase name="should_get_covered_direction_from_shield" classname="org.mio.progettoingsoft.ShipBoardTest" time="0.001"/>
  <testcase name="should_get_double_drills" classname="org.mio.progettoingsoft.ShipBoardTest" time="0.001"/>
  <testcase name="should_count_double_engine" classname="org.mio.progettoingsoft.ShipBoardTest" time="0.001"/>
  <testcase name="should_stole_goods" classname="org.mio.progettoingsoft.ShipBoardTest" time="0.001">
    <system-out><![CDATA[&amp#27;[90m[2025-06-27 13:02:51] [main] [DEBUG] [RemoveEnergyEvent] removed energy from 6&amp#27;[0m
&amp#27;[90m[2025-06-27 13:02:51] [main] [DEBUG] [RemoveEnergyEvent] removed energy from 6&amp#27;[0m
&amp#27;[90m[2025-06-27 13:02:51] [main] [DEBUG] [RemoveEnergyEvent] removed energy from 16&amp#27;[0m
&amp#27;[90m[2025-06-27 13:02:51] [main] [DEBUG] [RemoveEnergyEvent] removed energy from 16&amp#27;[0m
&amp#27;[90m[2025-06-27 13:02:51] [main] [DEBUG] [RemoveEnergyEvent] removed energy from 16&amp#27;[0m
]]></system-out>
  </testcase>
</testsuite>