<?xml version="1.0" encoding="UTF-8"?>
<testsuite xmlns:xsi="http://www.w3.org/2001/XMLSchema-instance" xsi:noNamespaceSchemaLocation="https://maven.apache.org/surefire/maven-surefire-plugin/xsd/surefire-test-report-3.0.xsd" version="3.0" name="org.mio.progettoingsoft.advCards.sealed.SldPiratesTest" time="0.708" tests="2" errors="0" skipped="0" failures="0">
  <properties>
[...]
</properties>
  <testcase name="shuold_do_one_iteration" classname="org.mio.progettoingsoft.advCards.sealed.SldPiratesTest" time="0.692">
    <system-out><![CDATA[&amp#27;[90m[2025-06-27 10:53:04] [main] [DEBUG] [GameController] Chiamato registerListener&amp#27;[0m
&amp#27;[34m[2025-06-27 10:53:04] [main] [INFO] [Game] Game 1 started&amp#27;[0m
&amp#27;[90m[2025-06-27 10:53:04] [main] [DEBUG] [Hourglass] Hourglass started : 0&amp#27;[0m
&amp#27;[90m[2025-06-27 10:53:04] [main] [DEBUG] [Hourglass] Hourglass started. Timer 1 is running&amp#27;[0m
&amp#27;[90m[2025-06-27 10:53:04] [main] [DEBUG] [ServerController] antonio assigned to ship YELLOW&amp#27;[0m
&amp#27;[90m[2025-06-27 10:53:04] [main] [DEBUG] [ServerController] andrea assigned to ship BLUE&amp#27;[0m
&amp#27;[90m[2025-06-27 10:53:04] [main] [DEBUG] [ServerController] lollo assigned to ship RED&amp#27;[0m
&amp#27;[90m[2025-06-27 10:53:04] [main] [DEBUG] [ServerController] antonio draws card Pirates&amp#27;[0m
&amp#27;[35m╔&amp#27;[0m&amp#27;[35m═&amp#27;[0m&amp#27;[35m═&amp#27;[0m&amp#27;[35m═&amp#27;[0m&amp#27;[35m═&amp#27;[0m&amp#27;[35m═&amp#27;[0m&amp#27;[35m═&amp#27;[0m&amp#27;[35m═&amp#27;[0m&amp#27;[35m═&amp#27;[0m&amp#27;[35m═&amp#27;[0m&amp#27;[35m═&amp#27;[0m&amp#27;[35m═&amp#27;[0m&amp#27;[35m═&amp#27;[0m&amp#27;[35m═&amp#27;[0m&amp#27;[35m═&amp#27;[0m&amp#27;[35m═&amp#27;[0m&amp#27;[35m═&amp#27;[0m&amp#27;[35m═&amp#27;[0m&amp#27;[35m═&amp#27;[0m&amp#27;[35m═&amp#27;[0m&amp#27;[35m═&amp#27;[0m&amp#27;[35m═&amp#27;[0m&amp#27;[35m═&amp#27;[0m&amp#27;[35m═&amp#27;[0m&amp#27;[35m═&amp#27;[0m&amp#27;[35m═&amp#27;[0m&amp#27;[35m═&amp#27;[0m&amp#27;[35m═&amp#27;[0m&amp#27;[35m═&amp#27;[0m&amp#27;[35m╗&amp#27;[0m
&amp#27;[35m║&amp#27;[0m&amp#27;[35m &amp#27;[0m&amp#27;[35m &amp#27;[0m&amp#27;[35m &amp#27;[0m&amp#27;[35m &amp#27;[0m&amp#27;[35m &amp#27;[0m&amp#27;[35m &amp#27;[0m&amp#27;[35m &amp#27;[0m&amp#27;[35m &amp#27;[0m&amp#27;[35m &amp#27;[0m&amp#27;[35m &amp#27;[0m&amp#27;[35mP&amp#27;[0m&amp#27;[35mi&amp#27;[0m&amp#27;[35mr&amp#27;[0m&amp#27;[35ma&amp#27;[0m&amp#27;[35mt&amp#27;[0m&amp#27;[35me&amp#27;[0m&amp#27;[35ms&amp#27;[0m&amp#27;[35m &amp#27;[0m&amp#27;[35m &amp#27;[0m&amp#27;[35m &amp#27;[0m&amp#27;[35m &amp#27;[0m&amp#27;[35m &amp#27;[0m&amp#27;[35m &amp#27;[0m&amp#27;[35m &amp#27;[0m&amp#27;[35m &amp#27;[0m&amp#27;[35m &amp#27;[0m&amp#27;[35m &amp#27;[0m&amp#27;[35m &amp#27;[0m&amp#27;[35m║&amp#27;[0m
&amp#27;[35m║&amp#27;[0m&amp#27;[35m═&amp#27;[0m&amp#27;[35m═&amp#27;[0m&amp#27;[35m═&amp#27;[0m&amp#27;[35m═&amp#27;[0m&amp#27;[35m═&amp#27;[0m&amp#27;[35m═&amp#27;[0m&amp#27;[35m═&amp#27;[0m&amp#27;[35m═&amp#27;[0m&amp#27;[35m═&amp#27;[0m&amp#27;[35m═&amp#27;[0m&amp#27;[35m═&amp#27;[0m&amp#27;[35m═&amp#27;[0m&amp#27;[35m═&amp#27;[0m&amp#27;[35m═&amp#27;[0m&amp#27;[35m═&amp#27;[0m&amp#27;[35m═&amp#27;[0m&amp#27;[35m═&amp#27;[0m&amp#27;[35m═&amp#27;[0m&amp#27;[35m═&amp#27;[0m&amp#27;[35m═&amp#27;[0m&amp#27;[35m═&amp#27;[0m&amp#27;[35m═&amp#27;[0m&amp#27;[35m═&amp#27;[0m&amp#27;[35m═&amp#27;[0m&amp#27;[35m═&amp#27;[0m&amp#27;[35m═&amp#27;[0m&amp#27;[35m═&amp#27;[0m&amp#27;[35m═&amp#27;[0m&amp#27;[35m║&amp#27;[0m
&amp#27;[35m║&amp#27;[0m&amp#27;[35m &amp#27;[0m&amp#27;[35m &amp#27;[0m&amp#27;[35m &amp#27;[0m&amp#27;[35m &amp#27;[0m&amp#27;[35m &amp#27;[0m&amp#27;[35m &amp#27;[0m&amp#27;[35m &amp#27;[0m&amp#27;[35m &amp#27;[0m&amp#27;[35m &amp#27;[0m&amp#27;[35m &amp#27;[0m&amp#27;[35m &amp#27;[0m&amp#27;[35m &amp#27;[0m&amp#27;[35m &amp#27;[0m&amp#27;[35m &amp#27;[0m&amp#27;[35m &amp#27;[0m&amp#27;[35m &amp#27;[0m&amp#27;[35m &amp#27;[0m&amp#27;[35m &amp#27;[0m&amp#27;[35m &amp#27;[0m&amp#27;[35m &amp#27;[0m&amp#27;[35m &amp#27;[0m&amp#27;[35m &amp#27;[0m&amp#27;[35m &amp#27;[0m&amp#27;[35m &amp#27;[0m&amp#27;[35m &amp#27;[0m&amp#27;[35m &amp#27;[0m&amp#27;[35m &amp#27;[0m&amp#27;[35m &amp#27;[0m&amp#27;[35m║&amp#27;[0m
&amp#27;[35m║&amp#27;[0m&amp#27;[35m &amp#27;[0m&amp#27;[35mf&amp#27;[0m&amp#27;[35mi&amp#27;[0m&amp#27;[35mr&amp#27;[0m&amp#27;[35me&amp#27;[0m&amp#27;[35m &amp#27;[0m&amp#27;[35mp&amp#27;[0m&amp#27;[35mo&amp#27;[0m&amp#27;[35mw&amp#27;[0m&amp#27;[35me&amp#27;[0m&amp#27;[35mr&amp#27;[0m&amp#27;[35m:&amp#27;[0m&amp#27;[35m &amp#27;[0m&amp#27;[35m6&amp#27;[0m&amp#27;[35m &amp#27;[0m&amp#27;[35m &amp#27;[0m&amp#27;[35m &amp#27;[0m&amp#27;[35m &amp#27;[0m&amp#27;[35m &amp#27;[0m&amp#27;[35m &amp#27;[0m&amp#27;[35m &amp#27;[0m&amp#27;[35m &amp#27;[0m&amp#27;[35m &amp#27;[0m&amp#27;[35m &amp#27;[0m&amp#27;[35m &amp#27;[0m&amp#27;[35m &amp#27;[0m&amp#27;[35m &amp#27;[0m&amp#27;[35m &amp#27;[0m&amp#27;[35m║&amp#27;[0m
&amp#27;[35m║&amp#27;[0m&amp#27;[35m &amp#27;[0m&amp#27;[35m &amp#27;[0m&amp#27;[35m &amp#27;[0m&amp#27;[35m &amp#27;[0m&amp#27;[35m &amp#27;[0m&amp#27;[35m &amp#27;[0m&amp#27;[35m &amp#27;[0m&amp#27;[35m &amp#27;[0m&amp#27;[35m &amp#27;[0m&amp#27;[35m &amp#27;[0m&amp#27;[35m &amp#27;[0m&amp#27;[35m &amp#27;[0m&amp#27;[35m &amp#27;[0m&amp#27;[35m &amp#27;[0m&amp#27;[35m &amp#27;[0m&amp#27;[35m &amp#27;[0m&amp#27;[35m &amp#27;[0m&amp#27;[35m &amp#27;[0m&amp#27;[35m &amp#27;[0m&amp#27;[35m &amp#27;[0m&amp#27;[35m &amp#27;[0m&amp#27;[35m &amp#27;[0m&amp#27;[35m &amp#27;[0m&amp#27;[35m &amp#27;[0m&amp#27;[35m &amp#27;[0m&amp#27;[35m &amp#27;[0m&amp#27;[35m &amp#27;[0m&amp#27;[35m &amp#27;[0m&amp#27;[35m║&amp#27;[0m
&amp#27;[35m║&amp#27;[0m&amp#27;[35m &amp#27;[0m&amp#27;[35mC&amp#27;[0m&amp#27;[35ma&amp#27;[0m&amp#27;[35mn&amp#27;[0m&amp#27;[35mn&amp#27;[0m&amp#27;[35mo&amp#27;[0m&amp#27;[35mn&amp#27;[0m&amp#27;[35m &amp#27;[0m&amp#27;[35mp&amp#27;[0m&amp#27;[35me&amp#27;[0m&amp#27;[35mn&amp#27;[0m&amp#27;[35ma&amp#27;[0m&amp#27;[35ml&amp#27;[0m&amp#27;[35mt&amp#27;[0m&amp#27;[35mi&amp#27;[0m&amp#27;[35me&amp#27;[0m&amp#27;[35ms&amp#27;[0m&amp#27;[35m:&amp#27;[0m&amp#27;[35m &amp#27;[0m&amp#27;[35m &amp#27;[0m&amp#27;[35m &amp#27;[0m&amp#27;[35m &amp#27;[0m&amp#27;[35m &amp#27;[0m&amp#27;[35m &amp#27;[0m&amp#27;[35m &amp#27;[0m&amp#27;[35m &amp#27;[0m&amp#27;[35m &amp#27;[0m&amp#27;[35m &amp#27;[0m&amp#27;[35m║&amp#27;[0m
&amp#27;[35m║&amp#27;[0m&amp#27;[35m &amp#27;[0m&amp#27;[35mH&amp#27;[0m&amp#27;[35me&amp#27;[0m&amp#27;[35ma&amp#27;[0m&amp#27;[35mv&amp#27;[0m&amp#27;[35my&amp#27;[0m&amp#27;[35m &amp#27;[0m&amp#27;[35mc&amp#27;[0m&amp#27;[35ma&amp#27;[0m&amp#27;[35mn&amp#27;[0m&amp#27;[35mn&amp#27;[0m&amp#27;[35mo&amp#27;[0m&amp#27;[35mn&amp#27;[0m&amp#27;[35m &amp#27;[0m&amp#27;[35m↓&amp#27;[0m&amp#27;[35m &amp#27;[0m&amp#27;[35m &amp#27;[0m&amp#27;[35m &amp#27;[0m&amp#27;[35m &amp#27;[0m&amp#27;[35m &amp#27;[0m&amp#27;[35m &amp#27;[0m&amp#27;[35m &amp#27;[0m&amp#27;[35m &amp#27;[0m&amp#27;[35m &amp#27;[0m&amp#27;[35m &amp#27;[0m&amp#27;[35m &amp#27;[0m&amp#27;[35m &amp#27;[0m&amp#27;[35m &amp#27;[0m&amp#27;[35m║&amp#27;[0m
&amp#27;[35m║&amp#27;[0m&amp#27;[35m &amp#27;[0m&amp#27;[35mL&amp#27;[0m&amp#27;[35mi&amp#27;[0m&amp#27;[35mg&amp#27;[0m&amp#27;[35mh&amp#27;[0m&amp#27;[35mt&amp#27;[0m&amp#27;[35m &amp#27;[0m&amp#27;[35mc&amp#27;[0m&amp#27;[35ma&amp#27;[0m&amp#27;[35mn&amp#27;[0m&amp#27;[35mn&amp#27;[0m&amp#27;[35mo&amp#27;[0m&amp#27;[35mn&amp#27;[0m&amp#27;[35m &amp#27;[0m&amp#27;[35m↓&amp#27;[0m&amp#27;[35m &amp#27;[0m&amp#27;[35m &amp#27;[0m&amp#27;[35m &amp#27;[0m&amp#27;[35m &amp#27;[0m&amp#27;[35m &amp#27;[0m&amp#27;[35m &amp#27;[0m&amp#27;[35m &amp#27;[0m&amp#27;[35m &amp#27;[0m&amp#27;[35m &amp#27;[0m&amp#27;[35m &amp#27;[0m&amp#27;[35m &amp#27;[0m&amp#27;[35m &amp#27;[0m&amp#27;[35m &amp#27;[0m&amp#27;[35m║&amp#27;[0m
&amp#27;[35m║&amp#27;[0m&amp#27;[35m &amp#27;[0m&amp#27;[35mH&amp#27;[0m&amp#27;[35me&amp#27;[0m&amp#27;[35ma&amp#27;[0m&amp#27;[35mv&amp#27;[0m&amp#27;[35my&amp#27;[0m&amp#27;[35m &amp#27;[0m&amp#27;[35mc&amp#27;[0m&amp#27;[35ma&amp#27;[0m&amp#27;[35mn&amp#27;[0m&amp#27;[35mn&amp#27;[0m&amp#27;[35mo&amp#27;[0m&amp#27;[35mn&amp#27;[0m&amp#27;[35m &amp#27;[0m&amp#27;[35m↓&amp#27;[0m&amp#27;[35m &amp#27;[0m&amp#27;[35m &amp#27;[0m&amp#27;[35m &amp#27;[0m&amp#27;[35m &amp#27;[0m&amp#27;[35m &amp#27;[0m&amp#27;[35m &amp#27;[0m&amp#27;[35m &amp#27;[0m&amp#27;[35m &amp#27;[0m&amp#27;[35m &amp#27;[0m&amp#27;[35m &amp#27;[0m&amp#27;[35m &amp#27;[0m&amp#27;[35m &amp#27;[0m&amp#27;[35m &amp#27;[0m&amp#27;[35m║&amp#27;[0m
&amp#27;[35m║&amp#27;[0m&amp#27;[35m &amp#27;[0m&amp#27;[35mg&amp#27;[0m&amp#27;[35ma&amp#27;[0m&amp#27;[35mi&amp#27;[0m&amp#27;[35mn&amp#27;[0m&amp#27;[35m &amp#27;[0m&amp#27;[35mc&amp#27;[0m&amp#27;[35mr&amp#27;[0m&amp#27;[35me&amp#27;[0m&amp#27;[35md&amp#27;[0m&amp#27;[35mi&amp#27;[0m&amp#27;[35mt&amp#27;[0m&amp#27;[35ms&amp#27;[0m&amp#27;[35m:&amp#27;[0m&amp#27;[35m &amp#27;[0m&amp#27;[35m7&amp#27;[0m&amp#27;[35m &amp#27;[0m&amp#27;[35m &amp#27;[0m&amp#27;[35m &amp#27;[0m&amp#27;[35m &amp#27;[0m&amp#27;[35m &amp#27;[0m&amp#27;[35m &amp#27;[0m&amp#27;[35m &amp#27;[0m&amp#27;[35m &amp#27;[0m&amp#27;[35m &amp#27;[0m&amp#27;[35m &amp#27;[0m&amp#27;[35m &amp#27;[0m&amp#27;[35m &amp#27;[0m&amp#27;[35m║&amp#27;[0m
&amp#27;[35m║&amp#27;[0m&amp#27;[35m &amp#27;[0m&amp#27;[35m &amp#27;[0m&amp#27;[35m &amp#27;[0m&amp#27;[35m &amp#27;[0m&amp#27;[35m &amp#27;[0m&amp#27;[35m &amp#27;[0m&amp#27;[35m &amp#27;[0m&amp#27;[35m &amp#27;[0m&amp#27;[35m &amp#27;[0m&amp#27;[35m &amp#27;[0m&amp#27;[35m &amp#27;[0m&amp#27;[35m &amp#27;[0m&amp#27;[35m &amp#27;[0m&amp#27;[35m &amp#27;[0m&amp#27;[35m &amp#27;[0m&amp#27;[35m &amp#27;[0m&amp#27;[35m &amp#27;[0m&amp#27;[35m &amp#27;[0m&amp#27;[35m &amp#27;[0m&amp#27;[35m &amp#27;[0m&amp#27;[35m &amp#27;[0m&amp#27;[35m &amp#27;[0m&amp#27;[35m &amp#27;[0m&amp#27;[35m &amp#27;[0m&amp#27;[35m &amp#27;[0m&amp#27;[35m &amp#27;[0m&amp#27;[35m &amp#27;[0m&amp#27;[35m &amp#27;[0m&amp#27;[35m║&amp#27;[0m
&amp#27;[35m║&amp#27;[0m&amp#27;[35m &amp#27;[0m&amp#27;[35md&amp#27;[0m&amp#27;[35ma&amp#27;[0m&amp#27;[35my&amp#27;[0m&amp#27;[35ms&amp#27;[0m&amp#27;[35m &amp#27;[0m&amp#27;[35ml&amp#27;[0m&amp#27;[35mo&amp#27;[0m&amp#27;[35ms&amp#27;[0m&amp#27;[35mt&amp#27;[0m&amp#27;[35m &amp#27;[0m&amp#27;[35m:&amp#27;[0m&amp#27;[35m &amp#27;[0m&amp#27;[35m2&amp#27;[0m&amp#27;[35m &amp#27;[0m&amp#27;[35m &amp#27;[0m&amp#27;[35m &amp#27;[0m&amp#27;[35m &amp#27;[0m&amp#27;[35m &amp#27;[0m&amp#27;[35m &amp#27;[0m&amp#27;[35m &amp#27;[0m&amp#27;[35m &amp#27;[0m&amp#27;[35m &amp#27;[0m&amp#27;[35m &amp#27;[0m&amp#27;[35m &amp#27;[0m&amp#27;[35m &amp#27;[0m&amp#27;[35m &amp#27;[0m&amp#27;[35m &amp#27;[0m&amp#27;[35m║&amp#27;[0m
&amp#27;[35m║&amp#27;[0m&amp#27;[35m &amp#27;[0m&amp#27;[35m &amp#27;[0m&amp#27;[35m &amp#27;[0m&amp#27;[35m &amp#27;[0m&amp#27;[35m &amp#27;[0m&amp#27;[35m &amp#27;[0m&amp#27;[35m &amp#27;[0m&amp#27;[35m &amp#27;[0m&amp#27;[35m &amp#27;[0m&amp#27;[35m &amp#27;[0m&amp#27;[35m &amp#27;[0m&amp#27;[35m &amp#27;[0m&amp#27;[35m &amp#27;[0m&amp#27;[35m &amp#27;[0m&amp#27;[35m &amp#27;[0m&amp#27;[35m &amp#27;[0m&amp#27;[35m &amp#27;[0m&amp#27;[35m &amp#27;[0m&amp#27;[35m &amp#27;[0m&amp#27;[35m &amp#27;[0m&amp#27;[35m &amp#27;[0m&amp#27;[35m &amp#27;[0m&amp#27;[35m &amp#27;[0m&amp#27;[35m &amp#27;[0m&amp#27;[35m &amp#27;[0m&amp#27;[35m &amp#27;[0m&amp#27;[35m &amp#27;[0m&amp#27;[35m &amp#27;[0m&amp#27;[35m║&amp#27;[0m
&amp#27;[35m╚&amp#27;[0m&amp#27;[35m═&amp#27;[0m&amp#27;[35m═&amp#27;[0m&amp#27;[35m═&amp#27;[0m&amp#27;[35m═&amp#27;[0m&amp#27;[35m═&amp#27;[0m&amp#27;[35m═&amp#27;[0m&amp#27;[35m═&amp#27;[0m&amp#27;[35m═&amp#27;[0m&amp#27;[35m═&amp#27;[0m&amp#27;[35m═&amp#27;[0m&amp#27;[35m═&amp#27;[0m&amp#27;[35m═&amp#27;[0m&amp#27;[35m═&amp#27;[0m&amp#27;[35m2&amp#27;[0m&amp#27;[35m═&amp#27;[0m&amp#27;[35m═&amp#27;[0m&amp#27;[35m═&amp#27;[0m&amp#27;[35m═&amp#27;[0m&amp#27;[35m═&amp#27;[0m&amp#27;[35m═&amp#27;[0m&amp#27;[35m═&amp#27;[0m&amp#27;[35m═&amp#27;[0m&amp#27;[35m═&amp#27;[0m&amp#27;[35m═&amp#27;[0m&amp#27;[35m═&amp#27;[0m&amp#27;[35m═&amp#27;[0m&amp#27;[35m═&amp#27;[0m&amp#27;[35m═&amp#27;[0m&amp#27;[35m╝&amp#27;[0m
        4        5        6        7        8        9       10    
                                        &amp#27;[37m┌&amp#27;[0m&amp#27;[37m─&amp#27;[0m&amp#27;[37m─&amp#27;[0m&amp#27;[37m─&amp#27;[0m&amp#27;[37m─&amp#27;[0m&amp#27;[37m─&amp#27;[0m&amp#27;[37m─&amp#27;[0m&amp#27;[37m─&amp#27;[0m&amp#27;[37m┐&amp#27;[0m                  
                                        &amp#27;[37m│&amp#27;[0m&amp#27;[37md&amp#27;[0m&amp#27;[37mo&amp#27;[0m&amp#27;[37mu&amp#27;[0m&amp#27;[37mb&amp#27;[0m&amp#27;[37ml&amp#27;[0m&amp#27;[37me&amp#27;[0m&amp#27;[37m &amp#27;[0m&amp#27;[37m│&amp#27;[0m                  
5                                       &amp#27;[37m│&amp#27;[0m&amp#27;[37m &amp#27;[0m&amp#27;[37md&amp#27;[0m&amp#27;[37mr&amp#27;[0m&amp#27;[37mi&amp#27;[0m&amp#27;[37ml&amp#27;[0m&amp#27;[37ml&amp#27;[0m&amp#27;[37m &amp#27;[0m&amp#27;[37m│&amp#27;[0m                  
                                        &amp#27;[37m│&amp#27;[0m&amp#27;[37m &amp#27;[0m&amp#27;[37m &amp#27;[0m&amp#27;[37m &amp#27;[0m&amp#27;[37m↑&amp#27;[0m&amp#27;[37m &amp#27;[0m&amp#27;[37m &amp#27;[0m&amp#27;[37m &amp#27;[0m&amp#27;[37m│&amp#27;[0m                  
                                        &amp#27;[37m└&amp#27;[0m&amp#27;[37m─&amp#27;[0m&amp#27;[37m─&amp#27;[0m&amp#27;[37m─&amp#27;[0m&amp#27;[37m╦&amp#27;[0m&amp#27;[37m─&amp#27;[0m&amp#27;[37m─&amp#27;[0m&amp#27;[37m─&amp#27;[0m&amp#27;[37m┘&amp#27;[0m                  
             &amp#27;[37m┌&amp#27;[0m&amp#27;[37m─&amp#27;[0m&amp#27;[37m─&amp#27;[0m&amp#27;[37m─&amp#27;[0m&amp#27;[37m─&amp#27;[0m&amp#27;[37m─&amp#27;[0m&amp#27;[37m─&amp#27;[0m&amp#27;[37m─&amp#27;[0m&amp#27;[37m┐&amp#27;[0m&amp#27;[34m┌&amp#27;[0m&amp#27;[34m─&amp#27;[0m&amp#27;[34m─&amp#27;[0m&amp#27;[34m─&amp#27;[0m&amp#27;[34m─&amp#27;[0m&amp#27;[34m─&amp#27;[0m&amp#27;[34m─&amp#27;[0m&amp#27;[34m─&amp#27;[0m&amp#27;[34m┐&amp#27;[0m&amp#27;[37m┌&amp#27;[0m&amp#27;[37m─&amp#27;[0m&amp#27;[37m─&amp#27;[0m&amp#27;[37m─&amp#27;[0m&amp#27;[37m─&amp#27;[0m&amp#27;[37m─&amp#27;[0m&amp#27;[37m─&amp#27;[0m&amp#27;[37m─&amp#27;[0m&amp#27;[37m┐&amp#27;[0m&amp#27;[37m┌&amp#27;[0m&amp#27;[37m─&amp#27;[0m&amp#27;[37m─&amp#27;[0m&amp#27;[37m╩&amp#27;[0m&amp#27;[37m╩&amp#27;[0m&amp#27;[37m╩&amp#27;[0m&amp#27;[37m─&amp#27;[0m&amp#27;[37m─&amp#27;[0m&amp#27;[37m┐&amp#27;[0m&amp#27;[37m┌&amp#27;[0m&amp#27;[37m─&amp#27;[0m&amp#27;[37m─&amp#27;[0m&amp#27;[37m─&amp#27;[0m&amp#27;[37m─&amp#27;[0m&amp#27;[37m─&amp#27;[0m&amp#27;[37m─&amp#27;[0m&amp#27;[37m─&amp#27;[0m&amp#27;[37m┐&amp#27;[0m         
             &amp#27;[37m│&amp#27;[0m&amp#27;[37md&amp#27;[0m&amp#27;[37mo&amp#27;[0m&amp#27;[37mu&amp#27;[0m&amp#27;[37mb&amp#27;[0m&amp#27;[37ml&amp#27;[0m&amp#27;[37me&amp#27;[0m&amp#27;[37m &amp#27;[0m&amp#27;[37m╟&amp#27;[0m&amp#27;[34m╢&amp#27;[0m&amp#27;[34md&amp#27;[0m&amp#27;[34mo&amp#27;[0m&amp#27;[34mu&amp#27;[0m&amp#27;[34mb&amp#27;[0m&amp#27;[34ml&amp#27;[0m&amp#27;[34me&amp#27;[0m&amp#27;[34m &amp#27;[0m&amp#27;[34m╟&amp#27;[0m&amp#27;[37m╢&amp#27;[0m&amp#27;[37m &amp#27;[0m&amp#27;[37md&amp#27;[0m&amp#27;[37mr&amp#27;[0m&amp#27;[37mi&amp#27;[0m&amp#27;[37ml&amp#27;[0m&amp#27;[37ml&amp#27;[0m&amp#27;[37m &amp#27;[0m&amp#27;[37m│&amp#27;[0m&amp#27;[37m│&amp#27;[0m&amp#27;[37m &amp#27;[0m&amp#27;[37mp&amp#27;[0m&amp#27;[37mi&amp#27;[0m&amp#27;[37mp&amp#27;[0m&amp#27;[37me&amp#27;[0m&amp#27;[37m &amp#27;[0m&amp#27;[37m &amp#27;[0m&amp#27;[37m│&amp#27;[0m&amp#27;[37m│&amp#27;[0m&amp#27;[37m &amp#27;[0m&amp#27;[37md&amp#27;[0m&amp#27;[37mr&amp#27;[0m&amp#27;[37mi&amp#27;[0m&amp#27;[37ml&amp#27;[0m&amp#27;[37ml&amp#27;[0m&amp#27;[37m &amp#27;[0m&amp#27;[37m│&amp#27;[0m         
6            &amp#27;[37m│&amp#27;[0m&amp#27;[37m &amp#27;[0m&amp#27;[37md&amp#27;[0m&amp#27;[37mr&amp#27;[0m&amp#27;[37mi&amp#27;[0m&amp#27;[37ml&amp#27;[0m&amp#27;[37ml&amp#27;[0m&amp#27;[37m &amp#27;[0m&amp#27;[37m╟&amp#27;[0m&amp#27;[34m╢&amp#27;[0m&amp#27;[34m &amp#27;[0m&amp#27;[34md&amp#27;[0m&amp#27;[34me&amp#27;[0m&amp#27;[34mp&amp#27;[0m&amp#27;[34mo&amp#27;[0m&amp#27;[34mt&amp#27;[0m&amp#27;[34m &amp#27;[0m&amp#27;[34m│&amp#27;[0m&amp#27;[37m│&amp#27;[0m&amp#27;[37m &amp#27;[0m&amp#27;[37m &amp#27;[0m&amp#27;[37m &amp#27;[0m&amp#27;[37m &amp#27;[0m&amp#27;[37m &amp#27;[0m&amp#27;[37m &amp#27;[0m&amp#27;[37m &amp#27;[0m&amp#27;[37m╟&amp#27;[0m&amp#27;[37m╢&amp#27;[0m&amp#27;[37m &amp#27;[0m&amp#27;[37m &amp#27;[0m&amp#27;[37m &amp#27;[0m&amp#27;[37m &amp#27;[0m&amp#27;[37m &amp#27;[0m&amp#27;[37m &amp#27;[0m&amp#27;[37m &amp#27;[0m&amp#27;[37m│&amp#27;[0m&amp#27;[37m│&amp#27;[0m&amp#27;[37m &amp#27;[0m&amp#27;[37m &amp#27;[0m&amp#27;[37m &amp#27;[0m&amp#27;[37m &amp#27;[0m&amp#27;[37m &amp#27;[0m&amp#27;[37m &amp#27;[0m&amp#27;[37m &amp#27;[0m&amp#27;[37m│&amp#27;[0m         
             &amp#27;[37m│&amp#27;[0m&amp#27;[37m &amp#27;[0m&amp#27;[37m &amp#27;[0m&amp#27;[37m &amp#27;[0m&amp#27;[37m↑&amp#27;[0m&amp#27;[37m &amp#27;[0m&amp#27;[37m &amp#27;[0m&amp#27;[37m &amp#27;[0m&amp#27;[37m╟&amp#27;[0m&amp#27;[34m╢&amp#27;[0m&amp#27;[34m &amp#27;[0m&amp#27;[34m &amp#27;[0m&amp#27;[34m□&amp#27;[0m&amp#27;[33m□&amp#27;[0m&amp#27;[34m &amp#27;[0m&amp#27;[34m &amp#27;[0m&amp#27;[34m &amp#27;[0m&amp#27;[34m╟&amp#27;[0m&amp#27;[37m╢&amp#27;[0m&amp#27;[37m &amp#27;[0m&amp#27;[37m &amp#27;[0m&amp#27;[37m &amp#27;[0m&amp#27;[37m↑&amp#27;[0m&amp#27;[37m &amp#27;[0m&amp#27;[37m &amp#27;[0m&amp#27;[37m &amp#27;[0m&amp#27;[37m│&amp#27;[0m&amp#27;[37m│&amp#27;[0m&amp#27;[37m &amp#27;[0m&amp#27;[37m &amp#27;[0m&amp#27;[37m &amp#27;[0m&amp#27;[37m &amp#27;[0m&amp#27;[37m &amp#27;[0m&amp#27;[37m &amp#27;[0m&amp#27;[37m &amp#27;[0m&amp#27;[37m│&amp#27;[0m&amp#27;[37m│&amp#27;[0m&amp#27;[37m &amp#27;[0m&amp#27;[37m &amp#27;[0m&amp#27;[37m &amp#27;[0m&amp#27;[37m→&amp#27;[0m&amp#27;[37m &amp#27;[0m&amp#27;[37m &amp#27;[0m&amp#27;[37m &amp#27;[0m&amp#27;[37m│&amp#27;[0m         
             &amp#27;[37m└&amp#27;[0m&amp#27;[37m─&amp#27;[0m&amp#27;[37m─&amp#27;[0m&amp#27;[37m╦&amp#27;[0m&amp#27;[37m─&amp#27;[0m&amp#27;[37m╦&amp#27;[0m&amp#27;[37m─&amp#27;[0m&amp#27;[37m─&amp#27;[0m&amp#27;[37m┘&amp#27;[0m&amp#27;[34m└&amp#27;[0m&amp#27;[34m─&amp#27;[0m&amp#27;[34m─&amp#27;[0m&amp#27;[34m─&amp#27;[0m&amp#27;[34m╦&amp#27;[0m&amp#27;[34m─&amp#27;[0m&amp#27;[34m─&amp#27;[0m&amp#27;[34m─&amp#27;[0m&amp#27;[34m┘&amp#27;[0m&amp#27;[37m└&amp#27;[0m&amp#27;[37m─&amp#27;[0m&amp#27;[37m─&amp#27;[0m&amp#27;[37m╦&amp#27;[0m&amp#27;[37m╦&amp#27;[0m&amp#27;[37m╦&amp#27;[0m&amp#27;[37m─&amp#27;[0m&amp#27;[37m─&amp#27;[0m&amp#27;[37m┘&amp#27;[0m&amp#27;[37m└&amp#27;[0m&amp#27;[37m─&amp#27;[0m&amp#27;[37m─&amp#27;[0m&amp#27;[37m╦&amp#27;[0m&amp#27;[37m╦&amp#27;[0m&amp#27;[37m╦&amp#27;[0m&amp#27;[37m─&amp#27;[0m&amp#27;[37m─&amp#27;[0m&amp#27;[37m┘&amp#27;[0m&amp#27;[37m└&amp#27;[0m&amp#27;[37m─&amp#27;[0m&amp#27;[37m─&amp#27;[0m&amp#27;[37m╦&amp#27;[0m&amp#27;[37m─&amp#27;[0m&amp#27;[37m╦&amp#27;[0m&amp#27;[37m─&amp#27;[0m&amp#27;[37m─&amp#27;[0m&amp#27;[37m┘&amp#27;[0m         
    &amp#27;[37m┌&amp#27;[0m&amp#27;[37m─&amp#27;[0m&amp#27;[37m─&amp#27;[0m&amp#27;[37m─&amp#27;[0m&amp#27;[37m─&amp#27;[0m&amp#27;[37m─&amp#27;[0m&amp#27;[37m─&amp#27;[0m&amp#27;[37m─&amp#27;[0m&amp#27;[37m┐&amp#27;[0m&amp#27;[37m┌&amp#27;[0m&amp#27;[37m─&amp#27;[0m&amp#27;[37m─&amp#27;[0m&amp#27;[37m╩&amp#27;[0m&amp#27;[37m╩&amp#27;[0m&amp#27;[37m╩&amp#27;[0m&amp#27;[37m─&amp#27;[0m&amp#27;[37m─&amp#27;[0m&amp#27;[37m┐&amp#27;[0m&amp#27;[37m┌&amp#27;[0m&amp#27;[37m─&amp#27;[0m&amp#27;[37m─&amp#27;[0m&amp#27;[37m─&amp#27;[0m&amp#27;[37m╩&amp#27;[0m&amp#27;[37m─&amp#27;[0m&amp#27;[37m─&amp#27;[0m&amp#27;[37m─&amp#27;[0m&amp#27;[37m┐&amp#27;[0m&amp#27;[33m┌&amp#27;[0m&amp#27;[33m─&amp#27;[0m&amp#27;[33m─&amp#27;[0m&amp#27;[33m╩&amp#27;[0m&amp#27;[33m╩&amp#27;[0m&amp#27;[33m╩&amp#27;[0m&amp#27;[33m─&amp#27;[0m&amp#27;[33m─&amp#27;[0m&amp#27;[33m┐&amp#27;[0m&amp#27;[34m┌&amp#27;[0m&amp#27;[34m─&amp#27;[0m&amp#27;[34m─&amp#27;[0m&amp#27;[34m╩&amp#27;[0m&amp#27;[34m─&amp#27;[0m&amp#27;[34m╩&amp#27;[0m&amp#27;[34m─&amp#27;[0m&amp#27;[34m─&amp#27;[0m&amp#27;[34m┐&amp#27;[0m&amp#27;[37m┌&amp#27;[0m&amp#27;[37m─&amp#27;[0m&amp#27;[37m─&amp#27;[0m&amp#27;[37m╩&amp#27;[0m&amp#27;[37m╩&amp#27;[0m&amp#27;[37m╩&amp#27;[0m&amp#27;[37m─&amp#27;[0m&amp#27;[37m─&amp#27;[0m&amp#27;[37m┐&amp#27;[0m&amp#27;[37m┌&amp#27;[0m&amp#27;[37m─&amp#27;[0m&amp#27;[37m─&amp#27;[0m&amp#27;[37m─&amp#27;[0m&amp#27;[37m─&amp#27;[0m&amp#27;[37m─&amp#27;[0m&amp#27;[37m─&amp#27;[0m&amp#27;[37m─&amp#27;[0m&amp#27;[37m┐&amp#27;[0m
    &amp#27;[37m│&amp#27;[0m&amp#27;[37m &amp#27;[0m&amp#27;[37md&amp#27;[0m&amp#27;[37mr&amp#27;[0m&amp#27;[37mi&amp#27;[0m&amp#27;[37ml&amp#27;[0m&amp#27;[37ml&amp#27;[0m&amp#27;[37m &amp#27;[0m&amp#27;[37m│&amp#27;[0m&amp#27;[37m│&amp#27;[0m&amp#27;[37m &amp#27;[0m&amp#27;[37mp&amp#27;[0m&amp#27;[37mi&amp#27;[0m&amp#27;[37mp&amp#27;[0m&amp#27;[37me&amp#27;[0m&amp#27;[37m &amp#27;[0m&amp#27;[37m &amp#27;[0m&amp#27;[37m╟&amp#27;[0m&amp#27;[37m╢&amp#27;[0m&amp#27;[37ms&amp#27;[0m&amp#27;[37mh&amp#27;[0m&amp#27;[37mi&amp#27;[0m&amp#27;[37me&amp#27;[0m&amp#27;[37ml&amp#27;[0m&amp#27;[37md&amp#27;[0m&amp#27;[37m &amp#27;[0m&amp#27;[37m╟&amp#27;[0m&amp#27;[33m╢&amp#27;[0m&amp#27;[33ms&amp#27;[0m&amp#27;[33mt&amp#27;[0m&amp#27;[33ma&amp#27;[0m&amp#27;[33mr&amp#27;[0m&amp#27;[33mt&amp#27;[0m&amp#27;[33me&amp#27;[0m&amp#27;[33mr&amp#27;[0m&amp#27;[33m╟&amp#27;[0m&amp#27;[34m│&amp#27;[0m&amp#27;[34md&amp#27;[0m&amp#27;[34mo&amp#27;[0m&amp#27;[34mu&amp#27;[0m&amp#27;[34mb&amp#27;[0m&amp#27;[34ml&amp#27;[0m&amp#27;[34me&amp#27;[0m&amp#27;[34m &amp#27;[0m&amp#27;[34m│&amp#27;[0m&amp#27;[37m│&amp#27;[0m&amp#27;[37me&amp#27;[0m&amp#27;[37mn&amp#27;[0m&amp#27;[37me&amp#27;[0m&amp#27;[37mr&amp#27;[0m&amp#27;[37mg&amp#27;[0m&amp#27;[37my&amp#27;[0m&amp#27;[37m &amp#27;[0m&amp#27;[37m│&amp#27;[0m&amp#27;[37m│&amp#27;[0m&amp#27;[37m &amp#27;[0m&amp#27;[37md&amp#27;[0m&amp#27;[37mr&amp#27;[0m&amp#27;[37mi&amp#27;[0m&amp#27;[37ml&amp#27;[0m&amp#27;[37ml&amp#27;[0m&amp#27;[37m &amp#27;[0m&amp#27;[37m│&amp#27;[0m
7   &amp#27;[37m│&amp#27;[0m&amp#27;[37m &amp#27;[0m&amp#27;[37m &amp#27;[0m&amp#27;[37m &amp#27;[0m&amp#27;[37m &amp#27;[0m&amp#27;[37m &amp#27;[0m&amp#27;[37m &amp#27;[0m&amp#27;[37m &amp#27;[0m&amp#27;[37m│&amp#27;[0m&amp#27;[37m│&amp#27;[0m&amp#27;[37m &amp#27;[0m&amp#27;[37m &amp#27;[0m&amp#27;[37m &amp#27;[0m&amp#27;[37m &amp#27;[0m&amp#27;[37m &amp#27;[0m&amp#27;[37m &amp#27;[0m&amp#27;[37m &amp#27;[0m&amp#27;[37m╟&amp#27;[0m&amp#27;[37m│&amp#27;[0m&amp#27;[37m &amp#27;[0m&amp#27;[37m &amp#27;[0m&amp#27;[37m &amp#27;[0m&amp#27;[37m &amp#27;[0m&amp#27;[37m &amp#27;[0m&amp#27;[37m &amp#27;[0m&amp#27;[37m &amp#27;[0m&amp#27;[37m│&amp#27;[0m&amp#27;[33m╢&amp#27;[0m&amp#27;[33mc&amp#27;[0m&amp#27;[33ma&amp#27;[0m&amp#27;[33mb&amp#27;[0m&amp#27;[33mi&amp#27;[0m&amp#27;[33mn&amp#27;[0m&amp#27;[33m &amp#27;[0m&amp#27;[33m &amp#27;[0m&amp#27;[33m╟&amp#27;[0m&amp#27;[34m╢&amp#27;[0m&amp#27;[34m &amp#27;[0m&amp#27;[34md&amp#27;[0m&amp#27;[34me&amp#27;[0m&amp#27;[34mp&amp#27;[0m&amp#27;[34mo&amp#27;[0m&amp#27;[34mt&amp#27;[0m&amp#27;[34m &amp#27;[0m&amp#27;[34m╟&amp#27;[0m&amp#27;[37m╢&amp#27;[0m&amp#27;[37md&amp#27;[0m&amp#27;[37me&amp#27;[0m&amp#27;[37mp&amp#27;[0m&amp#27;[37mo&amp#27;[0m&amp#27;[37mt&amp#27;[0m&amp#27;[37m2&amp#27;[0m&amp#27;[37m &amp#27;[0m&amp#27;[37m╟&amp#27;[0m&amp#27;[37m╢&amp#27;[0m&amp#27;[37m &amp#27;[0m&amp#27;[37m &amp#27;[0m&amp#27;[37m &amp#27;[0m&amp#27;[37m &amp#27;[0m&amp#27;[37m &amp#27;[0m&amp#27;[37m &amp#27;[0m&amp#27;[37m &amp#27;[0m&amp#27;[37m│&amp#27;[0m
    &amp#27;[37m│&amp#27;[0m&amp#27;[37m &amp#27;[0m&amp#27;[37m &amp#27;[0m&amp#27;[37m &amp#27;[0m&amp#27;[37m←&amp#27;[0m&amp#27;[37m &amp#27;[0m&amp#27;[37m &amp#27;[0m&amp#27;[37m &amp#27;[0m&amp#27;[37m│&amp#27;[0m&amp#27;[37m│&amp#27;[0m&amp#27;[37m &amp#27;[0m&amp#27;[37m &amp#27;[0m&amp#27;[37m &amp#27;[0m&amp#27;[37m &amp#27;[0m&amp#27;[37m &amp#27;[0m&amp#27;[37m &amp#27;[0m&amp#27;[37m &amp#27;[0m&amp#27;[37m╟&amp#27;[0m&amp#27;[37m╢&amp#27;[0m&amp#27;[37m &amp#27;[0m&amp#27;[37m &amp#27;[0m&amp#27;[37m→&amp#27;[0m&amp#27;[37m &amp#27;[0m&amp#27;[37m↓&amp#27;[0m&amp#27;[37m &amp#27;[0m&amp#27;[37m &amp#27;[0m&amp#27;[37m╟&amp#27;[0m&amp#27;[33m╢&amp#27;[0m&amp#27;[33m &amp#27;[0m&amp#27;[33m &amp#27;[0m&amp#27;[33mo&amp#27;[0m&amp#27;[33m &amp#27;[0m&amp#27;[33mo&amp#27;[0m&amp#27;[33m &amp#27;[0m&amp#27;[33m &amp#27;[0m&amp#27;[33m╟&amp#27;[0m&amp#27;[34m│&amp#27;[0m&amp#27;[34m &amp#27;[0m&amp#27;[34m &amp#27;[0m&amp#27;[33m□&amp#27;[0m&amp#27;[32m□&amp#27;[0m&amp#27;[34m &amp#27;[0m&amp#27;[34m &amp#27;[0m&amp#27;[34m &amp#27;[0m&amp#27;[34m│&amp#27;[0m&amp#27;[37m│&amp#27;[0m&amp#27;[37m &amp#27;[0m&amp#27;[37m &amp#27;[0m&amp#27;[37m▓&amp#27;[0m&amp#27;[37m▓&amp#27;[0m&amp#27;[37m &amp#27;[0m&amp#27;[37m &amp#27;[0m&amp#27;[37m &amp#27;[0m&amp#27;[37m│&amp#27;[0m&amp#27;[37m│&amp#27;[0m&amp#27;[37m &amp#27;[0m&amp#27;[37m &amp#27;[0m&amp#27;[37m &amp#27;[0m&amp#27;[37m↑&amp#27;[0m&amp#27;[37m &amp#27;[0m&amp#27;[37m &amp#27;[0m&amp#27;[37m &amp#27;[0m&amp#27;[37m│&amp#27;[0m
    &amp#27;[37m└&amp#27;[0m&amp#27;[37m─&amp#27;[0m&amp#27;[37m─&amp#27;[0m&amp#27;[37m╦&amp#27;[0m&amp#27;[37m─&amp#27;[0m&amp#27;[37m╦&amp#27;[0m&amp#27;[37m─&amp#27;[0m&amp#27;[37m─&amp#27;[0m&amp#27;[37m┘&amp#27;[0m&amp#27;[37m└&amp#27;[0m&amp#27;[37m─&amp#27;[0m&amp#27;[37m─&amp#27;[0m&amp#27;[37m╦&amp#27;[0m&amp#27;[37m─&amp#27;[0m&amp#27;[37m╦&amp#27;[0m&amp#27;[37m─&amp#27;[0m&amp#27;[37m─&amp#27;[0m&amp#27;[37m┘&amp#27;[0m&amp#27;[37m└&amp#27;[0m&amp#27;[37m─&amp#27;[0m&amp#27;[37m─&amp#27;[0m&amp#27;[37m─&amp#27;[0m&amp#27;[37m╦&amp#27;[0m&amp#27;[37m─&amp#27;[0m&amp#27;[37m─&amp#27;[0m&amp#27;[37m─&amp#27;[0m&amp#27;[37m┘&amp#27;[0m&amp#27;[33m└&amp#27;[0m&amp#27;[33m─&amp#27;[0m&amp#27;[33m─&amp#27;[0m&amp#27;[33m╦&amp#27;[0m&amp#27;[33m╦&amp#27;[0m&amp#27;[33m╦&amp#27;[0m&amp#27;[33m─&amp#27;[0m&amp#27;[33m─&amp#27;[0m&amp#27;[33m┘&amp#27;[0m&amp#27;[34m└&amp#27;[0m&amp#27;[34m─&amp#27;[0m&amp#27;[34m─&amp#27;[0m&amp#27;[34m╦&amp#27;[0m&amp#27;[34m╦&amp#27;[0m&amp#27;[34m╦&amp#27;[0m&amp#27;[34m─&amp#27;[0m&amp#27;[34m─&amp#27;[0m&amp#27;[34m┘&amp#27;[0m&amp#27;[37m└&amp#27;[0m&amp#27;[37m─&amp#27;[0m&amp#27;[37m─&amp#27;[0m&amp#27;[37m─&amp#27;[0m&amp#27;[37m╦&amp#27;[0m&amp#27;[37m─&amp#27;[0m&amp#27;[37m─&amp#27;[0m&amp#27;[37m─&amp#27;[0m&amp#27;[37m┘&amp#27;[0m&amp#27;[37m└&amp#27;[0m&amp#27;[37m─&amp#27;[0m&amp#27;[37m─&amp#27;[0m&amp#27;[37m╦&amp#27;[0m&amp#27;[37m╦&amp#27;[0m&amp#27;[37m╦&amp#27;[0m&amp#27;[37m─&amp#27;[0m&amp#27;[37m─&amp#27;[0m&amp#27;[37m┘&amp#27;[0m
    &amp#27;[37m┌&amp#27;[0m&amp#27;[37m─&amp#27;[0m&amp#27;[37m─&amp#27;[0m&amp#27;[37m╩&amp#27;[0m&amp#27;[37m─&amp#27;[0m&amp#27;[37m╩&amp#27;[0m&amp#27;[37m─&amp#27;[0m&amp#27;[37m─&amp#27;[0m&amp#27;[37m┐&amp#27;[0m&amp#27;[37m┌&amp#27;[0m&amp#27;[37m─&amp#27;[0m&amp#27;[37m─&amp#27;[0m&amp#27;[37m╩&amp#27;[0m&amp#27;[37m─&amp#27;[0m&amp#27;[37m╩&amp#27;[0m&amp#27;[37m─&amp#27;[0m&amp#27;[37m─&amp#27;[0m&amp#27;[37m┐&amp#27;[0m&amp#27;[37m┌&amp#27;[0m&amp#27;[37m─&amp#27;[0m&amp#27;[37m─&amp#27;[0m&amp#27;[37m─&amp#27;[0m&amp#27;[37m╩&amp#27;[0m&amp#27;[37m─&amp#27;[0m&amp#27;[37m─&amp#27;[0m&amp#27;[37m─&amp#27;[0m&amp#27;[37m┐&amp#27;[0m&amp#27;[37m┌&amp#27;[0m&amp#27;[37m─&amp#27;[0m&amp#27;[37m─&amp#27;[0m&amp#27;[37m─&amp#27;[0m&amp#27;[37m╩&amp#27;[0m&amp#27;[37m─&amp#27;[0m&amp#27;[37m─&amp#27;[0m&amp#27;[37m─&amp#27;[0m&amp#27;[37m┐&amp#27;[0m&amp#27;[35m┌&amp#27;[0m&amp#27;[35m─&amp#27;[0m&amp#27;[35m─&amp#27;[0m&amp#27;[35m─&amp#27;[0m&amp#27;[35m╩&amp#27;[0m&amp#27;[35m─&amp#27;[0m&amp#27;[35m─&amp#27;[0m&amp#27;[35m─&amp#27;[0m&amp#27;[35m┐&amp#27;[0m&amp#27;[34m┌&amp#27;[0m&amp#27;[34m─&amp#27;[0m&amp#27;[34m─&amp#27;[0m&amp#27;[34m╩&amp#27;[0m&amp#27;[34m╩&amp#27;[0m&amp#27;[34m╩&amp#27;[0m&amp#27;[34m─&amp#27;[0m&amp#27;[34m─&amp#27;[0m&amp#27;[34m┐&amp#27;[0m&amp#27;[31m┌&amp#27;[0m&amp#27;[31m─&amp#27;[0m&amp#27;[31m─&amp#27;[0m&amp#27;[31m╩&amp#27;[0m&amp#27;[31m─&amp#27;[0m&amp#27;[31m╩&amp#27;[0m&amp#27;[31m─&amp#27;[0m&amp#27;[31m─&amp#27;[0m&amp#27;[31m┐&amp#27;[0m
    &amp#27;[37m│&amp#27;[0m&amp#27;[37mh&amp#27;[0m&amp#27;[37mo&amp#27;[0m&amp#27;[37mu&amp#27;[0m&amp#27;[37ms&amp#27;[0m&amp#27;[37mi&amp#27;[0m&amp#27;[37mn&amp#27;[0m&amp#27;[37mg&amp#27;[0m&amp#27;[37m╟&amp#27;[0m&amp#27;[37m╢&amp#27;[0m&amp#27;[37me&amp#27;[0m&amp#27;[37mn&amp#27;[0m&amp#27;[37me&amp#27;[0m&amp#27;[37mr&amp#27;[0m&amp#27;[37mg&amp#27;[0m&amp#27;[37my&amp#27;[0m&amp#27;[37m &amp#27;[0m&amp#27;[37m│&amp#27;[0m&amp#27;[37m╢&amp#27;[0m&amp#27;[37m &amp#27;[0m&amp#27;[37mp&amp#27;[0m&amp#27;[37mi&amp#27;[0m&amp#27;[37mp&amp#27;[0m&amp#27;[37me&amp#27;[0m&amp#27;[37m &amp#27;[0m&amp#27;[37m &amp#27;[0m&amp#27;[37m╟&amp#27;[0m&amp#27;[37m╢&amp#27;[0m&amp#27;[37mh&amp#27;[0m&amp#27;[37mo&amp#27;[0m&amp#27;[37mu&amp#27;[0m&amp#27;[37ms&amp#27;[0m&amp#27;[37mi&amp#27;[0m&amp#27;[37mn&amp#27;[0m&amp#27;[37mg&amp#27;[0m&amp#27;[37m╟&amp#27;[0m&amp#27;[35m╢&amp#27;[0m&amp#27;[35ma&amp#27;[0m&amp#27;[35ml&amp#27;[0m&amp#27;[35mi&amp#27;[0m&amp#27;[35me&amp#27;[0m&amp#27;[35mn&amp#27;[0m&amp#27;[35m &amp#27;[0m&amp#27;[35m &amp#27;[0m&amp#27;[35m╟&amp#27;[0m&amp#27;[34m╢&amp#27;[0m&amp#27;[34md&amp#27;[0m&amp#27;[34mo&amp#27;[0m&amp#27;[34mu&amp#27;[0m&amp#27;[34mb&amp#27;[0m&amp#27;[34ml&amp#27;[0m&amp#27;[34me&amp#27;[0m&amp#27;[34m &amp#27;[0m&amp#27;[34m╟&amp#27;[0m&amp#27;[31m╢&amp#27;[0m&amp#27;[31ms&amp#27;[0m&amp#27;[31mi&amp#27;[0m&amp#27;[31mn&amp#27;[0m&amp#27;[31mg&amp#27;[0m&amp#27;[31ml&amp#27;[0m&amp#27;[31me&amp#27;[0m&amp#27;[31m &amp#27;[0m&amp#27;[31m│&amp#27;[0m
8   &amp#27;[37m│&amp#27;[0m&amp#27;[37m &amp#27;[0m&amp#27;[37m &amp#27;[0m&amp#27;[37m &amp#27;[0m&amp#27;[37m &amp#27;[0m&amp#27;[37m &amp#27;[0m&amp#27;[37m &amp#27;[0m&amp#27;[37m &amp#27;[0m&amp#27;[37m╟&amp#27;[0m&amp#27;[37m│&amp#27;[0m&amp#27;[37md&amp#27;[0m&amp#27;[37me&amp#27;[0m&amp#27;[37mp&amp#27;[0m&amp#27;[37mo&amp#27;[0m&amp#27;[37mt&amp#27;[0m&amp#27;[37m3&amp#27;[0m&amp#27;[37m &amp#27;[0m&amp#27;[37m╟&amp#27;[0m&amp#27;[37m╢&amp#27;[0m&amp#27;[37m &amp#27;[0m&amp#27;[37m &amp#27;[0m&amp#27;[37m &amp#27;[0m&amp#27;[37m &amp#27;[0m&amp#27;[37m &amp#27;[0m&amp#27;[37m &amp#27;[0m&amp#27;[37m &amp#27;[0m&amp#27;[37m│&amp#27;[0m&amp#27;[37m│&amp#27;[0m&amp#27;[37m &amp#27;[0m&amp#27;[37m &amp#27;[0m&amp#27;[37m &amp#27;[0m&amp#27;[37m &amp#27;[0m&amp#27;[37m &amp#27;[0m&amp#27;[37m &amp#27;[0m&amp#27;[37m &amp#27;[0m&amp#27;[37m│&amp#27;[0m&amp#27;[35m│&amp#27;[0m&amp#27;[35mm&amp#27;[0m&amp#27;[35mo&amp#27;[0m&amp#27;[35md&amp#27;[0m&amp#27;[35mu&amp#27;[0m&amp#27;[35ml&amp#27;[0m&amp#27;[35me&amp#27;[0m&amp#27;[35m &amp#27;[0m&amp#27;[35m│&amp#27;[0m&amp#27;[34m│&amp#27;[0m&amp#27;[34m &amp#27;[0m&amp#27;[34md&amp#27;[0m&amp#27;[34me&amp#27;[0m&amp#27;[34mp&amp#27;[0m&amp#27;[34mo&amp#27;[0m&amp#27;[34mt&amp#27;[0m&amp#27;[34m &amp#27;[0m&amp#27;[34m│&amp#27;[0m&amp#27;[31m╢&amp#27;[0m&amp#27;[31m &amp#27;[0m&amp#27;[31md&amp#27;[0m&amp#27;[31me&amp#27;[0m&amp#27;[31mp&amp#27;[0m&amp#27;[31mo&amp#27;[0m&amp#27;[31mt&amp#27;[0m&amp#27;[31m &amp#27;[0m&amp#27;[31m╟&amp#27;[0m
    &amp#27;[37m│&amp#27;[0m&amp#27;[37m &amp#27;[0m&amp#27;[37m &amp#27;[0m&amp#27;[37mo&amp#27;[0m&amp#27;[37m &amp#27;[0m&amp#27;[37mo&amp#27;[0m&amp#27;[37m &amp#27;[0m&amp#27;[37m &amp#27;[0m&amp#27;[37m╟&amp#27;[0m&amp#27;[37m╢&amp#27;[0m&amp#27;[37m &amp#27;[0m&amp#27;[37m &amp#27;[0m&amp#27;[37m▓&amp#27;[0m&amp#27;[37m▓&amp#27;[0m&amp#27;[37m▓&amp#27;[0m&amp#27;[37m &amp#27;[0m&amp#27;[37m &amp#27;[0m&amp#27;[37m│&amp#27;[0m&amp#27;[37m╢&amp#27;[0m&amp#27;[37m &amp#27;[0m&amp#27;[37m &amp#27;[0m&amp#27;[37m &amp#27;[0m&amp#27;[37m &amp#27;[0m&amp#27;[37m &amp#27;[0m&amp#27;[37m &amp#27;[0m&amp#27;[37m &amp#27;[0m&amp#27;[37m╟&amp#27;[0m&amp#27;[37m╢&amp#27;[0m&amp#27;[37m &amp#27;[0m&amp#27;[37m &amp#27;[0m&amp#27;[37m &amp#27;[0m&amp#27;[35m●&amp#27;[0m&amp#27;[37m &amp#27;[0m&amp#27;[37m &amp#27;[0m&amp#27;[37m &amp#27;[0m&amp#27;[37m╟&amp#27;[0m&amp#27;[35m╢&amp#27;[0m&amp#27;[35m &amp#27;[0m&amp#27;[35m &amp#27;[0m&amp#27;[35m &amp#27;[0m&amp#27;[35m &amp#27;[0m&amp#27;[35m &amp#27;[0m&amp#27;[35m &amp#27;[0m&amp#27;[35m &amp#27;[0m&amp#27;[35m╟&amp#27;[0m&amp#27;[34m╢&amp#27;[0m&amp#27;[34m &amp#27;[0m&amp#27;[34m &amp#27;[0m&amp#27;[33m□&amp#27;[0m&amp#27;[34m□&amp#27;[0m&amp#27;[34m &amp#27;[0m&amp#27;[34m &amp#27;[0m&amp#27;[34m &amp#27;[0m&amp#27;[34m╟&amp#27;[0m&amp#27;[31m╢&amp#27;[0m&amp#27;[31m &amp#27;[0m&amp#27;[31m &amp#27;[0m&amp#27;[31m□&amp#27;[0m&amp#27;[31m &amp#27;[0m&amp#27;[31m &amp#27;[0m&amp#27;[31m &amp#27;[0m&amp#27;[31m &amp#27;[0m&amp#27;[31m│&amp#27;[0m
    &amp#27;[37m└&amp#27;[0m&amp#27;[37m─&amp#27;[0m&amp#27;[37m─&amp#27;[0m&amp#27;[37m╦&amp#27;[0m&amp#27;[37m─&amp#27;[0m&amp#27;[37m╦&amp#27;[0m&amp#27;[37m─&amp#27;[0m&amp#27;[37m─&amp#27;[0m&amp#27;[37m┘&amp#27;[0m&amp#27;[37m└&amp#27;[0m&amp#27;[37m─&amp#27;[0m&amp#27;[37m─&amp#27;[0m&amp#27;[37m─&amp#27;[0m&amp#27;[37m─&amp#27;[0m&amp#27;[37m─&amp#27;[0m&amp#27;[37m─&amp#27;[0m&amp#27;[37m─&amp#27;[0m&amp#27;[37m┘&amp#27;[0m&amp#27;[37m└&amp#27;[0m&amp#27;[37m─&amp#27;[0m&amp#27;[37m─&amp#27;[0m&amp#27;[37m╦&amp#27;[0m&amp#27;[37m╦&amp#27;[0m&amp#27;[37m╦&amp#27;[0m&amp#27;[37m─&amp#27;[0m&amp#27;[37m─&amp#27;[0m&amp#27;[37m┘&amp#27;[0m&amp#27;[37m└&amp#27;[0m&amp#27;[37m─&amp#27;[0m&amp#27;[37m─&amp#27;[0m&amp#27;[37m─&amp#27;[0m&amp#27;[37m╦&amp#27;[0m&amp#27;[37m─&amp#27;[0m&amp#27;[37m─&amp#27;[0m&amp#27;[37m─&amp#27;[0m&amp#27;[37m┘&amp#27;[0m&amp#27;[35m└&amp#27;[0m&amp#27;[35m─&amp#27;[0m&amp#27;[35m─&amp#27;[0m&amp#27;[35m─&amp#27;[0m&amp#27;[35m─&amp#27;[0m&amp#27;[35m─&amp#27;[0m&amp#27;[35m─&amp#27;[0m&amp#27;[35m─&amp#27;[0m&amp#27;[35m┘&amp#27;[0m&amp#27;[34m└&amp#27;[0m&amp#27;[34m─&amp#27;[0m&amp#27;[34m─&amp#27;[0m&amp#27;[34m─&amp#27;[0m&amp#27;[34m╦&amp#27;[0m&amp#27;[34m─&amp#27;[0m&amp#27;[34m─&amp#27;[0m&amp#27;[34m─&amp#27;[0m&amp#27;[34m┘&amp#27;[0m&amp#27;[31m└&amp#27;[0m&amp#27;[31m─&amp#27;[0m&amp#27;[31m─&amp#27;[0m&amp#27;[31m─&amp#27;[0m&amp#27;[31m─&amp#27;[0m&amp#27;[31m─&amp#27;[0m&amp#27;[31m─&amp#27;[0m&amp#27;[31m─&amp#27;[0m&amp#27;[31m┘&amp#27;[0m
    &amp#27;[37m┌&amp#27;[0m&amp#27;[37m─&amp#27;[0m&amp#27;[37m─&amp#27;[0m&amp#27;[37m╩&amp#27;[0m&amp#27;[37m─&amp#27;[0m&amp#27;[37m╩&amp#27;[0m&amp#27;[37m─&amp#27;[0m&amp#27;[37m─&amp#27;[0m&amp#27;[37m┐&amp#27;[0m&amp#27;[37m┌&amp#27;[0m&amp#27;[37m─&amp#27;[0m&amp#27;[37m─&amp#27;[0m&amp#27;[37m─&amp#27;[0m&amp#27;[37m─&amp#27;[0m&amp#27;[37m─&amp#27;[0m&amp#27;[37m─&amp#27;[0m&amp#27;[37m─&amp#27;[0m&amp#27;[37m┐&amp#27;[0m&amp#27;[37m┌&amp#27;[0m&amp#27;[37m─&amp#27;[0m&amp#27;[37m─&amp#27;[0m&amp#27;[37m╩&amp#27;[0m&amp#27;[37m╩&amp#27;[0m&amp#27;[37m╩&amp#27;[0m&amp#27;[37m─&amp#27;[0m&amp#27;[37m─&amp#27;[0m&amp#27;[37m┐&amp#27;[0m         &amp#27;[37m┌&amp#27;[0m&amp#27;[37m─&amp#27;[0m&amp#27;[37m─&amp#27;[0m&amp#27;[37m─&amp#27;[0m&amp#27;[37m─&amp#27;[0m&amp#27;[37m─&amp#27;[0m&amp#27;[37m─&amp#27;[0m&amp#27;[37m─&amp#27;[0m&amp#27;[37m┐&amp#27;[0m&amp#27;[37m┌&amp#27;[0m&amp#27;[37m─&amp#27;[0m&amp#27;[37m─&amp#27;[0m&amp#27;[37m─&amp#27;[0m&amp#27;[37m╩&amp#27;[0m&amp#27;[37m─&amp#27;[0m&amp#27;[37m─&amp#27;[0m&amp#27;[37m─&amp#27;[0m&amp#27;[37m┐&amp#27;[0m&amp#27;[37m┌&amp#27;[0m&amp#27;[37m─&amp#27;[0m&amp#27;[37m─&amp#27;[0m&amp#27;[37m─&amp#27;[0m&amp#27;[37m─&amp#27;[0m&amp#27;[37m─&amp#27;[0m&amp#27;[37m─&amp#27;[0m&amp#27;[37m─&amp#27;[0m&amp#27;[37m┐&amp#27;[0m
    &amp#27;[37m│&amp#27;[0m&amp#27;[37me&amp#27;[0m&amp#27;[37mn&amp#27;[0m&amp#27;[37mg&amp#27;[0m&amp#27;[37mi&amp#27;[0m&amp#27;[37mn&amp#27;[0m&amp#27;[37me&amp#27;[0m&amp#27;[37m &amp#27;[0m&amp#27;[37m╟&amp#27;[0m&amp#27;[37m╢&amp#27;[0m&amp#27;[37me&amp#27;[0m&amp#27;[37mn&amp#27;[0m&amp#27;[37mg&amp#27;[0m&amp#27;[37mi&amp#27;[0m&amp#27;[37mn&amp#27;[0m&amp#27;[37me&amp#27;[0m&amp#27;[37m &amp#27;[0m&amp#27;[37m╟&amp#27;[0m&amp#27;[37m╢&amp#27;[0m&amp#27;[37md&amp#27;[0m&amp#27;[37mo&amp#27;[0m&amp#27;[37mu&amp#27;[0m&amp#27;[37mb&amp#27;[0m&amp#27;[37ml&amp#27;[0m&amp#27;[37me&amp#27;[0m&amp#27;[37m &amp#27;[0m&amp#27;[37m│&amp#27;[0m         &amp#27;[37m╢&amp#27;[0m&amp#27;[37me&amp#27;[0m&amp#27;[37mn&amp#27;[0m&amp#27;[37mg&amp#27;[0m&amp#27;[37mi&amp#27;[0m&amp#27;[37mn&amp#27;[0m&amp#27;[37me&amp#27;[0m&amp#27;[37m &amp#27;[0m&amp#27;[37m│&amp#27;[0m&amp#27;[37m│&amp#27;[0m&amp#27;[37mh&amp#27;[0m&amp#27;[37mo&amp#27;[0m&amp#27;[37mu&amp#27;[0m&amp#27;[37ms&amp#27;[0m&amp#27;[37mi&amp#27;[0m&amp#27;[37mn&amp#27;[0m&amp#27;[37mg&amp#27;[0m&amp#27;[37m│&amp#27;[0m&amp#27;[37m│&amp#27;[0m&amp#27;[37m &amp#27;[0m&amp#27;[37md&amp#27;[0m&amp#27;[37mr&amp#27;[0m&amp#27;[37mi&amp#27;[0m&amp#27;[37ml&amp#27;[0m&amp#27;[37ml&amp#27;[0m&amp#27;[37m &amp#27;[0m&amp#27;[37m│&amp#27;[0m
9   &amp#27;[37m│&amp#27;[0m&amp#27;[37m &amp#27;[0m&amp#27;[37m &amp#27;[0m&amp#27;[37m &amp#27;[0m&amp#27;[37m &amp#27;[0m&amp#27;[37m &amp#27;[0m&amp#27;[37m &amp#27;[0m&amp#27;[37m &amp#27;[0m&amp#27;[37m╟&amp#27;[0m&amp#27;[37m╢&amp#27;[0m&amp#27;[37m &amp#27;[0m&amp#27;[37m &amp#27;[0m&amp#27;[37m &amp#27;[0m&amp#27;[37m &amp#27;[0m&amp#27;[37m &amp#27;[0m&amp#27;[37m &amp#27;[0m&amp#27;[37m &amp#27;[0m&amp#27;[37m│&amp#27;[0m&amp#27;[37m│&amp#27;[0m&amp#27;[37me&amp#27;[0m&amp#27;[37mn&amp#27;[0m&amp#27;[37mg&amp#27;[0m&amp#27;[37mi&amp#27;[0m&amp#27;[37mn&amp#27;[0m&amp#27;[37me&amp#27;[0m&amp#27;[37m &amp#27;[0m&amp#27;[37m│&amp#27;[0m         &amp#27;[37m│&amp#27;[0m&amp#27;[37m &amp#27;[0m&amp#27;[37m &amp#27;[0m&amp#27;[37m &amp#27;[0m&amp#27;[37m &amp#27;[0m&amp#27;[37m &amp#27;[0m&amp#27;[37m &amp#27;[0m&amp#27;[37m &amp#27;[0m&amp#27;[37m╟&amp#27;[0m&amp#27;[37m╢&amp#27;[0m&amp#27;[37m &amp#27;[0m&amp#27;[37m &amp#27;[0m&amp#27;[37m &amp#27;[0m&amp#27;[37m &amp#27;[0m&amp#27;[37m &amp#27;[0m&amp#27;[37m &amp#27;[0m&amp#27;[37m &amp#27;[0m&amp#27;[37m╟&amp#27;[0m&amp#27;[37m╢&amp#27;[0m&amp#27;[37m &amp#27;[0m&amp#27;[37m &amp#27;[0m&amp#27;[37m &amp#27;[0m&amp#27;[37m &amp#27;[0m&amp#27;[37m &amp#27;[0m&amp#27;[37m &amp#27;[0m&amp#27;[37m &amp#27;[0m&amp#27;[37m│&amp#27;[0m
    &amp#27;[37m│&amp#27;[0m&amp#27;[37m &amp#27;[0m&amp#27;[37m &amp#27;[0m&amp#27;[37m &amp#27;[0m&amp#27;[37m↓&amp#27;[0m&amp#27;[37m &amp#27;[0m&amp#27;[37m &amp#27;[0m&amp#27;[37m &amp#27;[0m&amp#27;[37m╟&amp#27;[0m&amp#27;[37m╢&amp#27;[0m&amp#27;[37m &amp#27;[0m&amp#27;[37m &amp#27;[0m&amp#27;[37m &amp#27;[0m&amp#27;[37m↓&amp#27;[0m&amp#27;[37m &amp#27;[0m&amp#27;[37m &amp#27;[0m&amp#27;[37m &amp#27;[0m&amp#27;[37m╟&amp#27;[0m&amp#27;[37m╢&amp#27;[0m&amp#27;[37m &amp#27;[0m&amp#27;[37m &amp#27;[0m&amp#27;[37m &amp#27;[0m&amp#27;[37m↓&amp#27;[0m&amp#27;[37m &amp#27;[0m&amp#27;[37m &amp#27;[0m&amp#27;[37m &amp#27;[0m&amp#27;[37m│&amp#27;[0m         &amp#27;[37m╢&amp#27;[0m&amp#27;[37m &amp#27;[0m&amp#27;[37m &amp#27;[0m&amp#27;[37m &amp#27;[0m&amp#27;[37m↓&amp#27;[0m&amp#27;[37m &amp#27;[0m&amp#27;[37m &amp#27;[0m&amp#27;[37m &amp#27;[0m&amp#27;[37m│&amp#27;[0m&amp#27;[37m│&amp#27;[0m&amp#27;[37m &amp#27;[0m&amp#27;[37m &amp#27;[0m&amp#27;[37mo&amp#27;[0m&amp#27;[37m &amp#27;[0m&amp#27;[37mo&amp#27;[0m&amp#27;[37m &amp#27;[0m&amp#27;[37m &amp#27;[0m&amp#27;[37m│&amp#27;[0m&amp#27;[37m│&amp#27;[0m&amp#27;[37m &amp#27;[0m&amp#27;[37m &amp#27;[0m&amp#27;[37m &amp#27;[0m&amp#27;[37m→&amp#27;[0m&amp#27;[37m &amp#27;[0m&amp#27;[37m &amp#27;[0m&amp#27;[37m &amp#27;[0m&amp#27;[37m│&amp#27;[0m
    &amp#27;[37m└&amp#27;[0m&amp#27;[37m─&amp#27;[0m&amp#27;[37m─&amp#27;[0m&amp#27;[37m─&amp#27;[0m&amp#27;[37m─&amp#27;[0m&amp#27;[37m─&amp#27;[0m&amp#27;[37m─&amp#27;[0m&amp#27;[37m─&amp#27;[0m&amp#27;[37m┘&amp#27;[0m&amp#27;[37m└&amp#27;[0m&amp#27;[37m─&amp#27;[0m&amp#27;[37m─&amp#27;[0m&amp#27;[37m─&amp#27;[0m&amp#27;[37m─&amp#27;[0m&amp#27;[37m─&amp#27;[0m&amp#27;[37m─&amp#27;[0m&amp#27;[37m─&amp#27;[0m&amp#27;[37m┘&amp#27;[0m&amp#27;[37m└&amp#27;[0m&amp#27;[37m─&amp#27;[0m&amp#27;[37m─&amp#27;[0m&amp#27;[37m─&amp#27;[0m&amp#27;[37m─&amp#27;[0m&amp#27;[37m─&amp#27;[0m&amp#27;[37m─&amp#27;[0m&amp#27;[37m─&amp#27;[0m&amp#27;[37m┘&amp#27;[0m         &amp#27;[37m└&amp#27;[0m&amp#27;[37m─&amp#27;[0m&amp#27;[37m─&amp#27;[0m&amp#27;[37m─&amp#27;[0m&amp#27;[37m─&amp#27;[0m&amp#27;[37m─&amp#27;[0m&amp#27;[37m─&amp#27;[0m&amp#27;[37m─&amp#27;[0m&amp#27;[37m┘&amp#27;[0m&amp#27;[37m└&amp#27;[0m&amp#27;[37m─&amp#27;[0m&amp#27;[37m─&amp#27;[0m&amp#27;[37m╦&amp#27;[0m&amp#27;[37m─&amp#27;[0m&amp#27;[37m╦&amp#27;[0m&amp#27;[37m─&amp#27;[0m&amp#27;[37m─&amp#27;[0m&amp#27;[37m┘&amp#27;[0m&amp#27;[37m└&amp#27;[0m&amp#27;[37m─&amp#27;[0m&amp#27;[37m─&amp#27;[0m&amp#27;[37m─&amp#27;[0m&amp#27;[37m─&amp#27;[0m&amp#27;[37m─&amp#27;[0m&amp#27;[37m─&amp#27;[0m&amp#27;[37m─&amp#27;[0m&amp#27;[37m┘&amp#27;[0m
        4        5        6        7        8        9       10    
                                        &amp#27;[37m┌&amp#27;[0m&amp#27;[37m─&amp#27;[0m&amp#27;[37m─&amp#27;[0m&amp#27;[37m─&amp#27;[0m&amp#27;[37m─&amp#27;[0m&amp#27;[37m─&amp#27;[0m&amp#27;[37m─&amp#27;[0m&amp#27;[37m─&amp#27;[0m&amp#27;[37m┐&amp#27;[0m                  
                                        &amp#27;[37m│&amp#27;[0m&amp#27;[37m &amp#27;[0m&amp#27;[37md&amp#27;[0m&amp#27;[37mr&amp#27;[0m&amp#27;[37mi&amp#27;[0m&amp#27;[37ml&amp#27;[0m&amp#27;[37ml&amp#27;[0m&amp#27;[37m &amp#27;[0m&amp#27;[37m│&amp#27;[0m                  
5                                       &amp#27;[37m│&amp#27;[0m&amp#27;[37m &amp#27;[0m&amp#27;[37m &amp#27;[0m&amp#27;[37m &amp#27;[0m&amp#27;[37m &amp#27;[0m&amp#27;[37m &amp#27;[0m&amp#27;[37m &amp#27;[0m&amp#27;[37m &amp#27;[0m&amp#27;[37m│&amp#27;[0m                  
                                        &amp#27;[37m│&amp#27;[0m&amp#27;[37m &amp#27;[0m&amp#27;[37m &amp#27;[0m&amp#27;[37m &amp#27;[0m&amp#27;[37m↑&amp#27;[0m&amp#27;[37m &amp#27;[0m&amp#27;[37m &amp#27;[0m&amp#27;[37m &amp#27;[0m&amp#27;[37m│&amp#27;[0m                  
                                        &amp#27;[37m└&amp#27;[0m&amp#27;[37m─&amp#27;[0m&amp#27;[37m─&amp#27;[0m&amp#27;[37m╦&amp#27;[0m&amp#27;[37m─&amp#27;[0m&amp#27;[37m╦&amp#27;[0m&amp#27;[37m─&amp#27;[0m&amp#27;[37m─&amp#27;[0m&amp#27;[37m┘&amp#27;[0m                  
             &amp#27;[37m┌&amp#27;[0m&amp#27;[37m─&amp#27;[0m&amp#27;[37m─&amp#27;[0m&amp#27;[37m─&amp#27;[0m&amp#27;[37m╩&amp#27;[0m&amp#27;[37m─&amp#27;[0m&amp#27;[37m─&amp#27;[0m&amp#27;[37m─&amp#27;[0m&amp#27;[37m┐&amp#27;[0m&amp#27;[37m┌&amp#27;[0m&amp#27;[37m─&amp#27;[0m&amp#27;[37m─&amp#27;[0m&amp#27;[37m╩&amp#27;[0m&amp#27;[37m─&amp#27;[0m&amp#27;[37m╩&amp#27;[0m&amp#27;[37m─&amp#27;[0m&amp#27;[37m─&amp#27;[0m&amp#27;[37m┐&amp#27;[0m&amp#27;[37m┌&amp#27;[0m&amp#27;[37m─&amp#27;[0m&amp#27;[37m─&amp#27;[0m&amp#27;[37m─&amp#27;[0m&amp#27;[37m─&amp#27;[0m&amp#27;[37m─&amp#27;[0m&amp#27;[37m─&amp#27;[0m&amp#27;[37m─&amp#27;[0m&amp#27;[37m┐&amp#27;[0m&amp#27;[37m┌&amp#27;[0m&amp#27;[37m─&amp#27;[0m&amp#27;[37m─&amp#27;[0m&amp#27;[37m╩&amp#27;[0m&amp#27;[37m╩&amp#27;[0m&amp#27;[37m╩&amp#27;[0m&amp#27;[37m─&amp#27;[0m&amp#27;[37m─&amp#27;[0m&amp#27;[37m┐&amp#27;[0m&amp#27;[37m┌&amp#27;[0m&amp#27;[37m─&amp#27;[0m&amp#27;[37m─&amp#27;[0m&amp#27;[37m─&amp#27;[0m&amp#27;[37m─&amp#27;[0m&amp#27;[37m─&amp#27;[0m&amp#27;[37m─&amp#27;[0m&amp#27;[37m─&amp#27;[0m&amp#27;[37m┐&amp#27;[0m         
             &amp#27;[37m│&amp#27;[0m&amp#27;[37ms&amp#27;[0m&amp#27;[37mh&amp#27;[0m&amp#27;[37mi&amp#27;[0m&amp#27;[37me&amp#27;[0m&amp#27;[37ml&amp#27;[0m&amp#27;[37md&amp#27;[0m&amp#27;[37m &amp#27;[0m&amp#27;[37m╟&amp#27;[0m&amp#27;[37m│&amp#27;[0m&amp#27;[37me&amp#27;[0m&amp#27;[37mn&amp#27;[0m&amp#27;[37me&amp#27;[0m&amp#27;[37mr&amp#27;[0m&amp#27;[37mg&amp#27;[0m&amp#27;[37my&amp#27;[0m&amp#27;[37m &amp#27;[0m&amp#27;[37m│&amp#27;[0m&amp#27;[37m│&amp#27;[0m&amp#27;[37m &amp#27;[0m&amp#27;[37md&amp#27;[0m&amp#27;[37mr&amp#27;[0m&amp#27;[37mi&amp#27;[0m&amp#27;[37ml&amp#27;[0m&amp#27;[37ml&amp#27;[0m&amp#27;[37m &amp#27;[0m&amp#27;[37m│&amp#27;[0m&amp#27;[37m│&amp#27;[0m&amp#27;[37m &amp#27;[0m&amp#27;[37mp&amp#27;[0m&amp#27;[37mi&amp#27;[0m&amp#27;[37mp&amp#27;[0m&amp#27;[37me&amp#27;[0m&amp#27;[37m &amp#27;[0m&amp#27;[37m &amp#27;[0m&amp#27;[37m╟&amp#27;[0m&amp#27;[37m╢&amp#27;[0m&amp#27;[37ms&amp#27;[0m&amp#27;[37mh&amp#27;[0m&amp#27;[37mi&amp#27;[0m&amp#27;[37me&amp#27;[0m&amp#27;[37ml&amp#27;[0m&amp#27;[37md&amp#27;[0m&amp#27;[37m &amp#27;[0m&amp#27;[37m│&amp#27;[0m         
6            &amp#27;[37m│&amp#27;[0m&amp#27;[37m &amp#27;[0m&amp#27;[37m &amp#27;[0m&amp#27;[37m &amp#27;[0m&amp#27;[37m &amp#27;[0m&amp#27;[37m &amp#27;[0m&amp#27;[37m &amp#27;[0m&amp#27;[37m &amp#27;[0m&amp#27;[37m╟&amp#27;[0m&amp#27;[37m╢&amp#27;[0m&amp#27;[37md&amp#27;[0m&amp#27;[37me&amp#27;[0m&amp#27;[37mp&amp#27;[0m&amp#27;[37mo&amp#27;[0m&amp#27;[37mt&amp#27;[0m&amp#27;[37m2&amp#27;[0m&amp#27;[37m &amp#27;[0m&amp#27;[37m╟&amp#27;[0m&amp#27;[37m╢&amp#27;[0m&amp#27;[37m &amp#27;[0m&amp#27;[37m &amp#27;[0m&amp#27;[37m &amp#27;[0m&amp#27;[37m &amp#27;[0m&amp#27;[37m &amp#27;[0m&amp#27;[37m &amp#27;[0m&amp#27;[37m &amp#27;[0m&amp#27;[37m╟&amp#27;[0m&amp#27;[37m╢&amp#27;[0m&amp#27;[37m &amp#27;[0m&amp#27;[37m &amp#27;[0m&amp#27;[37m &amp#27;[0m&amp#27;[37m &amp#27;[0m&amp#27;[37m &amp#27;[0m&amp#27;[37m &amp#27;[0m&amp#27;[37m &amp#27;[0m&amp#27;[37m│&amp#27;[0m&amp#27;[37m│&amp#27;[0m&amp#27;[37m &amp#27;[0m&amp#27;[37m &amp#27;[0m&amp#27;[37m &amp#27;[0m&amp#27;[37m &amp#27;[0m&amp#27;[37m &amp#27;[0m&amp#27;[37m &amp#27;[0m&amp#27;[37m &amp#27;[0m&amp#27;[37m│&amp#27;[0m         
             &amp#27;[37m│&amp#27;[0m&amp#27;[37m &amp#27;[0m&amp#27;[37m &amp#27;[0m&amp#27;[37m↓&amp#27;[0m&amp#27;[37m &amp#27;[0m&amp#27;[37m←&amp#27;[0m&amp#27;[37m &amp#27;[0m&amp#27;[37m &amp#27;[0m&amp#27;[37m╟&amp#27;[0m&amp#27;[37m│&amp#27;[0m&amp#27;[37m &amp#27;[0m&amp#27;[37m &amp#27;[0m&amp#27;[37m▓&amp#27;[0m&amp#27;[37m▓&amp#27;[0m&amp#27;[37m &amp#27;[0m&amp#27;[37m &amp#27;[0m&amp#27;[37m &amp#27;[0m&amp#27;[37m│&amp#27;[0m&amp#27;[37m│&amp#27;[0m&amp#27;[37m &amp#27;[0m&amp#27;[37m &amp#27;[0m&amp#27;[37m &amp#27;[0m&amp#27;[37m↑&amp#27;[0m&amp#27;[37m &amp#27;[0m&amp#27;[37m &amp#27;[0m&amp#27;[37m &amp#27;[0m&amp#27;[37m│&amp#27;[0m&amp#27;[37m│&amp#27;[0m&amp#27;[37m &amp#27;[0m&amp#27;[37m &amp#27;[0m&amp#27;[37m &amp#27;[0m&amp#27;[37m &amp#27;[0m&amp#27;[37m &amp#27;[0m&amp#27;[37m &amp#27;[0m&amp#27;[37m &amp#27;[0m&amp#27;[37m╟&amp#27;[0m&amp#27;[37m╢&amp#27;[0m&amp#27;[37m &amp#27;[0m&amp#27;[37m &amp#27;[0m&amp#27;[37m↑&amp#27;[0m&amp#27;[37m &amp#27;[0m&amp#27;[37m→&amp#27;[0m&amp#27;[37m &amp#27;[0m&amp#27;[37m &amp#27;[0m&amp#27;[37m│&amp#27;[0m         
             &amp#27;[37m└&amp#27;[0m&amp#27;[37m─&amp#27;[0m&amp#27;[37m─&amp#27;[0m&amp#27;[37m─&amp#27;[0m&amp#27;[37m─&amp#27;[0m&amp#27;[37m─&amp#27;[0m&amp#27;[37m─&amp#27;[0m&amp#27;[37m─&amp#27;[0m&amp#27;[37m┘&amp#27;[0m&amp#27;[37m└&amp#27;[0m&amp#27;[37m─&amp#27;[0m&amp#27;[37m─&amp#27;[0m&amp#27;[37m╦&amp#27;[0m&amp#27;[37m─&amp#27;[0m&amp#27;[37m╦&amp#27;[0m&amp#27;[37m─&amp#27;[0m&amp#27;[37m─&amp#27;[0m&amp#27;[37m┘&amp#27;[0m&amp#27;[37m└&amp#27;[0m&amp#27;[37m─&amp#27;[0m&amp#27;[37m─&amp#27;[0m&amp#27;[37m─&amp#27;[0m&amp#27;[37m╦&amp#27;[0m&amp#27;[37m─&amp#27;[0m&amp#27;[37m─&amp#27;[0m&amp#27;[37m─&amp#27;[0m&amp#27;[37m┘&amp#27;[0m&amp#27;[37m└&amp#27;[0m&amp#27;[37m─&amp#27;[0m&amp#27;[37m─&amp#27;[0m&amp#27;[37m╦&amp#27;[0m&amp#27;[37m╦&amp#27;[0m&amp#27;[37m╦&amp#27;[0m&amp#27;[37m─&amp#27;[0m&amp#27;[37m─&amp#27;[0m&amp#27;[37m┘&amp#27;[0m&amp#27;[37m└&amp#27;[0m&amp#27;[37m─&amp#27;[0m&amp#27;[37m─&amp#27;[0m&amp#27;[37m╦&amp#27;[0m&amp#27;[37m╦&amp#27;[0m&amp#27;[37m╦&amp#27;[0m&amp#27;[37m─&amp#27;[0m&amp#27;[37m─&amp#27;[0m&amp#27;[37m┘&amp#27;[0m         
    &amp#27;[37m┌&amp#27;[0m&amp#27;[37m─&amp#27;[0m&amp#27;[37m─&amp#27;[0m&amp#27;[37m─&amp#27;[0m&amp#27;[37m─&amp#27;[0m&amp#27;[37m─&amp#27;[0m&amp#27;[37m─&amp#27;[0m&amp#27;[37m─&amp#27;[0m&amp#27;[37m┐&amp#27;[0m&amp#27;[31m┌&amp#27;[0m&amp#27;[31m─&amp#27;[0m&amp#27;[31m─&amp#27;[0m&amp#27;[31m─&amp#27;[0m&amp#27;[31m─&amp#27;[0m&amp#27;[31m─&amp#27;[0m&amp#27;[31m─&amp#27;[0m&amp#27;[31m─&amp#27;[0m&amp#27;[31m┐&amp#27;[0m&amp#27;[37m┌&amp#27;[0m&amp#27;[37m─&amp#27;[0m&amp#27;[37m─&amp#27;[0m&amp#27;[37m╩&amp#27;[0m&amp#27;[37m─&amp#27;[0m&amp#27;[37m╩&amp#27;[0m&amp#27;[37m─&amp#27;[0m&amp#27;[37m─&amp#27;[0m&amp#27;[37m┐&amp#27;[0m&amp#27;[34m┌&amp#27;[0m&amp#27;[34m─&amp#27;[0m&amp#27;[34m─&amp#27;[0m&amp#27;[34m╩&amp#27;[0m&amp#27;[34m╩&amp#27;[0m&amp#27;[34m╩&amp#27;[0m&amp#27;[34m─&amp#27;[0m&amp#27;[34m─&amp#27;[0m&amp#27;[34m┐&amp#27;[0m&amp#27;[37m┌&amp#27;[0m&amp#27;[37m─&amp#27;[0m&amp#27;[37m─&amp#27;[0m&amp#27;[37m╩&amp#27;[0m&amp#27;[37m─&amp#27;[0m&amp#27;[37m╩&amp#27;[0m&amp#27;[37m─&amp#27;[0m&amp#27;[37m─&amp#27;[0m&amp#27;[37m┐&amp#27;[0m&amp#27;[34m┌&amp#27;[0m&amp#27;[34m─&amp#27;[0m&amp#27;[34m─&amp#27;[0m&amp#27;[34m─&amp#27;[0m&amp#27;[34m╩&amp#27;[0m&amp#27;[34m─&amp#27;[0m&amp#27;[34m─&amp#27;[0m&amp#27;[34m─&amp#27;[0m&amp#27;[34m┐&amp#27;[0m         
    &amp#27;[37m│&amp#27;[0m&amp#27;[37m &amp#27;[0m&amp#27;[37md&amp#27;[0m&amp#27;[37mr&amp#27;[0m&amp#27;[37mi&amp#27;[0m&amp#27;[37ml&amp#27;[0m&amp#27;[37ml&amp#27;[0m&amp#27;[37m &amp#27;[0m&amp#27;[37m╟&amp#27;[0m&amp#27;[31m╢&amp#27;[0m&amp#27;[31md&amp#27;[0m&amp#27;[31mo&amp#27;[0m&amp#27;[31mu&amp#27;[0m&amp#27;[31mb&amp#27;[0m&amp#27;[31ml&amp#27;[0m&amp#27;[31me&amp#27;[0m&amp#27;[31m &amp#27;[0m&amp#27;[31m│&amp#27;[0m&amp#27;[37m│&amp#27;[0m&amp#27;[37mh&amp#27;[0m&amp#27;[37mo&amp#27;[0m&amp#27;[37mu&amp#27;[0m&amp#27;[37ms&amp#27;[0m&amp#27;[37mi&amp#27;[0m&amp#27;[37mn&amp#27;[0m&amp#27;[37mg&amp#27;[0m&amp#27;[37m╟&amp#27;[0m&amp#27;[34m╢&amp#27;[0m&amp#27;[34ms&amp#27;[0m&amp#27;[34mt&amp#27;[0m&amp#27;[34ma&amp#27;[0m&amp#27;[34mr&amp#27;[0m&amp#27;[34mt&amp#27;[0m&amp#27;[34me&amp#27;[0m&amp#27;[34mr&amp#27;[0m&amp#27;[34m╟&amp#27;[0m&amp#27;[37m╢&amp#27;[0m&amp#27;[37mh&amp#27;[0m&amp#27;[37mo&amp#27;[0m&amp#27;[37mu&amp#27;[0m&amp#27;[37ms&amp#27;[0m&amp#27;[37mi&amp#27;[0m&amp#27;[37mn&amp#27;[0m&amp#27;[37mg&amp#27;[0m&amp#27;[37m│&amp#27;[0m&amp#27;[34m│&amp#27;[0m&amp#27;[34mt&amp#27;[0m&amp#27;[34mr&amp#27;[0m&amp#27;[34mi&amp#27;[0m&amp#27;[34mp&amp#27;[0m&amp#27;[34ml&amp#27;[0m&amp#27;[34me&amp#27;[0m&amp#27;[34m &amp#27;[0m&amp#27;[34m│&amp#27;[0m         
7   &amp#27;[37m│&amp#27;[0m&amp#27;[37m &amp#27;[0m&amp#27;[37m &amp#27;[0m&amp#27;[37m &amp#27;[0m&amp#27;[37m &amp#27;[0m&amp#27;[37m &amp#27;[0m&amp#27;[37m &amp#27;[0m&amp#27;[37m &amp#27;[0m&amp#27;[37m│&amp#27;[0m&amp#27;[31m│&amp#27;[0m&amp#27;[31m &amp#27;[0m&amp#27;[31md&amp#27;[0m&amp#27;[31me&amp#27;[0m&amp#27;[31mp&amp#27;[0m&amp#27;[31mo&amp#27;[0m&amp#27;[31mt&amp#27;[0m&amp#27;[31m &amp#27;[0m&amp#27;[31m╟&amp#27;[0m&amp#27;[37m╢&amp#27;[0m&amp#27;[37m &amp#27;[0m&amp#27;[37m &amp#27;[0m&amp#27;[37m &amp#27;[0m&amp#27;[37m &amp#27;[0m&amp#27;[37m &amp#27;[0m&amp#27;[37m &amp#27;[0m&amp#27;[37m &amp#27;[0m&amp#27;[37m│&amp#27;[0m&amp#27;[34m╢&amp#27;[0m&amp#27;[34mc&amp#27;[0m&amp#27;[34ma&amp#27;[0m&amp#27;[34mb&amp#27;[0m&amp#27;[34mi&amp#27;[0m&amp#27;[34mn&amp#27;[0m&amp#27;[34m &amp#27;[0m&amp#27;[34m &amp#27;[0m&amp#27;[34m╟&amp#27;[0m&amp#27;[37m│&amp#27;[0m&amp#27;[37m &amp#27;[0m&amp#27;[37m &amp#27;[0m&amp#27;[37m &amp#27;[0m&amp#27;[37m &amp#27;[0m&amp#27;[37m &amp#27;[0m&amp#27;[37m &amp#27;[0m&amp#27;[37m &amp#27;[0m&amp#27;[37m╟&amp#27;[0m&amp#27;[34m╢&amp#27;[0m&amp#27;[34m &amp#27;[0m&amp#27;[34md&amp#27;[0m&amp#27;[34me&amp#27;[0m&amp#27;[34mp&amp#27;[0m&amp#27;[34mo&amp#27;[0m&amp#27;[34mt&amp#27;[0m&amp#27;[34m &amp#27;[0m&amp#27;[34m│&amp#27;[0m         
    &amp#27;[37m│&amp#27;[0m&amp#27;[37m &amp#27;[0m&amp#27;[37m &amp#27;[0m&amp#27;[37m &amp#27;[0m&amp#27;[37m↑&amp#27;[0m&amp#27;[37m &amp#27;[0m&amp#27;[37m &amp#27;[0m&amp#27;[37m &amp#27;[0m&amp#27;[37m╟&amp#27;[0m&amp#27;[31m╢&amp#27;[0m&amp#27;[31m &amp#27;[0m&amp#27;[31m &amp#27;[0m&amp#27;[31m□&amp#27;[0m&amp#27;[33m□&amp#27;[0m&amp#27;[31m &amp#27;[0m&amp#27;[31m &amp#27;[0m&amp#27;[31m &amp#27;[0m&amp#27;[31m│&amp#27;[0m&amp#27;[37m│&amp#27;[0m&amp#27;[37m &amp#27;[0m&amp#27;[37m &amp#27;[0m&amp#27;[37mo&amp#27;[0m&amp#27;[37m &amp#27;[0m&amp#27;[37mo&amp#27;[0m&amp#27;[37m &amp#27;[0m&amp#27;[37m &amp#27;[0m&amp#27;[37m╟&amp#27;[0m&amp#27;[34m╢&amp#27;[0m&amp#27;[34m &amp#27;[0m&amp#27;[34m &amp#27;[0m&amp#27;[34mo&amp#27;[0m&amp#27;[34m &amp#27;[0m&amp#27;[34mo&amp#27;[0m&amp#27;[34m &amp#27;[0m&amp#27;[34m &amp#27;[0m&amp#27;[34m╟&amp#27;[0m&amp#27;[37m╢&amp#27;[0m&amp#27;[37m &amp#27;[0m&amp#27;[37m &amp#27;[0m&amp#27;[37mo&amp#27;[0m&amp#27;[37m &amp#27;[0m&amp#27;[37mo&amp#27;[0m&amp#27;[37m &amp#27;[0m&amp#27;[37m &amp#27;[0m&amp#27;[37m│&amp#27;[0m&amp#27;[34m│&amp#27;[0m&amp#27;[34m &amp#27;[0m&amp#27;[34m &amp#27;[0m&amp#27;[33m□&amp#27;[0m&amp#27;[32m□&amp#27;[0m&amp#27;[34m□&amp#27;[0m&amp#27;[34m &amp#27;[0m&amp#27;[34m &amp#27;[0m&amp#27;[34m│&amp#27;[0m         
    &amp#27;[37m└&amp#27;[0m&amp#27;[37m─&amp#27;[0m&amp#27;[37m─&amp#27;[0m&amp#27;[37m╦&amp#27;[0m&amp#27;[37m╦&amp#27;[0m&amp#27;[37m╦&amp#27;[0m&amp#27;[37m─&amp#27;[0m&amp#27;[37m─&amp#27;[0m&amp#27;[37m┘&amp#27;[0m&amp#27;[31m└&amp#27;[0m&amp#27;[31m─&amp#27;[0m&amp#27;[31m─&amp#27;[0m&amp#27;[31m─&amp#27;[0m&amp#27;[31m─&amp#27;[0m&amp#27;[31m─&amp#27;[0m&amp#27;[31m─&amp#27;[0m&amp#27;[31m─&amp#27;[0m&amp#27;[31m┘&amp#27;[0m&amp#27;[37m└&amp#27;[0m&amp#27;[37m─&amp#27;[0m&amp#27;[37m─&amp#27;[0m&amp#27;[37m─&amp#27;[0m&amp#27;[37m╦&amp#27;[0m&amp#27;[37m─&amp#27;[0m&amp#27;[37m─&amp#27;[0m&amp#27;[37m─&amp#27;[0m&amp#27;[37m┘&amp#27;[0m&amp#27;[34m└&amp#27;[0m&amp#27;[34m─&amp#27;[0m&amp#27;[34m─&amp#27;[0m&amp#27;[34m╦&amp#27;[0m&amp#27;[34m╦&amp#27;[0m&amp#27;[34m╦&amp#27;[0m&amp#27;[34m─&amp#27;[0m&amp#27;[34m─&amp#27;[0m&amp#27;[34m┘&amp#27;[0m&amp#27;[37m└&amp#27;[0m&amp#27;[37m─&amp#27;[0m&amp#27;[37m─&amp#27;[0m&amp#27;[37m╦&amp#27;[0m&amp#27;[37m─&amp#27;[0m&amp#27;[37m╦&amp#27;[0m&amp#27;[37m─&amp#27;[0m&amp#27;[37m─&amp#27;[0m&amp#27;[37m┘&amp#27;[0m&amp#27;[34m└&amp#27;[0m&amp#27;[34m─&amp#27;[0m&amp#27;[34m─&amp#27;[0m&amp#27;[34m╦&amp#27;[0m&amp#27;[34m─&amp#27;[0m&amp#27;[34m╦&amp#27;[0m&amp#27;[34m─&amp#27;[0m&amp#27;[34m─&amp#27;[0m&amp#27;[34m┘&amp#27;[0m         
    &amp#27;[37m┌&amp#27;[0m&amp#27;[37m─&amp#27;[0m&amp#27;[37m─&amp#27;[0m&amp#27;[37m─&amp#27;[0m&amp#27;[37m╩&amp#27;[0m&amp#27;[37m─&amp#27;[0m&amp#27;[37m─&amp#27;[0m&amp#27;[37m─&amp#27;[0m&amp#27;[37m┐&amp#27;[0m&amp#27;[33m┌&amp#27;[0m&amp#27;[33m─&amp#27;[0m&amp#27;[33m─&amp#27;[0m&amp#27;[33m─&amp#27;[0m&amp#27;[33m─&amp#27;[0m&amp#27;[33m─&amp#27;[0m&amp#27;[33m─&amp#27;[0m&amp#27;[33m─&amp#27;[0m&amp#27;[33m┐&amp#27;[0m&amp#27;[37m┌&amp#27;[0m&amp#27;[37m─&amp#27;[0m&amp#27;[37m─&amp#27;[0m&amp#27;[37m╩&amp#27;[0m&amp#27;[37m╩&amp#27;[0m&amp#27;[37m╩&amp#27;[0m&amp#27;[37m─&amp#27;[0m&amp#27;[37m─&amp#27;[0m&amp#27;[37m┐&amp#27;[0m&amp#27;[35m┌&amp#27;[0m&amp#27;[35m─&amp#27;[0m&amp#27;[35m─&amp#27;[0m&amp#27;[35m╩&amp#27;[0m&amp#27;[35m╩&amp#27;[0m&amp#27;[35m╩&amp#27;[0m&amp#27;[35m─&amp#27;[0m&amp#27;[35m─&amp#27;[0m&amp#27;[35m┐&amp#27;[0m&amp#27;[37m┌&amp#27;[0m&amp#27;[37m─&amp#27;[0m&amp#27;[37m─&amp#27;[0m&amp#27;[37m╩&amp#27;[0m&amp#27;[37m─&amp#27;[0m&amp#27;[37m╩&amp#27;[0m&amp#27;[37m─&amp#27;[0m&amp#27;[37m─&amp#27;[0m&amp#27;[37m┐&amp#27;[0m&amp#27;[37m┌&amp#27;[0m&amp#27;[37m─&amp#27;[0m&amp#27;[37m─&amp#27;[0m&amp#27;[37m╩&amp#27;[0m&amp#27;[37m╩&amp#27;[0m&amp#27;[37m╩&amp#27;[0m&amp#27;[37m─&amp#27;[0m&amp#27;[37m─&amp#27;[0m&amp#27;[37m┐&amp#27;[0m         
    &amp#27;[37m│&amp#27;[0m&amp#27;[37mh&amp#27;[0m&amp#27;[37mo&amp#27;[0m&amp#27;[37mu&amp#27;[0m&amp#27;[37ms&amp#27;[0m&amp#27;[37mi&amp#27;[0m&amp#27;[37mn&amp#27;[0m&amp#27;[37mg&amp#27;[0m&amp#27;[37m╟&amp#27;[0m&amp#27;[33m╢&amp#27;[0m&amp#27;[33ma&amp#27;[0m&amp#27;[33ml&amp#27;[0m&amp#27;[33mi&amp#27;[0m&amp#27;[33me&amp#27;[0m&amp#27;[33mn&amp#27;[0m&amp#27;[33m &amp#27;[0m&amp#27;[33m &amp#27;[0m&amp#27;[33m╟&amp#27;[0m&amp#27;[37m│&amp#27;[0m&amp#27;[37mh&amp#27;[0m&amp#27;[37mo&amp#27;[0m&amp#27;[37mu&amp#27;[0m&amp#27;[37ms&amp#27;[0m&amp#27;[37mi&amp#27;[0m&amp#27;[37mn&amp#27;[0m&amp#27;[37mg&amp#27;[0m&amp#27;[37m│&amp#27;[0m&amp#27;[35m│&amp#27;[0m&amp#27;[35ma&amp#27;[0m&amp#27;[35ml&amp#27;[0m&amp#27;[35mi&amp#27;[0m&amp#27;[35me&amp#27;[0m&amp#27;[35mn&amp#27;[0m&amp#27;[35m &amp#27;[0m&amp#27;[35m &amp#27;[0m&amp#27;[35m│&amp#27;[0m&amp#27;[37m│&amp#27;[0m&amp#27;[37me&amp#27;[0m&amp#27;[37mn&amp#27;[0m&amp#27;[37me&amp#27;[0m&amp#27;[37mr&amp#27;[0m&amp#27;[37mg&amp#27;[0m&amp#27;[37my&amp#27;[0m&amp#27;[37m &amp#27;[0m&amp#27;[37m│&amp#27;[0m&amp#27;[37m│&amp#27;[0m&amp#27;[37m &amp#27;[0m&amp#27;[37mp&amp#27;[0m&amp#27;[37mi&amp#27;[0m&amp#27;[37mp&amp#27;[0m&amp#27;[37me&amp#27;[0m&amp#27;[37m &amp#27;[0m&amp#27;[37m &amp#27;[0m&amp#27;[37m╟&amp#27;[0m         
8   &amp#27;[37m│&amp#27;[0m&amp#27;[37m &amp#27;[0m&amp#27;[37m &amp#27;[0m&amp#27;[37m &amp#27;[0m&amp#27;[37m &amp#27;[0m&amp#27;[37m &amp#27;[0m&amp#27;[37m &amp#27;[0m&amp#27;[37m &amp#27;[0m&amp#27;[37m│&amp#27;[0m&amp#27;[33m│&amp#27;[0m&amp#27;[33mm&amp#27;[0m&amp#27;[33mo&amp#27;[0m&amp#27;[33md&amp#27;[0m&amp#27;[33mu&amp#27;[0m&amp#27;[33ml&amp#27;[0m&amp#27;[33me&amp#27;[0m&amp#27;[33m &amp#27;[0m&amp#27;[33m╟&amp#27;[0m&amp#27;[37m╢&amp#27;[0m&amp#27;[37m &amp#27;[0m&amp#27;[37m &amp#27;[0m&amp#27;[37m &amp#27;[0m&amp#27;[37m &amp#27;[0m&amp#27;[37m &amp#27;[0m&amp#27;[37m &amp#27;[0m&amp#27;[37m &amp#27;[0m&amp#27;[37m│&amp#27;[0m&amp#27;[35m│&amp#27;[0m&amp#27;[35mm&amp#27;[0m&amp#27;[35mo&amp#27;[0m&amp#27;[35md&amp#27;[0m&amp#27;[35mu&amp#27;[0m&amp#27;[35ml&amp#27;[0m&amp#27;[35me&amp#27;[0m&amp#27;[35m &amp#27;[0m&amp#27;[35m│&amp#27;[0m&amp#27;[37m│&amp#27;[0m&amp#27;[37md&amp#27;[0m&amp#27;[37me&amp#27;[0m&amp#27;[37mp&amp#27;[0m&amp#27;[37mo&amp#27;[0m&amp#27;[37mt&amp#27;[0m&amp#27;[37m3&amp#27;[0m&amp#27;[37m &amp#27;[0m&amp#27;[37m│&amp#27;[0m&amp#27;[37m│&amp#27;[0m&amp#27;[37m &amp#27;[0m&amp#27;[37m &amp#27;[0m&amp#27;[37m &amp#27;[0m&amp#27;[37m &amp#27;[0m&amp#27;[37m &amp#27;[0m&amp#27;[37m &amp#27;[0m&amp#27;[37m &amp#27;[0m&amp#27;[37m│&amp#27;[0m         
    &amp#27;[37m│&amp#27;[0m&amp#27;[37m &amp#27;[0m&amp#27;[37m &amp#27;[0m&amp#27;[37m &amp#27;[0m&amp#27;[33m●&amp#27;[0m&amp#27;[37m &amp#27;[0m&amp#27;[37m &amp#27;[0m&amp#27;[37m &amp#27;[0m&amp#27;[37m╟&amp#27;[0m&amp#27;[33m╢&amp#27;[0m&amp#27;[33m &amp#27;[0m&amp#27;[33m &amp#27;[0m&amp#27;[33m &amp#27;[0m&amp#27;[33m &amp#27;[0m&amp#27;[33m &amp#27;[0m&amp#27;[33m &amp#27;[0m&amp#27;[33m &amp#27;[0m&amp#27;[33m╟&amp#27;[0m&amp#27;[37m│&amp#27;[0m&amp#27;[37m &amp#27;[0m&amp#27;[37m &amp#27;[0m&amp#27;[37mo&amp#27;[0m&amp#27;[37m &amp#27;[0m&amp#27;[37mo&amp#27;[0m&amp#27;[37m &amp#27;[0m&amp#27;[37m &amp#27;[0m&amp#27;[37m│&amp#27;[0m&amp#27;[35m│&amp#27;[0m&amp#27;[35m &amp#27;[0m&amp#27;[35m &amp#27;[0m&amp#27;[35m &amp#27;[0m&amp#27;[35m &amp#27;[0m&amp#27;[35m &amp#27;[0m&amp#27;[35m &amp#27;[0m&amp#27;[35m &amp#27;[0m&amp#27;[35m│&amp#27;[0m&amp#27;[37m│&amp#27;[0m&amp#27;[37m &amp#27;[0m&amp#27;[37m &amp#27;[0m&amp#27;[37m▓&amp#27;[0m&amp#27;[37m▓&amp#27;[0m&amp#27;[37m▓&amp#27;[0m&amp#27;[37m &amp#27;[0m&amp#27;[37m &amp#27;[0m&amp#27;[37m│&amp#27;[0m&amp#27;[37m│&amp#27;[0m&amp#27;[37m &amp#27;[0m&amp#27;[37m &amp#27;[0m&amp#27;[37m &amp#27;[0m&amp#27;[37m &amp#27;[0m&amp#27;[37m &amp#27;[0m&amp#27;[37m &amp#27;[0m&amp#27;[37m &amp#27;[0m&amp#27;[37m╟&amp#27;[0m         
    &amp#27;[37m└&amp#27;[0m&amp#27;[37m─&amp#27;[0m&amp#27;[37m─&amp#27;[0m&amp#27;[37m─&amp#27;[0m&amp#27;[37m─&amp#27;[0m&amp#27;[37m─&amp#27;[0m&amp#27;[37m─&amp#27;[0m&amp#27;[37m─&amp#27;[0m&amp#27;[37m┘&amp#27;[0m&amp#27;[33m└&amp#27;[0m&amp#27;[33m─&amp#27;[0m&amp#27;[33m─&amp#27;[0m&amp#27;[33m─&amp#27;[0m&amp#27;[33m─&amp#27;[0m&amp#27;[33m─&amp#27;[0m&amp#27;[33m─&amp#27;[0m&amp#27;[33m─&amp#27;[0m&amp#27;[33m┘&amp#27;[0m&amp#27;[37m└&amp#27;[0m&amp#27;[37m─&amp#27;[0m&amp#27;[37m─&amp#27;[0m&amp#27;[37m─&amp#27;[0m&amp#27;[37m╦&amp#27;[0m&amp#27;[37m─&amp#27;[0m&amp#27;[37m─&amp#27;[0m&amp#27;[37m─&amp#27;[0m&amp#27;[37m┘&amp#27;[0m&amp#27;[35m└&amp#27;[0m&amp#27;[35m─&amp#27;[0m&amp#27;[35m─&amp#27;[0m&amp#27;[35m─&amp#27;[0m&amp#27;[35m─&amp#27;[0m&amp#27;[35m─&amp#27;[0m&amp#27;[35m─&amp#27;[0m&amp#27;[35m─&amp#27;[0m&amp#27;[35m┘&amp#27;[0m&amp#27;[37m└&amp#27;[0m&amp#27;[37m─&amp#27;[0m&amp#27;[37m─&amp#27;[0m&amp#27;[37m─&amp#27;[0m&amp#27;[37m╦&amp#27;[0m&amp#27;[37m─&amp#27;[0m&amp#27;[37m─&amp#27;[0m&amp#27;[37m─&amp#27;[0m&amp#27;[37m┘&amp#27;[0m&amp#27;[37m└&amp#27;[0m&amp#27;[37m─&amp#27;[0m&amp#27;[37m─&amp#27;[0m&amp#27;[37m╦&amp#27;[0m&amp#27;[37m╦&amp#27;[0m&amp#27;[37m╦&amp#27;[0m&amp#27;[37m─&amp#27;[0m&amp#27;[37m─&amp#27;[0m&amp#27;[37m┘&amp#27;[0m         
    &amp#27;[37m┌&amp#27;[0m&amp#27;[37m─&amp#27;[0m&amp#27;[37m─&amp#27;[0m&amp#27;[37m─&amp#27;[0m&amp#27;[37m─&amp#27;[0m&amp#27;[37m─&amp#27;[0m&amp#27;[37m─&amp#27;[0m&amp#27;[37m─&amp#27;[0m&amp#27;[37m┐&amp#27;[0m&amp#27;[37m┌&amp#27;[0m&amp#27;[37m─&amp#27;[0m&amp#27;[37m─&amp#27;[0m&amp#27;[37m─&amp#27;[0m&amp#27;[37m─&amp#27;[0m&amp#27;[37m─&amp#27;[0m&amp#27;[37m─&amp#27;[0m&amp#27;[37m─&amp#27;[0m&amp#27;[37m┐&amp#27;[0m&amp#27;[31m┌&amp#27;[0m&amp#27;[31m─&amp#27;[0m&amp#27;[31m─&amp#27;[0m&amp#27;[31m╩&amp#27;[0m&amp#27;[31m╩&amp#27;[0m&amp#27;[31m╩&amp#27;[0m&amp#27;[31m─&amp#27;[0m&amp#27;[31m─&amp#27;[0m&amp#27;[31m┐&amp#27;[0m         &amp#27;[37m┌&amp#27;[0m&amp#27;[37m─&amp#27;[0m&amp#27;[37m─&amp#27;[0m&amp#27;[37m─&amp#27;[0m&amp#27;[37m╩&amp#27;[0m&amp#27;[37m─&amp#27;[0m&amp#27;[37m─&amp#27;[0m&amp#27;[37m─&amp#27;[0m&amp#27;[37m┐&amp#27;[0m&amp#27;[37m┌&amp#27;[0m&amp#27;[37m─&amp#27;[0m&amp#27;[37m─&amp#27;[0m&amp#27;[37m─&amp#27;[0m&amp#27;[37m╩&amp#27;[0m&amp#27;[37m─&amp#27;[0m&amp#27;[37m─&amp#27;[0m&amp#27;[37m─&amp#27;[0m&amp#27;[37m┐&amp#27;[0m&amp#27;[37m┌&amp#27;[0m&amp#27;[37m─&amp#27;[0m&amp#27;[37m─&amp#27;[0m&amp#27;[37m─&amp#27;[0m&amp#27;[37m╩&amp#27;[0m&amp#27;[37m─&amp#27;[0m&amp#27;[37m─&amp#27;[0m&amp#27;[37m─&amp#27;[0m&amp#27;[37m┐&amp#27;[0m
    &amp#27;[37m│&amp#27;[0m&amp#27;[37me&amp#27;[0m&amp#27;[37mn&amp#27;[0m&amp#27;[37mg&amp#27;[0m&amp#27;[37mi&amp#27;[0m&amp#27;[37mn&amp#27;[0m&amp#27;[37me&amp#27;[0m&amp#27;[37m &amp#27;[0m&amp#27;[37m╟&amp#27;[0m&amp#27;[37m│&amp#27;[0m&amp#27;[37m &amp#27;[0m&amp#27;[37md&amp#27;[0m&amp#27;[37mr&amp#27;[0m&amp#27;[37mi&amp#27;[0m&amp#27;[37ml&amp#27;[0m&amp#27;[37ml&amp#27;[0m&amp#27;[37m &amp#27;[0m&amp#27;[37m╟&amp#27;[0m&amp#27;[31m╢&amp#27;[0m&amp#27;[31ms&amp#27;[0m&amp#27;[31mi&amp#27;[0m&amp#27;[31mn&amp#27;[0m&amp#27;[31mg&amp#27;[0m&amp#27;[31ml&amp#27;[0m&amp#27;[31me&amp#27;[0m&amp#27;[31m &amp#27;[0m&amp#27;[31m│&amp#27;[0m         &amp#27;[37m│&amp#27;[0m&amp#27;[37me&amp#27;[0m&amp#27;[37mn&amp#27;[0m&amp#27;[37mg&amp#27;[0m&amp#27;[37mi&amp#27;[0m&amp#27;[37mn&amp#27;[0m&amp#27;[37me&amp#27;[0m&amp#27;[37m &amp#27;[0m&amp#27;[37m│&amp#27;[0m&amp#27;[37m│&amp#27;[0m&amp#27;[37md&amp#27;[0m&amp#27;[37mo&amp#27;[0m&amp#27;[37mu&amp#27;[0m&amp#27;[37mb&amp#27;[0m&amp#27;[37ml&amp#27;[0m&amp#27;[37me&amp#27;[0m&amp#27;[37m &amp#27;[0m&amp#27;[37m╟&amp#27;[0m&amp#27;[37m╢&amp#27;[0m&amp#27;[37me&amp#27;[0m&amp#27;[37mn&amp#27;[0m&amp#27;[37mg&amp#27;[0m&amp#27;[37mi&amp#27;[0m&amp#27;[37mn&amp#27;[0m&amp#27;[37me&amp#27;[0m&amp#27;[37m &amp#27;[0m&amp#27;[37m│&amp#27;[0m
9   &amp#27;[37m│&amp#27;[0m&amp#27;[37m &amp#27;[0m&amp#27;[37m &amp#27;[0m&amp#27;[37m &amp#27;[0m&amp#27;[37m &amp#27;[0m&amp#27;[37m &amp#27;[0m&amp#27;[37m &amp#27;[0m&amp#27;[37m &amp#27;[0m&amp#27;[37m╟&amp#27;[0m&amp#27;[37m╢&amp#27;[0m&amp#27;[37m &amp#27;[0m&amp#27;[37m &amp#27;[0m&amp#27;[37m &amp#27;[0m&amp#27;[37m &amp#27;[0m&amp#27;[37m &amp#27;[0m&amp#27;[37m &amp#27;[0m&amp#27;[37m &amp#27;[0m&amp#27;[37m│&amp#27;[0m&amp#27;[31m╢&amp#27;[0m&amp#27;[31m &amp#27;[0m&amp#27;[31md&amp#27;[0m&amp#27;[31me&amp#27;[0m&amp#27;[31mp&amp#27;[0m&amp#27;[31mo&amp#27;[0m&amp#27;[31mt&amp#27;[0m&amp#27;[31m &amp#27;[0m&amp#27;[31m│&amp#27;[0m         &amp#27;[37m│&amp#27;[0m&amp#27;[37m &amp#27;[0m&amp#27;[37m &amp#27;[0m&amp#27;[37m &amp#27;[0m&amp#27;[37m &amp#27;[0m&amp#27;[37m &amp#27;[0m&amp#27;[37m &amp#27;[0m&amp#27;[37m &amp#27;[0m&amp#27;[37m│&amp#27;[0m&amp#27;[37m│&amp#27;[0m&amp#27;[37me&amp#27;[0m&amp#27;[37mn&amp#27;[0m&amp#27;[37mg&amp#27;[0m&amp#27;[37mi&amp#27;[0m&amp#27;[37mn&amp#27;[0m&amp#27;[37me&amp#27;[0m&amp#27;[37m &amp#27;[0m&amp#27;[37m╟&amp#27;[0m&amp#27;[37m╢&amp#27;[0m&amp#27;[37m &amp#27;[0m&amp#27;[37m &amp#27;[0m&amp#27;[37m &amp#27;[0m&amp#27;[37m &amp#27;[0m&amp#27;[37m &amp#27;[0m&amp#27;[37m &amp#27;[0m&amp#27;[37m &amp#27;[0m&amp#27;[37m│&amp#27;[0m
    &amp#27;[37m│&amp#27;[0m&amp#27;[37m &amp#27;[0m&amp#27;[37m &amp#27;[0m&amp#27;[37m &amp#27;[0m&amp#27;[37m↓&amp#27;[0m&amp#27;[37m &amp#27;[0m&amp#27;[37m &amp#27;[0m&amp#27;[37m &amp#27;[0m&amp#27;[37m╟&amp#27;[0m&amp#27;[37m│&amp#27;[0m&amp#27;[37m &amp#27;[0m&amp#27;[37m &amp#27;[0m&amp#27;[37m &amp#27;[0m&amp#27;[37m↓&amp#27;[0m&amp#27;[37m &amp#27;[0m&amp#27;[37m &amp#27;[0m&amp#27;[37m &amp#27;[0m&amp#27;[37m╟&amp#27;[0m&amp#27;[31m╢&amp#27;[0m&amp#27;[31m &amp#27;[0m&amp#27;[31m &amp#27;[0m&amp#27;[31m□&amp#27;[0m&amp#27;[31m &amp#27;[0m&amp#27;[31m &amp#27;[0m&amp#27;[31m &amp#27;[0m&amp#27;[31m &amp#27;[0m&amp#27;[31m│&amp#27;[0m         &amp#27;[37m│&amp#27;[0m&amp#27;[37m &amp#27;[0m&amp#27;[37m &amp#27;[0m&amp#27;[37m &amp#27;[0m&amp#27;[37m↓&amp#27;[0m&amp#27;[37m &amp#27;[0m&amp#27;[37m &amp#27;[0m&amp#27;[37m &amp#27;[0m&amp#27;[37m│&amp#27;[0m&amp#27;[37m│&amp#27;[0m&amp#27;[37m &amp#27;[0m&amp#27;[37m &amp#27;[0m&amp#27;[37m &amp#27;[0m&amp#27;[37m↓&amp#27;[0m&amp#27;[37m &amp#27;[0m&amp#27;[37m &amp#27;[0m&amp#27;[37m &amp#27;[0m&amp#27;[37m╟&amp#27;[0m&amp#27;[37m╢&amp#27;[0m&amp#27;[37m &amp#27;[0m&amp#27;[37m &amp#27;[0m&amp#27;[37m &amp#27;[0m&amp#27;[37m↓&amp#27;[0m&amp#27;[37m &amp#27;[0m&amp#27;[37m &amp#27;[0m&amp#27;[37m &amp#27;[0m&amp#27;[37m│&amp#27;[0m
    &amp#27;[37m└&amp#27;[0m&amp#27;[37m─&amp#27;[0m&amp#27;[37m─&amp#27;[0m&amp#27;[37m─&amp#27;[0m&amp#27;[37m─&amp#27;[0m&amp#27;[37m─&amp#27;[0m&amp#27;[37m─&amp#27;[0m&amp#27;[37m─&amp#27;[0m&amp#27;[37m┘&amp#27;[0m&amp#27;[37m└&amp#27;[0m&amp#27;[37m─&amp#27;[0m&amp#27;[37m─&amp#27;[0m&amp#27;[37m─&amp#27;[0m&amp#27;[37m─&amp#27;[0m&amp#27;[37m─&amp#27;[0m&amp#27;[37m─&amp#27;[0m&amp#27;[37m─&amp#27;[0m&amp#27;[37m┘&amp#27;[0m&amp#27;[31m└&amp#27;[0m&amp#27;[31m─&amp#27;[0m&amp#27;[31m─&amp#27;[0m&amp#27;[31m─&amp#27;[0m&amp#27;[31m─&amp#27;[0m&amp#27;[31m─&amp#27;[0m&amp#27;[31m─&amp#27;[0m&amp#27;[31m─&amp#27;[0m&amp#27;[31m┘&amp#27;[0m         &amp#27;[37m└&amp#27;[0m&amp#27;[37m─&amp#27;[0m&amp#27;[37m─&amp#27;[0m&amp#27;[37m─&amp#27;[0m&amp#27;[37m─&amp#27;[0m&amp#27;[37m─&amp#27;[0m&amp#27;[37m─&amp#27;[0m&amp#27;[37m─&amp#27;[0m&amp#27;[37m┘&amp#27;[0m&amp#27;[37m└&amp#27;[0m&amp#27;[37m─&amp#27;[0m&amp#27;[37m─&amp#27;[0m&amp#27;[37m─&amp#27;[0m&amp#27;[37m─&amp#27;[0m&amp#27;[37m─&amp#27;[0m&amp#27;[37m─&amp#27;[0m&amp#27;[37m─&amp#27;[0m&amp#27;[37m┘&amp#27;[0m&amp#27;[37m└&amp#27;[0m&amp#27;[37m─&amp#27;[0m&amp#27;[37m─&amp#27;[0m&amp#27;[37m─&amp#27;[0m&amp#27;[37m─&amp#27;[0m&amp#27;[37m─&amp#27;[0m&amp#27;[37m─&amp#27;[0m&amp#27;[37m─&amp#27;[0m&amp#27;[37m┘&amp#27;[0m
&amp#27;[90m[2025-06-27 10:53:04] [main] [DEBUG] [GameController] setto lo stato : DRILL_CHOICE a antonio&amp#27;[0m
&amp#27;[90m[2025-06-27 10:53:04] [main] [DEBUG] [ServerController] antonio[]&amp#27;[0m
&amp#27;[90m[2025-06-27 10:53:04] [main] [DEBUG] [SldPirates] antonio 5.5&amp#27;[0m
&amp#27;[90m[2025-06-27 10:53:04] [main] [DEBUG] [SldPirates] antonio 5.5&amp#27;[0m
&amp#27;[90m[2025-06-27 10:53:04] [main] [DEBUG] [GameController] setto lo stato : DRILL_CHOICE a andrea&amp#27;[0m
&amp#27;[90m[2025-06-27 10:53:04] [main] [DEBUG] [ServerController] andrea[]&amp#27;[0m
&amp#27;[90m[2025-06-27 10:53:04] [main] [DEBUG] [SldPirates] andrea 3.5&amp#27;[0m
&amp#27;[90m[2025-06-27 10:53:04] [main] [DEBUG] [SldPirates] andrea 3.5&amp#27;[0m
&amp#27;[90m[2025-06-27 10:53:04] [main] [DEBUG] [GameController] setto lo stato : DICE_ROLL a antonio&amp#27;[0m
&amp#27;[90m[2025-06-27 10:53:04] [main] [DEBUG] [GameController] setto lo stato : DICE_ROLL a antonio&amp#27;[0m
        4        5        6        7        8        9       10    
                                        &amp#27;[37m┌&amp#27;[0m&amp#27;[37m─&amp#27;[0m&amp#27;[37m─&amp#27;[0m&amp#27;[37m─&amp#27;[0m&amp#27;[37m─&amp#27;[0m&amp#27;[37m─&amp#27;[0m&amp#27;[37m─&amp#27;[0m&amp#27;[37m─&amp#27;[0m&amp#27;[37m┐&amp#27;[0m                  
                                        &amp#27;[37m│&amp#27;[0m&amp#27;[37md&amp#27;[0m&amp#27;[37mo&amp#27;[0m&amp#27;[37mu&amp#27;[0m&amp#27;[37mb&amp#27;[0m&amp#27;[37ml&amp#27;[0m&amp#27;[37me&amp#27;[0m&amp#27;[37m &amp#27;[0m&amp#27;[37m│&amp#27;[0m                  
5                                       &amp#27;[37m│&amp#27;[0m&amp#27;[37m &amp#27;[0m&amp#27;[37md&amp#27;[0m&amp#27;[37mr&amp#27;[0m&amp#27;[37mi&amp#27;[0m&amp#27;[37ml&amp#27;[0m&amp#27;[37ml&amp#27;[0m&amp#27;[37m &amp#27;[0m&amp#27;[37m│&amp#27;[0m                  
                                        &amp#27;[37m│&amp#27;[0m&amp#27;[37m &amp#27;[0m&amp#27;[37m &amp#27;[0m&amp#27;[37m &amp#27;[0m&amp#27;[37m↑&amp#27;[0m&amp#27;[37m &amp#27;[0m&amp#27;[37m &amp#27;[0m&amp#27;[37m &amp#27;[0m&amp#27;[37m│&amp#27;[0m                  
                                        &amp#27;[37m└&amp#27;[0m&amp#27;[37m─&amp#27;[0m&amp#27;[37m─&amp#27;[0m&amp#27;[37m─&amp#27;[0m&amp#27;[37m╦&amp#27;[0m&amp#27;[37m─&amp#27;[0m&amp#27;[37m─&amp#27;[0m&amp#27;[37m─&amp#27;[0m&amp#27;[37m┘&amp#27;[0m                  
                      &amp#27;[34m┌&amp#27;[0m&amp#27;[34m─&amp#27;[0m&amp#27;[34m─&amp#27;[0m&amp#27;[34m─&amp#27;[0m&amp#27;[34m─&amp#27;[0m&amp#27;[34m─&amp#27;[0m&amp#27;[34m─&amp#27;[0m&amp#27;[34m─&amp#27;[0m&amp#27;[34m┐&amp#27;[0m&amp#27;[37m┌&amp#27;[0m&amp#27;[37m─&amp#27;[0m&amp#27;[37m─&amp#27;[0m&amp#27;[37m─&amp#27;[0m&amp#27;[37m─&amp#27;[0m&amp#27;[37m─&amp#27;[0m&amp#27;[37m─&amp#27;[0m&amp#27;[37m─&amp#27;[0m&amp#27;[37m┐&amp#27;[0m&amp#27;[37m┌&amp#27;[0m&amp#27;[37m─&amp#27;[0m&amp#27;[37m─&amp#27;[0m&amp#27;[37m╩&amp#27;[0m&amp#27;[37m╩&amp#27;[0m&amp#27;[37m╩&amp#27;[0m&amp#27;[37m─&amp#27;[0m&amp#27;[37m─&amp#27;[0m&amp#27;[37m┐&amp#27;[0m&amp#27;[37m┌&amp#27;[0m&amp#27;[37m─&amp#27;[0m&amp#27;[37m─&amp#27;[0m&amp#27;[37m─&amp#27;[0m&amp#27;[37m─&amp#27;[0m&amp#27;[37m─&amp#27;[0m&amp#27;[37m─&amp#27;[0m&amp#27;[37m─&amp#27;[0m&amp#27;[37m┐&amp#27;[0m         
                      &amp#27;[34m╢&amp#27;[0m&amp#27;[34md&amp#27;[0m&amp#27;[34mo&amp#27;[0m&amp#27;[34mu&amp#27;[0m&amp#27;[34mb&amp#27;[0m&amp#27;[34ml&amp#27;[0m&amp#27;[34me&amp#27;[0m&amp#27;[34m &amp#27;[0m&amp#27;[34m╟&amp#27;[0m&amp#27;[37m╢&amp#27;[0m&amp#27;[37m &amp#27;[0m&amp#27;[37md&amp#27;[0m&amp#27;[37mr&amp#27;[0m&amp#27;[37mi&amp#27;[0m&amp#27;[37ml&amp#27;[0m&amp#27;[37ml&amp#27;[0m&amp#27;[37m &amp#27;[0m&amp#27;[37m│&amp#27;[0m&amp#27;[37m│&amp#27;[0m&amp#27;[37m &amp#27;[0m&amp#27;[37mp&amp#27;[0m&amp#27;[37mi&amp#27;[0m&amp#27;[37mp&amp#27;[0m&amp#27;[37me&amp#27;[0m&amp#27;[37m &amp#27;[0m&amp#27;[37m &amp#27;[0m&amp#27;[37m│&amp#27;[0m&amp#27;[37m│&amp#27;[0m&amp#27;[37m &amp#27;[0m&amp#27;[37md&amp#27;[0m&amp#27;[37mr&amp#27;[0m&amp#27;[37mi&amp#27;[0m&amp#27;[37ml&amp#27;[0m&amp#27;[37ml&amp#27;[0m&amp#27;[37m &amp#27;[0m&amp#27;[37m│&amp#27;[0m         
6                     &amp#27;[34m╢&amp#27;[0m&amp#27;[34m &amp#27;[0m&amp#27;[34md&amp#27;[0m&amp#27;[34me&amp#27;[0m&amp#27;[34mp&amp#27;[0m&amp#27;[34mo&amp#27;[0m&amp#27;[34mt&amp#27;[0m&amp#27;[34m &amp#27;[0m&amp#27;[34m│&amp#27;[0m&amp#27;[37m│&amp#27;[0m&amp#27;[37m &amp#27;[0m&amp#27;[37m &amp#27;[0m&amp#27;[37m &amp#27;[0m&amp#27;[37m &amp#27;[0m&amp#27;[37m &amp#27;[0m&amp#27;[37m &amp#27;[0m&amp#27;[37m &amp#27;[0m&amp#27;[37m╟&amp#27;[0m&amp#27;[37m╢&amp#27;[0m&amp#27;[37m &amp#27;[0m&amp#27;[37m &amp#27;[0m&amp#27;[37m &amp#27;[0m&amp#27;[37m &amp#27;[0m&amp#27;[37m &amp#27;[0m&amp#27;[37m &amp#27;[0m&amp#27;[37m &amp#27;[0m&amp#27;[37m│&amp#27;[0m&amp#27;[37m│&amp#27;[0m&amp#27;[37m &amp#27;[0m&amp#27;[37m &amp#27;[0m&amp#27;[37m &amp#27;[0m&amp#27;[37m &amp#27;[0m&amp#27;[37m &amp#27;[0m&amp#27;[37m &amp#27;[0m&amp#27;[37m &amp#27;[0m&amp#27;[37m│&amp#27;[0m         
                      &amp#27;[34m╢&amp#27;[0m&amp#27;[34m &amp#27;[0m&amp#27;[34m &amp#27;[0m&amp#27;[34m□&amp#27;[0m&amp#27;[33m□&amp#27;[0m&amp#27;[34m &amp#27;[0m&amp#27;[34m &amp#27;[0m&amp#27;[34m &amp#27;[0m&amp#27;[34m╟&amp#27;[0m&amp#27;[37m╢&amp#27;[0m&amp#27;[37m &amp#27;[0m&amp#27;[37m &amp#27;[0m&amp#27;[37m &amp#27;[0m&amp#27;[37m↑&amp#27;[0m&amp#27;[37m &amp#27;[0m&amp#27;[37m &amp#27;[0m&amp#27;[37m &amp#27;[0m&amp#27;[37m│&amp#27;[0m&amp#27;[37m│&amp#27;[0m&amp#27;[37m &amp#27;[0m&amp#27;[37m &amp#27;[0m&amp#27;[37m &amp#27;[0m&amp#27;[37m &amp#27;[0m&amp#27;[37m &amp#27;[0m&amp#27;[37m &amp#27;[0m&amp#27;[37m &amp#27;[0m&amp#27;[37m│&amp#27;[0m&amp#27;[37m│&amp#27;[0m&amp#27;[37m &amp#27;[0m&amp#27;[37m &amp#27;[0m&amp#27;[37m &amp#27;[0m&amp#27;[37m→&amp#27;[0m&amp#27;[37m &amp#27;[0m&amp#27;[37m &amp#27;[0m&amp#27;[37m &amp#27;[0m&amp#27;[37m│&amp#27;[0m         
                      &amp#27;[34m└&amp#27;[0m&amp#27;[34m─&amp#27;[0m&amp#27;[34m─&amp#27;[0m&amp#27;[34m─&amp#27;[0m&amp#27;[34m╦&amp#27;[0m&amp#27;[34m─&amp#27;[0m&amp#27;[34m─&amp#27;[0m&amp#27;[34m─&amp#27;[0m&amp#27;[34m┘&amp#27;[0m&amp#27;[37m└&amp#27;[0m&amp#27;[37m─&amp#27;[0m&amp#27;[37m─&amp#27;[0m&amp#27;[37m╦&amp#27;[0m&amp#27;[37m╦&amp#27;[0m&amp#27;[37m╦&amp#27;[0m&amp#27;[37m─&amp#27;[0m&amp#27;[37m─&amp#27;[0m&amp#27;[37m┘&amp#27;[0m&amp#27;[37m└&amp#27;[0m&amp#27;[37m─&amp#27;[0m&amp#27;[37m─&amp#27;[0m&amp#27;[37m╦&amp#27;[0m&amp#27;[37m╦&amp#27;[0m&amp#27;[37m╦&amp#27;[0m&amp#27;[37m─&amp#27;[0m&amp#27;[37m─&amp#27;[0m&amp#27;[37m┘&amp#27;[0m&amp#27;[37m└&amp#27;[0m&amp#27;[37m─&amp#27;[0m&amp#27;[37m─&amp#27;[0m&amp#27;[37m╦&amp#27;[0m&amp#27;[37m─&amp#27;[0m&amp#27;[37m╦&amp#27;[0m&amp#27;[37m─&amp#27;[0m&amp#27;[37m─&amp#27;[0m&amp#27;[37m┘&amp#27;[0m         
    &amp#27;[37m┌&amp#27;[0m&amp#27;[37m─&amp#27;[0m&amp#27;[37m─&amp#27;[0m&amp#27;[37m─&amp#27;[0m&amp#27;[37m─&amp#27;[0m&amp#27;[37m─&amp#27;[0m&amp#27;[37m─&amp#27;[0m&amp#27;[37m─&amp#27;[0m&amp#27;[37m┐&amp#27;[0m&amp#27;[37m┌&amp#27;[0m&amp#27;[37m─&amp#27;[0m&amp#27;[37m─&amp#27;[0m&amp#27;[37m╩&amp#27;[0m&amp#27;[37m╩&amp#27;[0m&amp#27;[37m╩&amp#27;[0m&amp#27;[37m─&amp#27;[0m&amp#27;[37m─&amp#27;[0m&amp#27;[37m┐&amp#27;[0m&amp#27;[37m┌&amp#27;[0m&amp#27;[37m─&amp#27;[0m&amp#27;[37m─&amp#27;[0m&amp#27;[37m─&amp#27;[0m&amp#27;[37m╩&amp#27;[0m&amp#27;[37m─&amp#27;[0m&amp#27;[37m─&amp#27;[0m&amp#27;[37m─&amp#27;[0m&amp#27;[37m┐&amp#27;[0m&amp#27;[33m┌&amp#27;[0m&amp#27;[33m─&amp#27;[0m&amp#27;[33m─&amp#27;[0m&amp#27;[33m╩&amp#27;[0m&amp#27;[33m╩&amp#27;[0m&amp#27;[33m╩&amp#27;[0m&amp#27;[33m─&amp#27;[0m&amp#27;[33m─&amp#27;[0m&amp#27;[33m┐&amp#27;[0m&amp#27;[34m┌&amp#27;[0m&amp#27;[34m─&amp#27;[0m&amp#27;[34m─&amp#27;[0m&amp#27;[34m╩&amp#27;[0m&amp#27;[34m─&amp#27;[0m&amp#27;[34m╩&amp#27;[0m&amp#27;[34m─&amp#27;[0m&amp#27;[34m─&amp#27;[0m&amp#27;[34m┐&amp#27;[0m&amp#27;[37m┌&amp#27;[0m&amp#27;[37m─&amp#27;[0m&amp#27;[37m─&amp#27;[0m&amp#27;[37m╩&amp#27;[0m&amp#27;[37m╩&amp#27;[0m&amp#27;[37m╩&amp#27;[0m&amp#27;[37m─&amp#27;[0m&amp#27;[37m─&amp#27;[0m&amp#27;[37m┐&amp#27;[0m&amp#27;[37m┌&amp#27;[0m&amp#27;[37m─&amp#27;[0m&amp#27;[37m─&amp#27;[0m&amp#27;[37m─&amp#27;[0m&amp#27;[37m─&amp#27;[0m&amp#27;[37m─&amp#27;[0m&amp#27;[37m─&amp#27;[0m&amp#27;[37m─&amp#27;[0m&amp#27;[37m┐&amp#27;[0m
    &amp#27;[37m│&amp#27;[0m&amp#27;[37m &amp#27;[0m&amp#27;[37md&amp#27;[0m&amp#27;[37mr&amp#27;[0m&amp#27;[37mi&amp#27;[0m&amp#27;[37ml&amp#27;[0m&amp#27;[37ml&amp#27;[0m&amp#27;[37m &amp#27;[0m&amp#27;[37m│&amp#27;[0m&amp#27;[37m│&amp#27;[0m&amp#27;[37m &amp#27;[0m&amp#27;[37mp&amp#27;[0m&amp#27;[37mi&amp#27;[0m&amp#27;[37mp&amp#27;[0m&amp#27;[37me&amp#27;[0m&amp#27;[37m &amp#27;[0m&amp#27;[37m &amp#27;[0m&amp#27;[37m╟&amp#27;[0m&amp#27;[37m╢&amp#27;[0m&amp#27;[37ms&amp#27;[0m&amp#27;[37mh&amp#27;[0m&amp#27;[37mi&amp#27;[0m&amp#27;[37me&amp#27;[0m&amp#27;[37ml&amp#27;[0m&amp#27;[37md&amp#27;[0m&amp#27;[37m &amp#27;[0m&amp#27;[37m╟&amp#27;[0m&amp#27;[33m╢&amp#27;[0m&amp#27;[33ms&amp#27;[0m&amp#27;[33mt&amp#27;[0m&amp#27;[33ma&amp#27;[0m&amp#27;[33mr&amp#27;[0m&amp#27;[33mt&amp#27;[0m&amp#27;[33me&amp#27;[0m&amp#27;[33mr&amp#27;[0m&amp#27;[33m╟&amp#27;[0m&amp#27;[34m│&amp#27;[0m&amp#27;[34md&amp#27;[0m&amp#27;[34mo&amp#27;[0m&amp#27;[34mu&amp#27;[0m&amp#27;[34mb&amp#27;[0m&amp#27;[34ml&amp#27;[0m&amp#27;[34me&amp#27;[0m&amp#27;[34m &amp#27;[0m&amp#27;[34m│&amp#27;[0m&amp#27;[37m│&amp#27;[0m&amp#27;[37me&amp#27;[0m&amp#27;[37mn&amp#27;[0m&amp#27;[37me&amp#27;[0m&amp#27;[37mr&amp#27;[0m&amp#27;[37mg&amp#27;[0m&amp#27;[37my&amp#27;[0m&amp#27;[37m &amp#27;[0m&amp#27;[37m│&amp#27;[0m&amp#27;[37m│&amp#27;[0m&amp#27;[37m &amp#27;[0m&amp#27;[37md&amp#27;[0m&amp#27;[37mr&amp#27;[0m&amp#27;[37mi&amp#27;[0m&amp#27;[37ml&amp#27;[0m&amp#27;[37ml&amp#27;[0m&amp#27;[37m &amp#27;[0m&amp#27;[37m│&amp#27;[0m
7   &amp#27;[37m│&amp#27;[0m&amp#27;[37m &amp#27;[0m&amp#27;[37m &amp#27;[0m&amp#27;[37m &amp#27;[0m&amp#27;[37m &amp#27;[0m&amp#27;[37m &amp#27;[0m&amp#27;[37m &amp#27;[0m&amp#27;[37m &amp#27;[0m&amp#27;[37m│&amp#27;[0m&amp#27;[37m│&amp#27;[0m&amp#27;[37m &amp#27;[0m&amp#27;[37m &amp#27;[0m&amp#27;[37m &amp#27;[0m&amp#27;[37m &amp#27;[0m&amp#27;[37m &amp#27;[0m&amp#27;[37m &amp#27;[0m&amp#27;[37m &amp#27;[0m&amp#27;[37m╟&amp#27;[0m&amp#27;[37m│&amp#27;[0m&amp#27;[37m &amp#27;[0m&amp#27;[37m &amp#27;[0m&amp#27;[37m &amp#27;[0m&amp#27;[37m &amp#27;[0m&amp#27;[37m &amp#27;[0m&amp#27;[37m &amp#27;[0m&amp#27;[37m &amp#27;[0m&amp#27;[37m│&amp#27;[0m&amp#27;[33m╢&amp#27;[0m&amp#27;[33mc&amp#27;[0m&amp#27;[33ma&amp#27;[0m&amp#27;[33mb&amp#27;[0m&amp#27;[33mi&amp#27;[0m&amp#27;[33mn&amp#27;[0m&amp#27;[33m &amp#27;[0m&amp#27;[33m &amp#27;[0m&amp#27;[33m╟&amp#27;[0m&amp#27;[34m╢&amp#27;[0m&amp#27;[34m &amp#27;[0m&amp#27;[34md&amp#27;[0m&amp#27;[34me&amp#27;[0m&amp#27;[34mp&amp#27;[0m&amp#27;[34mo&amp#27;[0m&amp#27;[34mt&amp#27;[0m&amp#27;[34m &amp#27;[0m&amp#27;[34m╟&amp#27;[0m&amp#27;[37m╢&amp#27;[0m&amp#27;[37md&amp#27;[0m&amp#27;[37me&amp#27;[0m&amp#27;[37mp&amp#27;[0m&amp#27;[37mo&amp#27;[0m&amp#27;[37mt&amp#27;[0m&amp#27;[37m2&amp#27;[0m&amp#27;[37m &amp#27;[0m&amp#27;[37m╟&amp#27;[0m&amp#27;[37m╢&amp#27;[0m&amp#27;[37m &amp#27;[0m&amp#27;[37m &amp#27;[0m&amp#27;[37m &amp#27;[0m&amp#27;[37m &amp#27;[0m&amp#27;[37m &amp#27;[0m&amp#27;[37m &amp#27;[0m&amp#27;[37m &amp#27;[0m&amp#27;[37m│&amp#27;[0m
[...]
    &amp#27;[37m┌&amp#27;[0m&amp#27;[37m─&amp#27;[0m&amp#27;[37m─&amp#27;[0m&amp#27;[37m─&amp#27;[0m&amp#27;[37m─&amp#27;[0m&amp#27;[37m─&amp#27;[0m&amp#27;[37m─&amp#27;[0m&amp#27;[37m─&amp#27;[0m&amp#27;[37m┐&amp#27;[0m&amp#27;[31m┌&amp#27;[0m&amp#27;[31m─&amp#27;[0m&amp#27;[31m─&amp#27;[0m&amp#27;[31m─&amp#27;[0m&amp#27;[31m─&amp#27;[0m&amp#27;[31m─&amp#27;[0m&amp#27;[31m─&amp#27;[0m&amp#27;[31m─&amp#27;[0m&amp#27;[31m┐&amp#27;[0m&amp#27;[37m┌&amp#27;[0m&amp#27;[37m─&amp#27;[0m&amp#27;[37m─&amp#27;[0m&amp#27;[37m╩&amp#27;[0m&amp#27;[37m─&amp#27;[0m&amp#27;[37m╩&amp#27;[0m&amp#27;[37m─&amp#27;[0m&amp#27;[37m─&amp#27;[0m&amp#27;[37m┐&amp#27;[0m&amp#27;[34m┌&amp#27;[0m&amp#27;[34m─&amp#27;[0m&amp#27;[34m─&amp#27;[0m&amp#27;[34m╩&amp#27;[0m&amp#27;[34m╩&amp#27;[0m&amp#27;[34m╩&amp#27;[0m&amp#27;[34m─&amp#27;[0m&amp#27;[34m─&amp#27;[0m&amp#27;[34m┐&amp#27;[0m&amp#27;[37m┌&amp#27;[0m&amp#27;[37m─&amp#27;[0m&amp#27;[37m─&amp#27;[0m&amp#27;[37m╩&amp#27;[0m&amp#27;[37m─&amp#27;[0m&amp#27;[37m╩&amp#27;[0m&amp#27;[37m─&amp#27;[0m&amp#27;[37m─&amp#27;[0m&amp#27;[37m┐&amp#27;[0m&amp#27;[34m┌&amp#27;[0m&amp#27;[34m─&amp#27;[0m&amp#27;[34m─&amp#27;[0m&amp#27;[34m─&amp#27;[0m&amp#27;[34m╩&amp#27;[0m&amp#27;[34m─&amp#27;[0m&amp#27;[34m─&amp#27;[0m&amp#27;[34m─&amp#27;[0m&amp#27;[34m┐&amp#27;[0m         
    &amp#27;[37m│&amp#27;[0m&amp#27;[37m &amp#27;[0m&amp#27;[37md&amp#27;[0m&amp#27;[37mr&amp#27;[0m&amp#27;[37mi&amp#27;[0m&amp#27;[37ml&amp#27;[0m&amp#27;[37ml&amp#27;[0m&amp#27;[37m &amp#27;[0m&amp#27;[37m╟&amp#27;[0m&amp#27;[31m╢&amp#27;[0m&amp#27;[31md&amp#27;[0m&amp#27;[31mo&amp#27;[0m&amp#27;[31mu&amp#27;[0m&amp#27;[31mb&amp#27;[0m&amp#27;[31ml&amp#27;[0m&amp#27;[31me&amp#27;[0m&amp#27;[31m &amp#27;[0m&amp#27;[31m│&amp#27;[0m&amp#27;[37m│&amp#27;[0m&amp#27;[37mh&amp#27;[0m&amp#27;[37mo&amp#27;[0m&amp#27;[37mu&amp#27;[0m&amp#27;[37ms&amp#27;[0m&amp#27;[37mi&amp#27;[0m&amp#27;[37mn&amp#27;[0m&amp#27;[37mg&amp#27;[0m&amp#27;[37m╟&amp#27;[0m&amp#27;[34m╢&amp#27;[0m&amp#27;[34ms&amp#27;[0m&amp#27;[34mt&amp#27;[0m&amp#27;[34ma&amp#27;[0m&amp#27;[34mr&amp#27;[0m&amp#27;[34mt&amp#27;[0m&amp#27;[34me&amp#27;[0m&amp#27;[34mr&amp#27;[0m&amp#27;[34m╟&amp#27;[0m&amp#27;[37m╢&amp#27;[0m&amp#27;[37mh&amp#27;[0m&amp#27;[37mo&amp#27;[0m&amp#27;[37mu&amp#27;[0m&amp#27;[37ms&amp#27;[0m&amp#27;[37mi&amp#27;[0m&amp#27;[37mn&amp#27;[0m&amp#27;[37mg&amp#27;[0m&amp#27;[37m│&amp#27;[0m&amp#27;[34m│&amp#27;[0m&amp#27;[34mt&amp#27;[0m&amp#27;[34mr&amp#27;[0m&amp#27;[34mi&amp#27;[0m&amp#27;[34mp&amp#27;[0m&amp#27;[34ml&amp#27;[0m&amp#27;[34me&amp#27;[0m&amp#27;[34m &amp#27;[0m&amp#27;[34m│&amp#27;[0m         
7   &amp#27;[37m│&amp#27;[0m&amp#27;[37m &amp#27;[0m&amp#27;[37m &amp#27;[0m&amp#27;[37m &amp#27;[0m&amp#27;[37m &amp#27;[0m&amp#27;[37m &amp#27;[0m&amp#27;[37m &amp#27;[0m&amp#27;[37m &amp#27;[0m&amp#27;[37m│&amp#27;[0m&amp#27;[31m│&amp#27;[0m&amp#27;[31m &amp#27;[0m&amp#27;[31md&amp#27;[0m&amp#27;[31me&amp#27;[0m&amp#27;[31mp&amp#27;[0m&amp#27;[31mo&amp#27;[0m&amp#27;[31mt&amp#27;[0m&amp#27;[31m &amp#27;[0m&amp#27;[31m╟&amp#27;[0m&amp#27;[37m╢&amp#27;[0m&amp#27;[37m &amp#27;[0m&amp#27;[37m &amp#27;[0m&amp#27;[37m &amp#27;[0m&amp#27;[37m &amp#27;[0m&amp#27;[37m &amp#27;[0m&amp#27;[37m &amp#27;[0m&amp#27;[37m &amp#27;[0m&amp#27;[37m│&amp#27;[0m&amp#27;[34m╢&amp#27;[0m&amp#27;[34mc&amp#27;[0m&amp#27;[34ma&amp#27;[0m&amp#27;[34mb&amp#27;[0m&amp#27;[34mi&amp#27;[0m&amp#27;[34mn&amp#27;[0m&amp#27;[34m &amp#27;[0m&amp#27;[34m &amp#27;[0m&amp#27;[34m╟&amp#27;[0m&amp#27;[37m│&amp#27;[0m&amp#27;[37m &amp#27;[0m&amp#27;[37m &amp#27;[0m&amp#27;[37m &amp#27;[0m&amp#27;[37m &amp#27;[0m&amp#27;[37m &amp#27;[0m&amp#27;[37m &amp#27;[0m&amp#27;[37m &amp#27;[0m&amp#27;[37m╟&amp#27;[0m&amp#27;[34m╢&amp#27;[0m&amp#27;[34m &amp#27;[0m&amp#27;[34md&amp#27;[0m&amp#27;[34me&amp#27;[0m&amp#27;[34mp&amp#27;[0m&amp#27;[34mo&amp#27;[0m&amp#27;[34mt&amp#27;[0m&amp#27;[34m &amp#27;[0m&amp#27;[34m│&amp#27;[0m         
    &amp#27;[37m│&amp#27;[0m&amp#27;[37m &amp#27;[0m&amp#27;[37m &amp#27;[0m&amp#27;[37m &amp#27;[0m&amp#27;[37m↑&amp#27;[0m&amp#27;[37m &amp#27;[0m&amp#27;[37m &amp#27;[0m&amp#27;[37m &amp#27;[0m&amp#27;[37m╟&amp#27;[0m&amp#27;[31m╢&amp#27;[0m&amp#27;[31m &amp#27;[0m&amp#27;[31m &amp#27;[0m&amp#27;[31m□&amp#27;[0m&amp#27;[33m□&amp#27;[0m&amp#27;[31m &amp#27;[0m&amp#27;[31m &amp#27;[0m&amp#27;[31m &amp#27;[0m&amp#27;[31m│&amp#27;[0m&amp#27;[37m│&amp#27;[0m&amp#27;[37m &amp#27;[0m&amp#27;[37m &amp#27;[0m&amp#27;[37mo&amp#27;[0m&amp#27;[37m &amp#27;[0m&amp#27;[37mo&amp#27;[0m&amp#27;[37m &amp#27;[0m&amp#27;[37m &amp#27;[0m&amp#27;[37m╟&amp#27;[0m&amp#27;[34m╢&amp#27;[0m&amp#27;[34m &amp#27;[0m&amp#27;[34m &amp#27;[0m&amp#27;[34mo&amp#27;[0m&amp#27;[34m &amp#27;[0m&amp#27;[34mo&amp#27;[0m&amp#27;[34m &amp#27;[0m&amp#27;[34m &amp#27;[0m&amp#27;[34m╟&amp#27;[0m&amp#27;[37m╢&amp#27;[0m&amp#27;[37m &amp#27;[0m&amp#27;[37m &amp#27;[0m&amp#27;[37mo&amp#27;[0m&amp#27;[37m &amp#27;[0m&amp#27;[37mo&amp#27;[0m&amp#27;[37m &amp#27;[0m&amp#27;[37m &amp#27;[0m&amp#27;[37m│&amp#27;[0m&amp#27;[34m│&amp#27;[0m&amp#27;[34m &amp#27;[0m&amp#27;[34m &amp#27;[0m&amp#27;[33m□&amp#27;[0m&amp#27;[32m□&amp#27;[0m&amp#27;[34m□&amp#27;[0m&amp#27;[34m &amp#27;[0m&amp#27;[34m &amp#27;[0m&amp#27;[34m│&amp#27;[0m         
    &amp#27;[37m└&amp#27;[0m&amp#27;[37m─&amp#27;[0m&amp#27;[37m─&amp#27;[0m&amp#27;[37m╦&amp#27;[0m&amp#27;[37m╦&amp#27;[0m&amp#27;[37m╦&amp#27;[0m&amp#27;[37m─&amp#27;[0m&amp#27;[37m─&amp#27;[0m&amp#27;[37m┘&amp#27;[0m&amp#27;[31m└&amp#27;[0m&amp#27;[31m─&amp#27;[0m&amp#27;[31m─&amp#27;[0m&amp#27;[31m─&amp#27;[0m&amp#27;[31m─&amp#27;[0m&amp#27;[31m─&amp#27;[0m&amp#27;[31m─&amp#27;[0m&amp#27;[31m─&amp#27;[0m&amp#27;[31m┘&amp#27;[0m&amp#27;[37m└&amp#27;[0m&amp#27;[37m─&amp#27;[0m&amp#27;[37m─&amp#27;[0m&amp#27;[37m─&amp#27;[0m&amp#27;[37m╦&amp#27;[0m&amp#27;[37m─&amp#27;[0m&amp#27;[37m─&amp#27;[0m&amp#27;[37m─&amp#27;[0m&amp#27;[37m┘&amp#27;[0m&amp#27;[34m└&amp#27;[0m&amp#27;[34m─&amp#27;[0m&amp#27;[34m─&amp#27;[0m&amp#27;[34m╦&amp#27;[0m&amp#27;[34m╦&amp#27;[0m&amp#27;[34m╦&amp#27;[0m&amp#27;[34m─&amp#27;[0m&amp#27;[34m─&amp#27;[0m&amp#27;[34m┘&amp#27;[0m&amp#27;[37m└&amp#27;[0m&amp#27;[37m─&amp#27;[0m&amp#27;[37m─&amp#27;[0m&amp#27;[37m╦&amp#27;[0m&amp#27;[37m─&amp#27;[0m&amp#27;[37m╦&amp#27;[0m&amp#27;[37m─&amp#27;[0m&amp#27;[37m─&amp#27;[0m&amp#27;[37m┘&amp#27;[0m&amp#27;[34m└&amp#27;[0m&amp#27;[34m─&amp#27;[0m&amp#27;[34m─&amp#27;[0m&amp#27;[34m╦&amp#27;[0m&amp#27;[34m─&amp#27;[0m&amp#27;[34m╦&amp#27;[0m&amp#27;[34m─&amp#27;[0m&amp#27;[34m─&amp#27;[0m&amp#27;[34m┘&amp#27;[0m         
    &amp#27;[37m┌&amp#27;[0m&amp#27;[37m─&amp#27;[0m&amp#27;[37m─&amp#27;[0m&amp#27;[37m─&amp#27;[0m&amp#27;[37m╩&amp#27;[0m&amp#27;[37m─&amp#27;[0m&amp#27;[37m─&amp#27;[0m&amp#27;[37m─&amp#27;[0m&amp#27;[37m┐&amp#27;[0m&amp#27;[33m┌&amp#27;[0m&amp#27;[33m─&amp#27;[0m&amp#27;[33m─&amp#27;[0m&amp#27;[33m─&amp#27;[0m&amp#27;[33m─&amp#27;[0m&amp#27;[33m─&amp#27;[0m&amp#27;[33m─&amp#27;[0m&amp#27;[33m─&amp#27;[0m&amp#27;[33m┐&amp#27;[0m&amp#27;[37m┌&amp#27;[0m&amp#27;[37m─&amp#27;[0m&amp#27;[37m─&amp#27;[0m&amp#27;[37m╩&amp#27;[0m&amp#27;[37m╩&amp#27;[0m&amp#27;[37m╩&amp#27;[0m&amp#27;[37m─&amp#27;[0m&amp#27;[37m─&amp#27;[0m&amp#27;[37m┐&amp#27;[0m&amp#27;[35m┌&amp#27;[0m&amp#27;[35m─&amp#27;[0m&amp#27;[35m─&amp#27;[0m&amp#27;[35m╩&amp#27;[0m&amp#27;[35m╩&amp#27;[0m&amp#27;[35m╩&amp#27;[0m&amp#27;[35m─&amp#27;[0m&amp#27;[35m─&amp#27;[0m&amp#27;[35m┐&amp#27;[0m&amp#27;[37m┌&amp#27;[0m&amp#27;[37m─&amp#27;[0m&amp#27;[37m─&amp#27;[0m&amp#27;[37m╩&amp#27;[0m&amp#27;[37m─&amp#27;[0m&amp#27;[37m╩&amp#27;[0m&amp#27;[37m─&amp#27;[0m&amp#27;[37m─&amp#27;[0m&amp#27;[37m┐&amp#27;[0m&amp#27;[37m┌&amp#27;[0m&amp#27;[37m─&amp#27;[0m&amp#27;[37m─&amp#27;[0m&amp#27;[37m╩&amp#27;[0m&amp#27;[37m╩&amp#27;[0m&amp#27;[37m╩&amp#27;[0m&amp#27;[37m─&amp#27;[0m&amp#27;[37m─&amp#27;[0m&amp#27;[37m┐&amp#27;[0m         
    &amp#27;[37m│&amp#27;[0m&amp#27;[37mh&amp#27;[0m&amp#27;[37mo&amp#27;[0m&amp#27;[37mu&amp#27;[0m&amp#27;[37ms&amp#27;[0m&amp#27;[37mi&amp#27;[0m&amp#27;[37mn&amp#27;[0m&amp#27;[37mg&amp#27;[0m&amp#27;[37m╟&amp#27;[0m&amp#27;[33m╢&amp#27;[0m&amp#27;[33ma&amp#27;[0m&amp#27;[33ml&amp#27;[0m&amp#27;[33mi&amp#27;[0m&amp#27;[33me&amp#27;[0m&amp#27;[33mn&amp#27;[0m&amp#27;[33m &amp#27;[0m&amp#27;[33m &amp#27;[0m&amp#27;[33m╟&amp#27;[0m&amp#27;[37m│&amp#27;[0m&amp#27;[37mh&amp#27;[0m&amp#27;[37mo&amp#27;[0m&amp#27;[37mu&amp#27;[0m&amp#27;[37ms&amp#27;[0m&amp#27;[37mi&amp#27;[0m&amp#27;[37mn&amp#27;[0m&amp#27;[37mg&amp#27;[0m&amp#27;[37m│&amp#27;[0m&amp#27;[35m│&amp#27;[0m&amp#27;[35ma&amp#27;[0m&amp#27;[35ml&amp#27;[0m&amp#27;[35mi&amp#27;[0m&amp#27;[35me&amp#27;[0m&amp#27;[35mn&amp#27;[0m&amp#27;[35m &amp#27;[0m&amp#27;[35m &amp#27;[0m&amp#27;[35m│&amp#27;[0m&amp#27;[37m│&amp#27;[0m&amp#27;[37me&amp#27;[0m&amp#27;[37mn&amp#27;[0m&amp#27;[37me&amp#27;[0m&amp#27;[37mr&amp#27;[0m&amp#27;[37mg&amp#27;[0m&amp#27;[37my&amp#27;[0m&amp#27;[37m &amp#27;[0m&amp#27;[37m│&amp#27;[0m&amp#27;[37m│&amp#27;[0m&amp#27;[37m &amp#27;[0m&amp#27;[37mp&amp#27;[0m&amp#27;[37mi&amp#27;[0m&amp#27;[37mp&amp#27;[0m&amp#27;[37me&amp#27;[0m&amp#27;[37m &amp#27;[0m&amp#27;[37m &amp#27;[0m&amp#27;[37m╟&amp#27;[0m         
8   &amp#27;[37m│&amp#27;[0m&amp#27;[37m &amp#27;[0m&amp#27;[37m &amp#27;[0m&amp#27;[37m &amp#27;[0m&amp#27;[37m &amp#27;[0m&amp#27;[37m &amp#27;[0m&amp#27;[37m &amp#27;[0m&amp#27;[37m &amp#27;[0m&amp#27;[37m│&amp#27;[0m&amp#27;[33m│&amp#27;[0m&amp#27;[33mm&amp#27;[0m&amp#27;[33mo&amp#27;[0m&amp#27;[33md&amp#27;[0m&amp#27;[33mu&amp#27;[0m&amp#27;[33ml&amp#27;[0m&amp#27;[33me&amp#27;[0m&amp#27;[33m &amp#27;[0m&amp#27;[33m╟&amp#27;[0m&amp#27;[37m╢&amp#27;[0m&amp#27;[37m &amp#27;[0m&amp#27;[37m &amp#27;[0m&amp#27;[37m &amp#27;[0m&amp#27;[37m &amp#27;[0m&amp#27;[37m &amp#27;[0m&amp#27;[37m &amp#27;[0m&amp#27;[37m &amp#27;[0m&amp#27;[37m│&amp#27;[0m&amp#27;[35m│&amp#27;[0m&amp#27;[35mm&amp#27;[0m&amp#27;[35mo&amp#27;[0m&amp#27;[35md&amp#27;[0m&amp#27;[35mu&amp#27;[0m&amp#27;[35ml&amp#27;[0m&amp#27;[35me&amp#27;[0m&amp#27;[35m &amp#27;[0m&amp#27;[35m│&amp#27;[0m&amp#27;[37m│&amp#27;[0m&amp#27;[37md&amp#27;[0m&amp#27;[37me&amp#27;[0m&amp#27;[37mp&amp#27;[0m&amp#27;[37mo&amp#27;[0m&amp#27;[37mt&amp#27;[0m&amp#27;[37m3&amp#27;[0m&amp#27;[37m &amp#27;[0m&amp#27;[37m│&amp#27;[0m&amp#27;[37m│&amp#27;[0m&amp#27;[37m &amp#27;[0m&amp#27;[37m &amp#27;[0m&amp#27;[37m &amp#27;[0m&amp#27;[37m &amp#27;[0m&amp#27;[37m &amp#27;[0m&amp#27;[37m &amp#27;[0m&amp#27;[37m &amp#27;[0m&amp#27;[37m│&amp#27;[0m         
    &amp#27;[37m│&amp#27;[0m&amp#27;[37m &amp#27;[0m&amp#27;[37m &amp#27;[0m&amp#27;[37m &amp#27;[0m&amp#27;[33m●&amp#27;[0m&amp#27;[37m &amp#27;[0m&amp#27;[37m &amp#27;[0m&amp#27;[37m &amp#27;[0m&amp#27;[37m╟&amp#27;[0m&amp#27;[33m╢&amp#27;[0m&amp#27;[33m &amp#27;[0m&amp#27;[33m &amp#27;[0m&amp#27;[33m &amp#27;[0m&amp#27;[33m &amp#27;[0m&amp#27;[33m &amp#27;[0m&amp#27;[33m &amp#27;[0m&amp#27;[33m &amp#27;[0m&amp#27;[33m╟&amp#27;[0m&amp#27;[37m│&amp#27;[0m&amp#27;[37m &amp#27;[0m&amp#27;[37m &amp#27;[0m&amp#27;[37mo&amp#27;[0m&amp#27;[37m &amp#27;[0m&amp#27;[37mo&amp#27;[0m&amp#27;[37m &amp#27;[0m&amp#27;[37m &amp#27;[0m&amp#27;[37m│&amp#27;[0m&amp#27;[35m│&amp#27;[0m&amp#27;[35m &amp#27;[0m&amp#27;[35m &amp#27;[0m&amp#27;[35m &amp#27;[0m&amp#27;[35m &amp#27;[0m&amp#27;[35m &amp#27;[0m&amp#27;[35m &amp#27;[0m&amp#27;[35m &amp#27;[0m&amp#27;[35m│&amp#27;[0m&amp#27;[37m│&amp#27;[0m&amp#27;[37m &amp#27;[0m&amp#27;[37m &amp#27;[0m&amp#27;[37m▓&amp#27;[0m&amp#27;[37m▓&amp#27;[0m&amp#27;[37m▓&amp#27;[0m&amp#27;[37m &amp#27;[0m&amp#27;[37m &amp#27;[0m&amp#27;[37m│&amp#27;[0m&amp#27;[37m│&amp#27;[0m&amp#27;[37m &amp#27;[0m&amp#27;[37m &amp#27;[0m&amp#27;[37m &amp#27;[0m&amp#27;[37m &amp#27;[0m&amp#27;[37m &amp#27;[0m&amp#27;[37m &amp#27;[0m&amp#27;[37m &amp#27;[0m&amp#27;[37m╟&amp#27;[0m         
    &amp#27;[37m└&amp#27;[0m&amp#27;[37m─&amp#27;[0m&amp#27;[37m─&amp#27;[0m&amp#27;[37m─&amp#27;[0m&amp#27;[37m─&amp#27;[0m&amp#27;[37m─&amp#27;[0m&amp#27;[37m─&amp#27;[0m&amp#27;[37m─&amp#27;[0m&amp#27;[37m┘&amp#27;[0m&amp#27;[33m└&amp#27;[0m&amp#27;[33m─&amp#27;[0m&amp#27;[33m─&amp#27;[0m&amp#27;[33m─&amp#27;[0m&amp#27;[33m─&amp#27;[0m&amp#27;[33m─&amp#27;[0m&amp#27;[33m─&amp#27;[0m&amp#27;[33m─&amp#27;[0m&amp#27;[33m┘&amp#27;[0m&amp#27;[37m└&amp#27;[0m&amp#27;[37m─&amp#27;[0m&amp#27;[37m─&amp#27;[0m&amp#27;[37m─&amp#27;[0m&amp#27;[37m╦&amp#27;[0m&amp#27;[37m─&amp#27;[0m&amp#27;[37m─&amp#27;[0m&amp#27;[37m─&amp#27;[0m&amp#27;[37m┘&amp#27;[0m&amp#27;[35m└&amp#27;[0m&amp#27;[35m─&amp#27;[0m&amp#27;[35m─&amp#27;[0m&amp#27;[35m─&amp#27;[0m&amp#27;[35m─&amp#27;[0m&amp#27;[35m─&amp#27;[0m&amp#27;[35m─&amp#27;[0m&amp#27;[35m─&amp#27;[0m&amp#27;[35m┘&amp#27;[0m&amp#27;[37m└&amp#27;[0m&amp#27;[37m─&amp#27;[0m&amp#27;[37m─&amp#27;[0m&amp#27;[37m─&amp#27;[0m&amp#27;[37m╦&amp#27;[0m&amp#27;[37m─&amp#27;[0m&amp#27;[37m─&amp#27;[0m&amp#27;[37m─&amp#27;[0m&amp#27;[37m┘&amp#27;[0m&amp#27;[37m└&amp#27;[0m&amp#27;[37m─&amp#27;[0m&amp#27;[37m─&amp#27;[0m&amp#27;[37m╦&amp#27;[0m&amp#27;[37m╦&amp#27;[0m&amp#27;[37m╦&amp#27;[0m&amp#27;[37m─&amp#27;[0m&amp#27;[37m─&amp#27;[0m&amp#27;[37m┘&amp#27;[0m         
    &amp#27;[37m┌&amp#27;[0m&amp#27;[37m─&amp#27;[0m&amp#27;[37m─&amp#27;[0m&amp#27;[37m─&amp#27;[0m&amp#27;[37m─&amp#27;[0m&amp#27;[37m─&amp#27;[0m&amp#27;[37m─&amp#27;[0m&amp#27;[37m─&amp#27;[0m&amp#27;[37m┐&amp#27;[0m&amp#27;[37m┌&amp#27;[0m&amp#27;[37m─&amp#27;[0m&amp#27;[37m─&amp#27;[0m&amp#27;[37m─&amp#27;[0m&amp#27;[37m─&amp#27;[0m&amp#27;[37m─&amp#27;[0m&amp#27;[37m─&amp#27;[0m&amp#27;[37m─&amp#27;[0m&amp#27;[37m┐&amp#27;[0m&amp#27;[31m┌&amp#27;[0m&amp#27;[31m─&amp#27;[0m&amp#27;[31m─&amp#27;[0m&amp#27;[31m╩&amp#27;[0m&amp#27;[31m╩&amp#27;[0m&amp#27;[31m╩&amp#27;[0m&amp#27;[31m─&amp#27;[0m&amp#27;[31m─&amp#27;[0m&amp#27;[31m┐&amp#27;[0m         &amp#27;[37m┌&amp#27;[0m&amp#27;[37m─&amp#27;[0m&amp#27;[37m─&amp#27;[0m&amp#27;[37m─&amp#27;[0m&amp#27;[37m╩&amp#27;[0m&amp#27;[37m─&amp#27;[0m&amp#27;[37m─&amp#27;[0m&amp#27;[37m─&amp#27;[0m&amp#27;[37m┐&amp#27;[0m&amp#27;[37m┌&amp#27;[0m&amp#27;[37m─&amp#27;[0m&amp#27;[37m─&amp#27;[0m&amp#27;[37m─&amp#27;[0m&amp#27;[37m╩&amp#27;[0m&amp#27;[37m─&amp#27;[0m&amp#27;[37m─&amp#27;[0m&amp#27;[37m─&amp#27;[0m&amp#27;[37m┐&amp#27;[0m&amp#27;[37m┌&amp#27;[0m&amp#27;[37m─&amp#27;[0m&amp#27;[37m─&amp#27;[0m&amp#27;[37m─&amp#27;[0m&amp#27;[37m╩&amp#27;[0m&amp#27;[37m─&amp#27;[0m&amp#27;[37m─&amp#27;[0m&amp#27;[37m─&amp#27;[0m&amp#27;[37m┐&amp#27;[0m
    &amp#27;[37m│&amp#27;[0m&amp#27;[37me&amp#27;[0m&amp#27;[37mn&amp#27;[0m&amp#27;[37mg&amp#27;[0m&amp#27;[37mi&amp#27;[0m&amp#27;[37mn&amp#27;[0m&amp#27;[37me&amp#27;[0m&amp#27;[37m &amp#27;[0m&amp#27;[37m╟&amp#27;[0m&amp#27;[37m│&amp#27;[0m&amp#27;[37m &amp#27;[0m&amp#27;[37md&amp#27;[0m&amp#27;[37mr&amp#27;[0m&amp#27;[37mi&amp#27;[0m&amp#27;[37ml&amp#27;[0m&amp#27;[37ml&amp#27;[0m&amp#27;[37m &amp#27;[0m&amp#27;[37m╟&amp#27;[0m&amp#27;[31m╢&amp#27;[0m&amp#27;[31ms&amp#27;[0m&amp#27;[31mi&amp#27;[0m&amp#27;[31mn&amp#27;[0m&amp#27;[31mg&amp#27;[0m&amp#27;[31ml&amp#27;[0m&amp#27;[31me&amp#27;[0m&amp#27;[31m &amp#27;[0m&amp#27;[31m│&amp#27;[0m         &amp#27;[37m│&amp#27;[0m&amp#27;[37me&amp#27;[0m&amp#27;[37mn&amp#27;[0m&amp#27;[37mg&amp#27;[0m&amp#27;[37mi&amp#27;[0m&amp#27;[37mn&amp#27;[0m&amp#27;[37me&amp#27;[0m&amp#27;[37m &amp#27;[0m&amp#27;[37m│&amp#27;[0m&amp#27;[37m│&amp#27;[0m&amp#27;[37md&amp#27;[0m&amp#27;[37mo&amp#27;[0m&amp#27;[37mu&amp#27;[0m&amp#27;[37mb&amp#27;[0m&amp#27;[37ml&amp#27;[0m&amp#27;[37me&amp#27;[0m&amp#27;[37m &amp#27;[0m&amp#27;[37m╟&amp#27;[0m&amp#27;[37m╢&amp#27;[0m&amp#27;[37me&amp#27;[0m&amp#27;[37mn&amp#27;[0m&amp#27;[37mg&amp#27;[0m&amp#27;[37mi&amp#27;[0m&amp#27;[37mn&amp#27;[0m&amp#27;[37me&amp#27;[0m&amp#27;[37m &amp#27;[0m&amp#27;[37m│&amp#27;[0m
9   &amp#27;[37m│&amp#27;[0m&amp#27;[37m &amp#27;[0m&amp#27;[37m &amp#27;[0m&amp#27;[37m &amp#27;[0m&amp#27;[37m &amp#27;[0m&amp#27;[37m &amp#27;[0m&amp#27;[37m &amp#27;[0m&amp#27;[37m &amp#27;[0m&amp#27;[37m╟&amp#27;[0m&amp#27;[37m╢&amp#27;[0m&amp#27;[37m &amp#27;[0m&amp#27;[37m &amp#27;[0m&amp#27;[37m &amp#27;[0m&amp#27;[37m &amp#27;[0m&amp#27;[37m &amp#27;[0m&amp#27;[37m &amp#27;[0m&amp#27;[37m &amp#27;[0m&amp#27;[37m│&amp#27;[0m&amp#27;[31m╢&amp#27;[0m&amp#27;[31m &amp#27;[0m&amp#27;[31md&amp#27;[0m&amp#27;[31me&amp#27;[0m&amp#27;[31mp&amp#27;[0m&amp#27;[31mo&amp#27;[0m&amp#27;[31mt&amp#27;[0m&amp#27;[31m &amp#27;[0m&amp#27;[31m│&amp#27;[0m         &amp#27;[37m│&amp#27;[0m&amp#27;[37m &amp#27;[0m&amp#27;[37m &amp#27;[0m&amp#27;[37m &amp#27;[0m&amp#27;[37m &amp#27;[0m&amp#27;[37m &amp#27;[0m&amp#27;[37m &amp#27;[0m&amp#27;[37m &amp#27;[0m&amp#27;[37m│&amp#27;[0m&amp#27;[37m│&amp#27;[0m&amp#27;[37me&amp#27;[0m&amp#27;[37mn&amp#27;[0m&amp#27;[37mg&amp#27;[0m&amp#27;[37mi&amp#27;[0m&amp#27;[37mn&amp#27;[0m&amp#27;[37me&amp#27;[0m&amp#27;[37m &amp#27;[0m&amp#27;[37m╟&amp#27;[0m&amp#27;[37m╢&amp#27;[0m&amp#27;[37m &amp#27;[0m&amp#27;[37m &amp#27;[0m&amp#27;[37m &amp#27;[0m&amp#27;[37m &amp#27;[0m&amp#27;[37m &amp#27;[0m&amp#27;[37m &amp#27;[0m&amp#27;[37m &amp#27;[0m&amp#27;[37m│&amp#27;[0m
    &amp#27;[37m│&amp#27;[0m&amp#27;[37m &amp#27;[0m&amp#27;[37m &amp#27;[0m&amp#27;[37m &amp#27;[0m&amp#27;[37m↓&amp#27;[0m&amp#27;[37m &amp#27;[0m&amp#27;[37m &amp#27;[0m&amp#27;[37m &amp#27;[0m&amp#27;[37m╟&amp#27;[0m&amp#27;[37m│&amp#27;[0m&amp#27;[37m &amp#27;[0m&amp#27;[37m &amp#27;[0m&amp#27;[37m &amp#27;[0m&amp#27;[37m↓&amp#27;[0m&amp#27;[37m &amp#27;[0m&amp#27;[37m &amp#27;[0m&amp#27;[37m &amp#27;[0m&amp#27;[37m╟&amp#27;[0m&amp#27;[31m╢&amp#27;[0m&amp#27;[31m &amp#27;[0m&amp#27;[31m &amp#27;[0m&amp#27;[31m□&amp#27;[0m&amp#27;[31m &amp#27;[0m&amp#27;[31m &amp#27;[0m&amp#27;[31m &amp#27;[0m&amp#27;[31m &amp#27;[0m&amp#27;[31m│&amp#27;[0m         &amp#27;[37m│&amp#27;[0m&amp#27;[37m &amp#27;[0m&amp#27;[37m &amp#27;[0m&amp#27;[37m &amp#27;[0m&amp#27;[37m↓&amp#27;[0m&amp#27;[37m &amp#27;[0m&amp#27;[37m &amp#27;[0m&amp#27;[37m &amp#27;[0m&amp#27;[37m│&amp#27;[0m&amp#27;[37m│&amp#27;[0m&amp#27;[37m &amp#27;[0m&amp#27;[37m &amp#27;[0m&amp#27;[37m &amp#27;[0m&amp#27;[37m↓&amp#27;[0m&amp#27;[37m &amp#27;[0m&amp#27;[37m &amp#27;[0m&amp#27;[37m &amp#27;[0m&amp#27;[37m╟&amp#27;[0m&amp#27;[37m╢&amp#27;[0m&amp#27;[37m &amp#27;[0m&amp#27;[37m &amp#27;[0m&amp#27;[37m &amp#27;[0m&amp#27;[37m↓&amp#27;[0m&amp#27;[37m &amp#27;[0m&amp#27;[37m &amp#27;[0m&amp#27;[37m &amp#27;[0m&amp#27;[37m│&amp#27;[0m
    &amp#27;[37m└&amp#27;[0m&amp#27;[37m─&amp#27;[0m&amp#27;[37m─&amp#27;[0m&amp#27;[37m─&amp#27;[0m&amp#27;[37m─&amp#27;[0m&amp#27;[37m─&amp#27;[0m&amp#27;[37m─&amp#27;[0m&amp#27;[37m─&amp#27;[0m&amp#27;[37m┘&amp#27;[0m&amp#27;[37m└&amp#27;[0m&amp#27;[37m─&amp#27;[0m&amp#27;[37m─&amp#27;[0m&amp#27;[37m─&amp#27;[0m&amp#27;[37m─&amp#27;[0m&amp#27;[37m─&amp#27;[0m&amp#27;[37m─&amp#27;[0m&amp#27;[37m─&amp#27;[0m&amp#27;[37m┘&amp#27;[0m&amp#27;[31m└&amp#27;[0m&amp#27;[31m─&amp#27;[0m&amp#27;[31m─&amp#27;[0m&amp#27;[31m─&amp#27;[0m&amp#27;[31m─&amp#27;[0m&amp#27;[31m─&amp#27;[0m&amp#27;[31m─&amp#27;[0m&amp#27;[31m─&amp#27;[0m&amp#27;[31m┘&amp#27;[0m         &amp#27;[37m└&amp#27;[0m&amp#27;[37m─&amp#27;[0m&amp#27;[37m─&amp#27;[0m&amp#27;[37m─&amp#27;[0m&amp#27;[37m─&amp#27;[0m&amp#27;[37m─&amp#27;[0m&amp#27;[37m─&amp#27;[0m&amp#27;[37m─&amp#27;[0m&amp#27;[37m┘&amp#27;[0m&amp#27;[37m└&amp#27;[0m&amp#27;[37m─&amp#27;[0m&amp#27;[37m─&amp#27;[0m&amp#27;[37m─&amp#27;[0m&amp#27;[37m─&amp#27;[0m&amp#27;[37m─&amp#27;[0m&amp#27;[37m─&amp#27;[0m&amp#27;[37m─&amp#27;[0m&amp#27;[37m┘&amp#27;[0m&amp#27;[37m└&amp#27;[0m&amp#27;[37m─&amp#27;[0m&amp#27;[37m─&amp#27;[0m&amp#27;[37m─&amp#27;[0m&amp#27;[37m─&amp#27;[0m&amp#27;[37m─&amp#27;[0m&amp#27;[37m─&amp#27;[0m&amp#27;[37m─&amp#27;[0m&amp#27;[37m┘&amp#27;[0m
]]></system-out>
  </testcase>
</testsuite>